<?xml version="1.0" encoding="UTF-8"?>
<coverage generated="1775677379942" clover="3.2.0">
  <project timestamp="1775677379942" name="All files">
    <metrics statements="688" coveredstatements="668" conditionals="354" coveredconditionals="308" methods="184" coveredmethods="172" elements="1226" coveredelements="1148" complexity="0" loc="688" ncloc="688" packages="23" files="35" classes="35"/>
    <package name="ribbon">
      <metrics statements="25" coveredstatements="25" conditionals="22" coveredconditionals="17" methods="7" coveredmethods="7"/>
      <file name="RibbonApp.tsx" path="C:\Users\Dragus\Documents\Obsidian Vault\.obsidian\plugins\onenote-ribbon\src\ribbon\RibbonApp.tsx">
        <metrics statements="13" coveredstatements="13" conditionals="16" coveredconditionals="11" methods="3" coveredmethods="3"/>
        <line num="1" count="1" type="stmt"/>
        <line num="2" count="1" type="stmt"/>
        <line num="3" count="1" type="stmt"/>
        <line num="4" count="1" type="stmt"/>
        <line num="5" count="1" type="stmt"/>
        <line num="6" count="1" type="stmt"/>
        <line num="7" count="1" type="stmt"/>
        <line num="8" count="1" type="stmt"/>
        <line num="9" count="1" type="stmt"/>
        <line num="11" count="1" type="stmt"/>
        <line num="12" count="6" type="stmt"/>
        <line num="14" count="6" type="stmt"/>
        <line num="21" count="1" type="stmt"/>
      </file>
      <file name="TabBar.tsx" path="C:\Users\Dragus\Documents\Obsidian Vault\.obsidian\plugins\onenote-ribbon\src\ribbon\TabBar.tsx">
        <metrics statements="5" coveredstatements="5" conditionals="6" coveredconditionals="6" methods="3" coveredmethods="3"/>
        <line num="1" count="1" type="stmt"/>
        <line num="11" count="1" type="stmt"/>
        <line num="18" count="13" type="stmt"/>
        <line num="21" count="91" type="stmt"/>
        <line num="24" count="2" type="stmt"/>
      </file>
      <file name="tabs.ts" path="C:\Users\Dragus\Documents\Obsidian Vault\.obsidian\plugins\onenote-ribbon\src\ribbon\tabs.ts">
        <metrics statements="1" coveredstatements="1" conditionals="0" coveredconditionals="0" methods="0" coveredmethods="0"/>
        <line num="1" count="1" type="stmt"/>
      </file>
      <file name="useRibbonState.ts" path="C:\Users\Dragus\Documents\Obsidian Vault\.obsidian\plugins\onenote-ribbon\src\ribbon\useRibbonState.ts">
        <metrics statements="6" coveredstatements="6" conditionals="0" coveredconditionals="0" methods="1" coveredmethods="1"/>
        <line num="1" count="1" type="stmt"/>
        <line num="4" count="1" type="stmt"/>
        <line num="5" count="15" type="stmt"/>
        <line num="6" count="15" type="stmt"/>
        <line num="7" count="15" type="stmt"/>
        <line num="8" count="15" type="stmt"/>
      </file>
    </package>
    <package name="shared">
      <metrics statements="67" coveredstatements="67" conditionals="44" coveredconditionals="43" methods="4" coveredmethods="4"/>
      <file name="toggleInline.ts" path="C:\Users\Dragus\Documents\Obsidian Vault\.obsidian\plugins\onenote-ribbon\src\shared\toggleInline.ts">
        <metrics statements="11" coveredstatements="11" conditionals="14" coveredconditionals="14" methods="1" coveredmethods="1"/>
        <line num="1" count="5" type="stmt"/>
        <line num="2" count="53" type="cond" truecount="2" falsecount="0"/>
        <line num="3" count="53" type="stmt"/>
        <line num="4" count="53" type="cond" truecount="2" falsecount="0"/>
        <line num="10" count="41" type="cond" truecount="4" falsecount="0"/>
        <line num="17" count="41" type="cond" truecount="2" falsecount="0"/>
        <line num="18" count="12" type="stmt"/>
        <line num="20" count="29" type="stmt"/>
        <line num="23" count="12" type="stmt"/>
        <line num="24" count="12" type="stmt"/>
        <line num="25" count="12" type="stmt"/>
      </file>
      <file name="toggleLinePrefix.ts" path="C:\Users\Dragus\Documents\Obsidian Vault\.obsidian\plugins\onenote-ribbon\src\shared\toggleLinePrefix.ts">
        <metrics statements="21" coveredstatements="21" conditionals="14" coveredconditionals="14" methods="1" coveredmethods="1"/>
        <line num="1" count="5" type="stmt"/>
        <line num="2" count="57" type="stmt"/>
        <line num="3" count="57" type="stmt"/>
        <line num="6" count="57" type="stmt"/>
        <line num="7" count="57" type="stmt"/>
        <line num="10" count="57" type="cond" truecount="4" falsecount="0"/>
        <line num="11" count="9" type="stmt"/>
        <line num="12" count="24" type="cond" truecount="2" falsecount="0"/>
        <line num="13" count="6" type="stmt"/>
        <line num="14" count="6" type="stmt"/>
        <line num="19" count="57" type="cond" truecount="4" falsecount="0"/>
        <line num="20" count="23" type="stmt"/>
        <line num="21" count="23" type="stmt"/>
        <line num="22" count="57" type="cond" truecount="2" falsecount="0"/>
        <line num="23" count="9" type="stmt"/>
        <line num="24" count="9" type="stmt"/>
        <line num="25" count="9" type="stmt"/>
        <line num="30" count="57" type="cond" truecount="2" falsecount="0"/>
        <line num="31" count="24" type="stmt"/>
        <line num="33" count="33" type="stmt"/>
        <line num="37" count="33" type="stmt"/>
      </file>
      <file name="toggleSubSup.ts" path="C:\Users\Dragus\Documents\Obsidian Vault\.obsidian\plugins\onenote-ribbon\src\shared\toggleSubSup.ts">
        <metrics statements="35" coveredstatements="35" conditionals="16" coveredconditionals="15" methods="2" coveredmethods="2"/>
        <line num="1" count="3" type="stmt"/>
        <line num="2" count="22" type="stmt"/>
        <line num="3" count="22" type="stmt"/>
        <line num="4" count="22" type="cond" truecount="2" falsecount="0"/>
        <line num="5" count="22" type="stmt"/>
        <line num="6" count="22" type="stmt"/>
        <line num="8" count="22" type="stmt"/>
        <line num="9" count="22" type="stmt"/>
        <line num="10" count="22" type="stmt"/>
        <line num="14" count="22" type="stmt"/>
        <line num="15" count="44" type="stmt"/>
        <line num="16" count="44" type="stmt"/>
        <line num="17" count="44" type="stmt"/>
        <line num="18" count="44" type="stmt"/>
        <line num="19" count="46" type="stmt"/>
        <line num="20" count="46" type="cond" truecount="2" falsecount="0"/>
        <line num="21" count="14" type="stmt"/>
        <line num="22" count="14" type="cond" truecount="1" falsecount="1"/>
        <line num="23" count="14" type="cond" truecount="4" falsecount="0"/>
        <line num="24" count="9" type="stmt"/>
        <line num="26" count="5" type="stmt"/>
        <line num="28" count="35" type="stmt"/>
        <line num="31" count="22" type="stmt"/>
        <line num="32" count="22" type="stmt"/>
        <line num="34" count="22" type="cond" truecount="2" falsecount="0"/>
        <line num="36" count="4" type="stmt"/>
        <line num="37" count="4" type="stmt"/>
        <line num="41" count="18" type="cond" truecount="2" falsecount="0"/>
        <line num="43" count="5" type="stmt"/>
        <line num="44" count="5" type="stmt"/>
        <line num="54" count="13" type="stmt"/>
        <line num="55" count="13" type="cond" truecount="2" falsecount="0"/>
        <line num="56" count="4" type="stmt"/>
        <line num="58" count="9" type="stmt"/>
        <line num="59" count="9" type="stmt"/>
      </file>
    </package>
    <package name="shared.components">
      <metrics statements="50" coveredstatements="46" conditionals="49" coveredconditionals="42" methods="18" coveredmethods="15"/>
      <file name="Dropdown.tsx" path="C:\Users\Dragus\Documents\Obsidian Vault\.obsidian\plugins\onenote-ribbon\src\shared\components\Dropdown.tsx">
        <metrics statements="42" coveredstatements="38" conditionals="40" coveredconditionals="33" methods="15" coveredmethods="12"/>
        <line num="1" count="7" type="stmt"/>
        <line num="2" count="7" type="stmt"/>
        <line num="12" count="7" type="stmt"/>
        <line num="13" count="62" type="stmt"/>
        <line num="14" count="62" type="stmt"/>
        <line num="16" count="62" type="stmt"/>
        <line num="17" count="31" type="cond" truecount="1" falsecount="1"/>
        <line num="18" count="31" type="stmt"/>
        <line num="19" count="31" type="stmt"/>
        <line num="20" count="31" type="stmt"/>
        <line num="21" count="31" type="cond" truecount="2" falsecount="0"/>
        <line num="22" count="31" type="cond" truecount="1" falsecount="1"/>
        <line num="23" count="31" type="cond" truecount="1" falsecount="1"/>
        <line num="24" count="31" type="stmt"/>
        <line num="27" count="62" type="stmt"/>
        <line num="28" count="31" type="stmt"/>
        <line num="29" count="1" type="cond" truecount="3" falsecount="1"/>
        <line num="30" count="0" type="stmt"/>
        <line num="33" count="31" type="stmt"/>
        <line num="34" count="31" type="stmt"/>
        <line num="35" count="31" type="stmt"/>
        <line num="36" count="31" type="stmt"/>
        <line num="40" count="62" type="cond" truecount="2" falsecount="0"/>
        <line num="41" count="62" type="cond" truecount="2" falsecount="0"/>
        <line num="42" count="62" type="cond" truecount="2" falsecount="0"/>
        <line num="43" count="62" type="stmt"/>
        <line num="45" count="62" type="stmt"/>
        <line num="67" count="626" type="cond" truecount="2" falsecount="0"/>
        <line num="81" count="618" type="stmt"/>
        <line num="82" count="618" type="stmt"/>
        <line num="96" count="0" type="stmt"/>
        <line num="97" count="0" type="stmt"/>
        <line num="98" count="0" type="stmt"/>
        <line num="100" count="21" type="cond" truecount="2" falsecount="0"/>
        <line num="101" count="20" type="stmt"/>
        <line num="102" count="20" type="stmt"/>
        <line num="103" count="20" type="stmt"/>
        <line num="117" count="276" type="stmt"/>
        <line num="118" count="276" type="stmt"/>
        <line num="119" count="698" type="stmt"/>
        <line num="120" count="698" type="cond" truecount="3" falsecount="1"/>
        <line num="122" count="276" type="stmt"/>
      </file>
      <file name="GroupShell.tsx" path="C:\Users\Dragus\Documents\Obsidian Vault\.obsidian\plugins\onenote-ribbon\src\shared\components\GroupShell.tsx">
        <metrics statements="2" coveredstatements="2" conditionals="0" coveredconditionals="0" methods="1" coveredmethods="1"/>
        <line num="10" count="16" type="stmt"/>
        <line num="11" count="333" type="stmt"/>
      </file>
      <file name="RibbonButton.tsx" path="C:\Users\Dragus\Documents\Obsidian Vault\.obsidian\plugins\onenote-ribbon\src\shared\components\RibbonButton.tsx">
        <metrics statements="6" coveredstatements="6" conditionals="9" coveredconditionals="9" methods="2" coveredmethods="2"/>
        <line num="16" count="17" type="stmt"/>
        <line num="21" count="3040" type="stmt"/>
        <line num="22" count="1" type="stmt"/>
        <line num="23" count="1" type="stmt"/>
        <line num="24" count="1" type="stmt"/>
        <line num="27" count="3040" type="stmt"/>
      </file>
    </package>
    <package name="shared.context">
      <metrics statements="6" coveredstatements="6" conditionals="0" coveredconditionals="0" methods="2" coveredmethods="2"/>
      <file name="AppContext.ts" path="C:\Users\Dragus\Documents\Obsidian Vault\.obsidian\plugins\onenote-ribbon\src\shared\context\AppContext.ts">
        <metrics statements="3" coveredstatements="3" conditionals="0" coveredconditionals="0" methods="1" coveredmethods="1"/>
        <line num="1" count="16" type="stmt"/>
        <line num="4" count="16" type="stmt"/>
        <line num="5" count="339" type="stmt"/>
      </file>
      <file name="FormatPainterContext.ts" path="C:\Users\Dragus\Documents\Obsidian Vault\.obsidian\plugins\onenote-ribbon\src\shared\context\FormatPainterContext.ts">
        <metrics statements="3" coveredstatements="3" conditionals="0" coveredconditionals="0" methods="1" coveredmethods="1"/>
        <line num="1" count="15" type="stmt"/>
        <line num="11" count="15" type="stmt"/>
        <line num="12" count="46" type="stmt"/>
      </file>
    </package>
    <package name="shared.hooks">
      <metrics statements="46" coveredstatements="46" conditionals="20" coveredconditionals="19" methods="11" coveredmethods="9"/>
      <file name="useEditorState.ts" path="C:\Users\Dragus\Documents\Obsidian Vault\.obsidian\plugins\onenote-ribbon\src\shared\hooks\useEditorState.ts">
        <metrics statements="39" coveredstatements="39" conditionals="20" coveredconditionals="19" methods="8" coveredmethods="6"/>
        <line num="1" count="2" type="stmt"/>
        <line num="19" count="2" type="stmt"/>
        <line num="27" count="2" type="stmt"/>
        <line num="28" count="215" type="stmt"/>
        <line num="30" count="215" type="stmt"/>
        <line num="31" count="110" type="stmt"/>
        <line num="32" count="106" type="stmt"/>
        <line num="33" count="106" type="cond" truecount="2" falsecount="0"/>
        <line num="35" count="105" type="stmt"/>
        <line num="36" count="105" type="stmt"/>
        <line num="37" count="105" type="stmt"/>
        <line num="38" count="105" type="stmt"/>
        <line num="40" count="105" type="stmt"/>
        <line num="42" count="105" type="stmt"/>
        <line num="43" count="210" type="stmt"/>
        <line num="44" count="210" type="stmt"/>
        <line num="45" count="211" type="stmt"/>
        <line num="46" count="211" type="cond" truecount="2" falsecount="0"/>
        <line num="47" count="17" type="stmt"/>
        <line num="48" count="17" type="cond" truecount="1" falsecount="1"/>
        <line num="49" count="17" type="cond" truecount="4" falsecount="0"/>
        <line num="50" count="10" type="stmt"/>
        <line num="52" count="203" type="stmt"/>
        <line num="55" count="105" type="stmt"/>
        <line num="71" count="110" type="stmt"/>
        <line num="72" count="110" type="cond" truecount="2" falsecount="0"/>
        <line num="73" count="110" type="stmt"/>
        <line num="74" count="110" type="stmt"/>
        <line num="76" count="110" type="stmt"/>
        <line num="77" count="110" type="stmt"/>
        <line num="78" count="110" type="stmt"/>
        <line num="79" count="110" type="stmt"/>
        <line num="81" count="110" type="stmt"/>
        <line num="83" count="110" type="stmt"/>
        <line num="84" count="110" type="stmt"/>
        <line num="85" count="110" type="stmt"/>
        <line num="86" count="110" type="stmt"/>
        <line num="87" count="110" type="stmt"/>
        <line num="91" count="215" type="stmt"/>
      </file>
      <file name="useFormatPainter.ts" path="C:\Users\Dragus\Documents\Obsidian Vault\.obsidian\plugins\onenote-ribbon\src\shared\hooks\useFormatPainter.ts">
        <metrics statements="7" coveredstatements="7" conditionals="0" coveredconditionals="0" methods="3" coveredmethods="3"/>
        <line num="1" count="2" type="stmt"/>
        <line num="10" count="2" type="stmt"/>
        <line num="11" count="10" type="stmt"/>
        <line num="12" count="10" type="stmt"/>
        <line num="14" count="10" type="stmt"/>
        <line num="15" count="10" type="stmt"/>
        <line num="17" count="10" type="stmt"/>
      </file>
    </package>
    <package name="tabs.home">
      <metrics statements="37" coveredstatements="27" conditionals="15" coveredconditionals="4" methods="6" coveredmethods="4"/>
      <file name="HomeTabPanel.tsx" path="C:\Users\Dragus\Documents\Obsidian Vault\.obsidian\plugins\onenote-ribbon\src\tabs\home\HomeTabPanel.tsx">
        <metrics statements="37" coveredstatements="27" conditionals="15" coveredconditionals="4" methods="6" coveredmethods="4"/>
        <line num="1" count="1" type="stmt"/>
        <line num="2" count="1" type="stmt"/>
        <line num="3" count="1" type="stmt"/>
        <line num="4" count="1" type="stmt"/>
        <line num="5" count="1" type="stmt"/>
        <line num="6" count="1" type="stmt"/>
        <line num="7" count="1" type="stmt"/>
        <line num="8" count="1" type="stmt"/>
        <line num="9" count="1" type="stmt"/>
        <line num="10" count="1" type="stmt"/>
        <line num="11" count="1" type="stmt"/>
        <line num="12" count="1" type="stmt"/>
        <line num="13" count="1" type="stmt"/>
        <line num="15" count="1" type="stmt"/>
        <line num="16" count="4" type="stmt"/>
        <line num="17" count="4" type="stmt"/>
        <line num="18" count="4" type="stmt"/>
        <line num="19" count="4" type="stmt"/>
        <line num="21" count="4" type="stmt"/>
        <line num="22" count="4" type="stmt"/>
        <line num="23" count="4" type="cond" truecount="2" falsecount="2"/>
        <line num="24" count="0" type="stmt"/>
        <line num="25" count="0" type="stmt"/>
        <line num="29" count="4" type="stmt"/>
        <line num="30" count="4" type="stmt"/>
        <line num="31" count="0" type="cond" truecount="0" falsecount="2"/>
        <line num="32" count="0" type="cond" truecount="0" falsecount="2"/>
        <line num="33" count="0" type="stmt"/>
        <line num="34" count="0" type="stmt"/>
        <line num="35" count="0" type="stmt"/>
        <line num="36" count="0" type="stmt"/>
        <line num="37" count="0" type="cond" truecount="0" falsecount="5"/>
        <line num="38" count="0" type="stmt"/>
        <line num="41" count="4" type="cond" truecount="2" falsecount="0"/>
        <line num="42" count="4" type="stmt"/>
        <line num="43" count="4" type="stmt"/>
        <line num="46" count="4" type="stmt"/>
      </file>
    </package>
    <package name="tabs.home.basic-text">
      <metrics statements="103" coveredstatements="101" conditionals="55" coveredconditionals="51" methods="38" coveredmethods="38"/>
      <file name="BasicTextGroup.tsx" path="C:\Users\Dragus\Documents\Obsidian Vault\.obsidian\plugins\onenote-ribbon\src\tabs\home\basic-text\BasicTextGroup.tsx">
        <metrics statements="93" coveredstatements="91" conditionals="49" coveredconditionals="45" methods="36" coveredmethods="36"/>
        <line num="1" count="2" type="stmt"/>
        <line num="2" count="2" type="stmt"/>
        <line num="3" count="2" type="stmt"/>
        <line num="4" count="2" type="stmt"/>
        <line num="6" count="2" type="stmt"/>
        <line num="7" count="2" type="stmt"/>
        <line num="8" count="2" type="stmt"/>
        <line num="9" count="2" type="stmt"/>
        <line num="10" count="2" type="stmt"/>
        <line num="11" count="2" type="stmt"/>
        <line num="17" count="2" type="stmt"/>
        <line num="18" count="142" type="stmt"/>
        <line num="19" count="142" type="stmt"/>
        <line num="20" count="142" type="stmt"/>
        <line num="22" count="142" type="stmt"/>
        <line num="23" count="142" type="stmt"/>
        <line num="24" count="142" type="stmt"/>
        <line num="25" count="142" type="stmt"/>
        <line num="26" count="142" type="stmt"/>
        <line num="27" count="142" type="stmt"/>
        <line num="28" count="142" type="stmt"/>
        <line num="29" count="142" type="stmt"/>
        <line num="31" count="142" type="cond" truecount="0" falsecount="1"/>
        <line num="32" count="19" type="stmt"/>
        <line num="33" count="19" type="cond" truecount="2" falsecount="0"/>
        <line num="34" count="17" type="stmt"/>
        <line num="37" count="142" type="stmt"/>
        <line num="51" count="142" type="stmt"/>
        <line num="52" count="142" type="stmt"/>
        <line num="65" count="142" type="stmt"/>
        <line num="82" count="5" type="stmt"/>
        <line num="90" count="3" type="stmt"/>
        <line num="98" count="9" type="stmt"/>
        <line num="99" count="9" type="cond" truecount="2" falsecount="0"/>
        <line num="107" count="7" type="stmt"/>
        <line num="108" count="7" type="cond" truecount="2" falsecount="0"/>
        <line num="114" count="2" type="stmt"/>
        <line num="119" count="2" type="stmt"/>
        <line num="124" count="13" type="stmt"/>
        <line num="138" count="10" type="stmt"/>
        <line num="139" count="10" type="cond" truecount="2" falsecount="0"/>
        <line num="148" count="6" type="stmt"/>
        <line num="149" count="6" type="cond" truecount="2" falsecount="0"/>
        <line num="158" count="5" type="stmt"/>
        <line num="159" count="5" type="cond" truecount="2" falsecount="0"/>
        <line num="167" count="5" type="stmt"/>
        <line num="168" count="5" type="cond" truecount="2" falsecount="0"/>
        <line num="176" count="6" type="stmt"/>
        <line num="177" count="6" type="cond" truecount="2" falsecount="0"/>
        <line num="185" count="7" type="stmt"/>
        <line num="186" count="7" type="cond" truecount="2" falsecount="0"/>
        <line num="205" count="5" type="stmt"/>
        <line num="206" count="5" type="cond" truecount="2" falsecount="0"/>
        <line num="213" count="3" type="stmt"/>
        <line num="231" count="7" type="stmt"/>
        <line num="237" count="6" type="stmt"/>
        <line num="245" count="60" type="stmt"/>
        <line num="249" count="3" type="stmt"/>
        <line num="250" count="3" type="cond" truecount="1" falsecount="1"/>
        <line num="251" count="3" type="stmt"/>
        <line num="252" count="3" type="cond" truecount="2" falsecount="0"/>
        <line num="253" count="1" type="stmt"/>
        <line num="257" count="2" type="stmt"/>
        <line num="258" count="2" type="stmt"/>
        <line num="262" count="3" type="stmt"/>
        <line num="268" count="48" type="stmt"/>
        <line num="271" count="2" type="stmt"/>
        <line num="272" count="2" type="cond" truecount="1" falsecount="1"/>
        <line num="273" count="2" type="stmt"/>
        <line num="274" count="2" type="cond" truecount="2" falsecount="0"/>
        <line num="275" count="1" type="stmt"/>
        <line num="279" count="1" type="stmt"/>
        <line num="280" count="1" type="stmt"/>
        <line num="284" count="2" type="stmt"/>
        <line num="290" count="30" type="stmt"/>
        <line num="294" count="2" type="stmt"/>
        <line num="295" count="2" type="cond" truecount="2" falsecount="0"/>
        <line num="296" count="1" type="stmt"/>
        <line num="301" count="2" type="stmt"/>
        <line num="311" count="3" type="stmt"/>
        <line num="316" count="1" type="stmt"/>
        <line num="321" count="1" type="stmt"/>
        <line num="326" count="1" type="stmt"/>
        <line num="329" count="6" type="stmt"/>
        <line num="337" count="6" type="cond" truecount="1" falsecount="1"/>
        <line num="338" count="0" type="stmt"/>
        <line num="339" count="0" type="stmt"/>
        <line num="341" count="6" type="stmt"/>
        <line num="342" count="6" type="cond" truecount="2" falsecount="0"/>
        <line num="343" count="4" type="stmt"/>
        <line num="347" count="2" type="stmt"/>
        <line num="348" count="2" type="stmt"/>
        <line num="349" count="2" type="stmt"/>
      </file>
      <file name="clearFormatting.ts" path="C:\Users\Dragus\Documents\Obsidian Vault\.obsidian\plugins\onenote-ribbon\src\tabs\home\basic-text\clearFormatting.ts">
        <metrics statements="10" coveredstatements="10" conditionals="6" coveredconditionals="6" methods="2" coveredmethods="2"/>
        <line num="6" count="3" type="stmt"/>
        <line num="7" count="35" type="stmt"/>
        <line num="15" count="35" type="cond" truecount="2" falsecount="0"/>
        <line num="16" count="35" type="stmt"/>
        <line num="20" count="3" type="stmt"/>
        <line num="21" count="21" type="stmt"/>
        <line num="22" count="21" type="cond" truecount="2" falsecount="0"/>
        <line num="25" count="21" type="stmt"/>
        <line num="26" count="21" type="cond" truecount="2" falsecount="0"/>
        <line num="27" count="18" type="stmt"/>
      </file>
    </package>
    <package name="tabs.home.clipboard">
      <metrics statements="44" coveredstatements="44" conditionals="22" coveredconditionals="21" methods="14" coveredmethods="13"/>
      <file name="ClipboardGroup.tsx" path="C:\Users\Dragus\Documents\Obsidian Vault\.obsidian\plugins\onenote-ribbon\src\tabs\home\clipboard\ClipboardGroup.tsx">
        <metrics statements="44" coveredstatements="44" conditionals="22" coveredconditionals="21" methods="14" coveredmethods="13"/>
        <line num="1" count="2" type="stmt"/>
        <line num="2" count="2" type="stmt"/>
        <line num="3" count="2" type="stmt"/>
        <line num="4" count="2" type="stmt"/>
        <line num="5" count="2" type="stmt"/>
        <line num="6" count="2" type="stmt"/>
        <line num="7" count="2" type="stmt"/>
        <line num="8" count="2" type="stmt"/>
        <line num="10" count="2" type="stmt"/>
        <line num="11" count="46" type="stmt"/>
        <line num="12" count="46" type="stmt"/>
        <line num="13" count="46" type="stmt"/>
        <line num="14" count="46" type="stmt"/>
        <line num="16" count="46" type="stmt"/>
        <line num="18" count="46" type="stmt"/>
        <line num="19" count="46" type="stmt"/>
        <line num="20" count="3" type="stmt"/>
        <line num="21" count="3" type="cond" truecount="2" falsecount="0"/>
        <line num="23" count="46" type="stmt"/>
        <line num="24" count="3" type="stmt"/>
        <line num="25" count="3" type="cond" truecount="2" falsecount="0"/>
        <line num="28" count="46" type="stmt"/>
        <line num="29" count="14" type="stmt"/>
        <line num="30" count="14" type="cond" truecount="2" falsecount="0"/>
        <line num="31" count="13" type="cond" truecount="2" falsecount="0"/>
        <line num="32" count="6" type="stmt"/>
        <line num="33" count="6" type="cond" truecount="4" falsecount="0"/>
        <line num="34" count="5" type="stmt"/>
        <line num="35" count="5" type="stmt"/>
        <line num="36" count="1" type="cond" truecount="3" falsecount="1"/>
        <line num="37" count="1" type="stmt"/>
        <line num="39" count="6" type="stmt"/>
        <line num="41" count="7" type="stmt"/>
        <line num="42" count="7" type="stmt"/>
        <line num="43" count="7" type="cond" truecount="2" falsecount="0"/>
        <line num="44" count="7" type="stmt"/>
        <line num="50" count="7" type="stmt"/>
        <line num="53" count="46" type="stmt"/>
        <line num="57" count="3" type="stmt"/>
        <line num="58" count="3" type="stmt"/>
        <line num="64" count="46" type="stmt"/>
        <line num="76" count="5" type="stmt"/>
        <line num="99" count="3" type="stmt"/>
        <line num="107" count="46" type="stmt"/>
      </file>
    </package>
    <package name="tabs.home.clipboard.format-painter">
      <metrics statements="11" coveredstatements="11" conditionals="10" coveredconditionals="10" methods="1" coveredmethods="1"/>
      <file name="applyFormatPainter.ts" path="C:\Users\Dragus\Documents\Obsidian Vault\.obsidian\plugins\onenote-ribbon\src\tabs\home\clipboard\format-painter\applyFormatPainter.ts">
        <metrics statements="11" coveredstatements="11" conditionals="10" coveredconditionals="10" methods="1" coveredmethods="1"/>
        <line num="4" count="3" type="stmt"/>
        <line num="5" count="14" type="stmt"/>
        <line num="6" count="14" type="cond" truecount="2" falsecount="0"/>
        <line num="7" count="14" type="cond" truecount="2" falsecount="0"/>
        <line num="8" count="14" type="cond" truecount="2" falsecount="0"/>
        <line num="9" count="14" type="stmt"/>
        <line num="10" count="14" type="cond" truecount="2" falsecount="0"/>
        <line num="11" count="5" type="stmt"/>
        <line num="12" count="5" type="stmt"/>
        <line num="13" count="5" type="cond" truecount="2" falsecount="0"/>
        <line num="14" count="3" type="stmt"/>
      </file>
    </package>
    <package name="tabs.home.email">
      <metrics statements="17" coveredstatements="17" conditionals="4" coveredconditionals="4" methods="5" coveredmethods="5"/>
      <file name="EmailGroup.tsx" path="C:\Users\Dragus\Documents\Obsidian Vault\.obsidian\plugins\onenote-ribbon\src\tabs\home\email\EmailGroup.tsx">
        <metrics statements="17" coveredstatements="17" conditionals="4" coveredconditionals="4" methods="5" coveredmethods="5"/>
        <line num="1" count="2" type="stmt"/>
        <line num="2" count="2" type="stmt"/>
        <line num="3" count="2" type="stmt"/>
        <line num="4" count="2" type="stmt"/>
        <line num="6" count="2" type="stmt"/>
        <line num="7" count="10" type="stmt"/>
        <line num="8" count="10" type="stmt"/>
        <line num="10" count="10" type="stmt"/>
        <line num="11" count="3" type="cond" truecount="2" falsecount="0"/>
        <line num="12" count="3" type="stmt"/>
        <line num="13" count="3" type="stmt"/>
        <line num="16" count="10" type="stmt"/>
        <line num="17" count="3" type="cond" truecount="2" falsecount="0"/>
        <line num="18" count="2" type="stmt"/>
        <line num="19" count="2" type="stmt"/>
        <line num="20" count="2" type="stmt"/>
        <line num="23" count="10" type="stmt"/>
      </file>
    </package>
    <package name="tabs.home.navigate">
      <metrics statements="10" coveredstatements="10" conditionals="0" coveredconditionals="0" methods="5" coveredmethods="5"/>
      <file name="NavigateGroup.tsx" path="C:\Users\Dragus\Documents\Obsidian Vault\.obsidian\plugins\onenote-ribbon\src\tabs\home\navigate\NavigateGroup.tsx">
        <metrics statements="10" coveredstatements="10" conditionals="0" coveredconditionals="0" methods="5" coveredmethods="5"/>
        <line num="1" count="2" type="stmt"/>
        <line num="2" count="2" type="stmt"/>
        <line num="3" count="2" type="stmt"/>
        <line num="5" count="2" type="stmt"/>
        <line num="6" count="8" type="stmt"/>
        <line num="7" count="8" type="stmt"/>
        <line num="9" count="8" type="stmt"/>
        <line num="11" count="2" type="stmt"/>
        <line num="12" count="1" type="stmt"/>
        <line num="13" count="1" type="stmt"/>
      </file>
    </package>
    <package name="tabs.home.styles">
      <metrics statements="49" coveredstatements="48" conditionals="30" coveredconditionals="23" methods="18" coveredmethods="16"/>
      <file name="StylesGroup.tsx" path="C:\Users\Dragus\Documents\Obsidian Vault\.obsidian\plugins\onenote-ribbon\src\tabs\home\styles\StylesGroup.tsx">
        <metrics statements="48" coveredstatements="47" conditionals="30" coveredconditionals="23" methods="18" coveredmethods="16"/>
        <line num="1" count="2" type="stmt"/>
        <line num="2" count="2" type="stmt"/>
        <line num="3" count="2" type="stmt"/>
        <line num="4" count="2" type="stmt"/>
        <line num="6" count="2" type="stmt"/>
        <line num="7" count="2" type="stmt"/>
        <line num="16" count="2" type="stmt"/>
        <line num="17" count="31" type="stmt"/>
        <line num="18" count="31" type="stmt"/>
        <line num="19" count="31" type="stmt"/>
        <line num="20" count="31" type="stmt"/>
        <line num="22" count="31" type="stmt"/>
        <line num="23" count="7" type="cond" truecount="2" falsecount="0"/>
        <line num="24" count="6" type="cond" truecount="1" falsecount="1"/>
        <line num="25" count="6" type="stmt"/>
        <line num="26" count="6" type="stmt"/>
        <line num="27" count="6" type="stmt"/>
        <line num="28" count="6" type="cond" truecount="2" falsecount="0"/>
        <line num="29" count="5" type="cond" truecount="2" falsecount="0"/>
        <line num="30" count="4" type="stmt"/>
        <line num="32" count="1" type="stmt"/>
        <line num="36" count="31" type="stmt"/>
        <line num="37" count="62" type="cond" truecount="1" falsecount="1"/>
        <line num="38" count="62" type="stmt"/>
        <line num="39" count="62" type="cond" truecount="4" falsecount="0"/>
        <line num="43" count="31" type="stmt"/>
        <line num="44" count="341" type="stmt"/>
        <line num="46" count="1" type="stmt"/>
        <line num="52" count="1" type="cond" truecount="1" falsecount="1"/>
        <line num="53" count="1" type="stmt"/>
        <line num="54" count="1" type="cond" truecount="1" falsecount="1"/>
        <line num="55" count="1" type="stmt"/>
        <line num="60" count="1" type="cond" truecount="1" falsecount="1"/>
        <line num="61" count="1" type="stmt"/>
        <line num="66" count="31" type="stmt"/>
        <line num="71" count="62" type="stmt"/>
        <line num="72" count="62" type="cond" truecount="1" falsecount="1"/>
        <line num="77" count="0" type="stmt"/>
        <line num="78" count="6" type="stmt"/>
        <line num="89" count="2" type="stmt"/>
        <line num="94" count="4" type="stmt"/>
        <line num="99" count="2" type="stmt"/>
        <line num="107" count="2" type="stmt"/>
        <line num="115" count="62" type="stmt"/>
        <line num="116" count="62" type="stmt"/>
        <line num="117" count="215" type="stmt"/>
        <line num="118" count="215" type="cond" truecount="3" falsecount="1"/>
        <line num="120" count="62" type="stmt"/>
      </file>
      <file name="styles-data.ts" path="C:\Users\Dragus\Documents\Obsidian Vault\.obsidian\plugins\onenote-ribbon\src\tabs\home\styles\styles-data.ts">
        <metrics statements="1" coveredstatements="1" conditionals="0" coveredconditionals="0" methods="0" coveredmethods="0"/>
        <line num="8" count="2" type="stmt"/>
      </file>
    </package>
    <package name="tabs.home.tags">
      <metrics statements="39" coveredstatements="36" conditionals="20" coveredconditionals="17" methods="14" coveredmethods="12"/>
      <file name="TagsGroup.tsx" path="C:\Users\Dragus\Documents\Obsidian Vault\.obsidian\plugins\onenote-ribbon\src\tabs\home\tags\TagsGroup.tsx">
        <metrics statements="33" coveredstatements="30" conditionals="18" coveredconditionals="15" methods="13" coveredmethods="11"/>
        <line num="1" count="2" type="stmt"/>
        <line num="2" count="2" type="stmt"/>
        <line num="3" count="2" type="stmt"/>
        <line num="4" count="2" type="stmt"/>
        <line num="6" count="2" type="stmt"/>
        <line num="7" count="2" type="stmt"/>
        <line num="8" count="2" type="stmt"/>
        <line num="9" count="2" type="stmt"/>
        <line num="13" count="2" type="stmt"/>
        <line num="14" count="22" type="stmt"/>
        <line num="15" count="78" type="stmt"/>
        <line num="16" count="22" type="stmt"/>
        <line num="17" count="22" type="stmt"/>
        <line num="19" count="22" type="stmt"/>
        <line num="21" count="22" type="stmt"/>
        <line num="22" count="66" type="cond" truecount="2" falsecount="0"/>
        <line num="23" count="51" type="stmt"/>
        <line num="24" count="51" type="stmt"/>
        <line num="25" count="51" type="cond" truecount="2" falsecount="0"/>
        <line num="28" count="616" type="stmt"/>
        <line num="30" count="1" type="cond" truecount="1" falsecount="1"/>
        <line num="33" count="22" type="stmt"/>
        <line num="38" count="66" type="stmt"/>
        <line num="39" count="66" type="stmt"/>
        <line num="42" count="0" type="stmt"/>
        <line num="43" count="8" type="cond" truecount="2" falsecount="0"/>
        <line num="67" count="2" type="stmt"/>
        <line num="73" count="3" type="cond" truecount="2" falsecount="0"/>
        <line num="77" count="1" type="stmt"/>
        <line num="78" count="1" type="stmt"/>
        <line num="79" count="0" type="stmt"/>
        <line num="80" count="0" type="cond" truecount="0" falsecount="2"/>
        <line num="87" count="1" type="stmt"/>
      </file>
      <file name="tags-data.ts" path="C:\Users\Dragus\Documents\Obsidian Vault\.obsidian\plugins\onenote-ribbon\src\tabs\home\tags\tags-data.ts">
        <metrics statements="6" coveredstatements="6" conditionals="2" coveredconditionals="2" methods="1" coveredmethods="1"/>
        <line num="8" count="3" type="stmt"/>
        <line num="179" count="3" type="stmt"/>
        <line num="180" count="84" type="stmt"/>
        <line num="183" count="3" type="stmt"/>
        <line num="184" count="75" type="stmt"/>
        <line num="214" count="75" type="cond" truecount="2" falsecount="0"/>
      </file>
    </package>
    <package name="tabs.home.tags.tag-apply">
      <metrics statements="25" coveredstatements="25" conditionals="19" coveredconditionals="17" methods="1" coveredmethods="1"/>
      <file name="applyTag.ts" path="C:\Users\Dragus\Documents\Obsidian Vault\.obsidian\plugins\onenote-ribbon\src\tabs\home\tags\tag-apply\applyTag.ts">
        <metrics statements="25" coveredstatements="25" conditionals="19" coveredconditionals="17" methods="1" coveredmethods="1"/>
        <line num="1" count="3" type="stmt"/>
        <line num="2" count="3" type="stmt"/>
        <line num="3" count="3" type="stmt"/>
        <line num="6" count="3" type="stmt"/>
        <line num="7" count="24" type="stmt"/>
        <line num="8" count="24" type="cond" truecount="2" falsecount="0"/>
        <line num="10" count="23" type="cond" truecount="2" falsecount="0"/>
        <line num="11" count="4" type="stmt"/>
        <line num="12" count="4" type="stmt"/>
        <line num="15" count="19" type="stmt"/>
        <line num="16" count="19" type="stmt"/>
        <line num="17" count="19" type="stmt"/>
        <line num="19" count="19" type="cond" truecount="2" falsecount="0"/>
        <line num="21" count="4" type="stmt"/>
        <line num="22" count="4" type="cond" truecount="2" falsecount="0"/>
        <line num="24" count="2" type="stmt"/>
        <line num="29" count="2" type="stmt"/>
        <line num="30" count="2" type="cond" truecount="1" falsecount="1"/>
        <line num="31" count="2" type="stmt"/>
        <line num="32" count="2" type="cond" truecount="3" falsecount="1"/>
        <line num="33" count="2" type="stmt"/>
        <line num="37" count="2" type="stmt"/>
        <line num="39" count="15" type="cond" truecount="2" falsecount="0"/>
        <line num="44" count="11" type="stmt"/>
        <line num="46" count="4" type="stmt"/>
      </file>
    </package>
    <package name="tabs.insert">
      <metrics statements="11" coveredstatements="11" conditionals="0" coveredconditionals="0" methods="1" coveredmethods="1"/>
      <file name="InsertTabPanel.tsx" path="C:\Users\Dragus\Documents\Obsidian Vault\.obsidian\plugins\onenote-ribbon\src\tabs\insert\InsertTabPanel.tsx">
        <metrics statements="11" coveredstatements="11" conditionals="0" coveredconditionals="0" methods="1" coveredmethods="1"/>
        <line num="1" count="2" type="stmt"/>
        <line num="2" count="2" type="stmt"/>
        <line num="3" count="2" type="stmt"/>
        <line num="4" count="2" type="stmt"/>
        <line num="5" count="2" type="stmt"/>
        <line num="6" count="2" type="stmt"/>
        <line num="7" count="2" type="stmt"/>
        <line num="8" count="2" type="stmt"/>
        <line num="9" count="2" type="stmt"/>
        <line num="11" count="2" type="stmt"/>
        <line num="12" count="3" type="stmt"/>
      </file>
    </package>
    <package name="tabs.insert.blank-line">
      <metrics statements="10" coveredstatements="10" conditionals="2" coveredconditionals="2" methods="2" coveredmethods="2"/>
      <file name="BlankLineButton.tsx" path="C:\Users\Dragus\Documents\Obsidian Vault\.obsidian\plugins\onenote-ribbon\src\tabs\insert\blank-line\BlankLineButton.tsx">
        <metrics statements="10" coveredstatements="10" conditionals="2" coveredconditionals="2" methods="2" coveredmethods="2"/>
        <line num="1" count="3" type="stmt"/>
        <line num="2" count="3" type="stmt"/>
        <line num="4" count="3" type="stmt"/>
        <line num="5" count="7" type="stmt"/>
        <line num="7" count="7" type="stmt"/>
        <line num="8" count="4" type="stmt"/>
        <line num="9" count="4" type="cond" truecount="2" falsecount="0"/>
        <line num="10" count="3" type="stmt"/>
        <line num="11" count="3" type="stmt"/>
        <line num="14" count="7" type="stmt"/>
      </file>
    </package>
    <package name="tabs.insert.blocks">
      <metrics statements="27" coveredstatements="27" conditionals="8" coveredconditionals="6" methods="8" coveredmethods="8"/>
      <file name="BlocksGroup.tsx" path="C:\Users\Dragus\Documents\Obsidian Vault\.obsidian\plugins\onenote-ribbon\src\tabs\insert\blocks\BlocksGroup.tsx">
        <metrics statements="27" coveredstatements="27" conditionals="8" coveredconditionals="6" methods="8" coveredmethods="8"/>
        <line num="1" count="3" type="stmt"/>
        <line num="2" count="3" type="stmt"/>
        <line num="3" count="3" type="stmt"/>
        <line num="4" count="3" type="stmt"/>
        <line num="5" count="3" type="stmt"/>
        <line num="6" count="3" type="stmt"/>
        <line num="8" count="3" type="stmt"/>
        <line num="10" count="3" type="stmt"/>
        <line num="11" count="13" type="stmt"/>
        <line num="12" count="13" type="stmt"/>
        <line num="13" count="13" type="stmt"/>
        <line num="14" count="13" type="stmt"/>
        <line num="16" count="156" type="stmt"/>
        <line num="19" count="1" type="stmt"/>
        <line num="20" count="1" type="cond" truecount="1" falsecount="1"/>
        <line num="21" count="1" type="stmt"/>
        <line num="22" count="1" type="stmt"/>
        <line num="26" count="13" type="stmt"/>
        <line num="41" count="2" type="stmt"/>
        <line num="42" count="2" type="cond" truecount="1" falsecount="1"/>
        <line num="55" count="2" type="stmt"/>
        <line num="69" count="2" type="stmt"/>
        <line num="70" count="2" type="cond" truecount="2" falsecount="0"/>
        <line num="71" count="1" type="stmt"/>
        <line num="72" count="1" type="stmt"/>
        <line num="73" count="1" type="stmt"/>
        <line num="79" count="1" type="stmt"/>
      </file>
    </package>
    <package name="tabs.insert.files">
      <metrics statements="17" coveredstatements="17" conditionals="4" coveredconditionals="4" methods="4" coveredmethods="4"/>
      <file name="FilesGroup.tsx" path="C:\Users\Dragus\Documents\Obsidian Vault\.obsidian\plugins\onenote-ribbon\src\tabs\insert\files\FilesGroup.tsx">
        <metrics statements="17" coveredstatements="17" conditionals="4" coveredconditionals="4" methods="4" coveredmethods="4"/>
        <line num="1" count="3" type="stmt"/>
        <line num="2" count="3" type="stmt"/>
        <line num="3" count="3" type="stmt"/>
        <line num="5" count="3" type="stmt"/>
        <line num="6" count="9" type="stmt"/>
        <line num="8" count="9" type="stmt"/>
        <line num="10" count="9" type="stmt"/>
        <line num="23" count="3" type="stmt"/>
        <line num="24" count="3" type="cond" truecount="2" falsecount="0"/>
        <line num="25" count="2" type="stmt"/>
        <line num="26" count="2" type="stmt"/>
        <line num="27" count="2" type="stmt"/>
        <line num="42" count="2" type="stmt"/>
        <line num="43" count="2" type="cond" truecount="2" falsecount="0"/>
        <line num="44" count="1" type="stmt"/>
        <line num="45" count="1" type="stmt"/>
        <line num="46" count="1" type="stmt"/>
      </file>
    </package>
    <package name="tabs.insert.images">
      <metrics statements="17" coveredstatements="17" conditionals="4" coveredconditionals="4" methods="4" coveredmethods="4"/>
      <file name="ImagesGroup.tsx" path="C:\Users\Dragus\Documents\Obsidian Vault\.obsidian\plugins\onenote-ribbon\src\tabs\insert\images\ImagesGroup.tsx">
        <metrics statements="17" coveredstatements="17" conditionals="4" coveredconditionals="4" methods="4" coveredmethods="4"/>
        <line num="1" count="3" type="stmt"/>
        <line num="2" count="3" type="stmt"/>
        <line num="3" count="3" type="stmt"/>
        <line num="5" count="3" type="stmt"/>
        <line num="6" count="8" type="stmt"/>
        <line num="7" count="8" type="stmt"/>
        <line num="9" count="8" type="stmt"/>
        <line num="24" count="2" type="stmt"/>
        <line num="25" count="2" type="cond" truecount="2" falsecount="0"/>
        <line num="26" count="1" type="stmt"/>
        <line num="27" count="1" type="stmt"/>
        <line num="28" count="1" type="stmt"/>
        <line num="42" count="2" type="stmt"/>
        <line num="43" count="2" type="cond" truecount="2" falsecount="0"/>
        <line num="44" count="1" type="stmt"/>
        <line num="45" count="1" type="stmt"/>
        <line num="46" count="1" type="stmt"/>
      </file>
    </package>
    <package name="tabs.insert.links">
      <metrics statements="22" coveredstatements="22" conditionals="6" coveredconditionals="6" methods="4" coveredmethods="4"/>
      <file name="LinksGroup.tsx" path="C:\Users\Dragus\Documents\Obsidian Vault\.obsidian\plugins\onenote-ribbon\src\tabs\insert\links\LinksGroup.tsx">
        <metrics statements="22" coveredstatements="22" conditionals="6" coveredconditionals="6" methods="4" coveredmethods="4"/>
        <line num="1" count="3" type="stmt"/>
        <line num="2" count="3" type="stmt"/>
        <line num="3" count="3" type="stmt"/>
        <line num="5" count="3" type="stmt"/>
        <line num="6" count="9" type="stmt"/>
        <line num="7" count="9" type="stmt"/>
        <line num="9" count="9" type="stmt"/>
        <line num="23" count="3" type="stmt"/>
        <line num="24" count="3" type="cond" truecount="2" falsecount="0"/>
        <line num="25" count="2" type="stmt"/>
        <line num="26" count="2" type="stmt"/>
        <line num="27" count="2" type="cond" truecount="2" falsecount="0"/>
        <line num="28" count="1" type="stmt"/>
        <line num="29" count="1" type="stmt"/>
        <line num="30" count="1" type="stmt"/>
        <line num="32" count="1" type="stmt"/>
        <line num="33" count="1" type="stmt"/>
        <line num="49" count="2" type="stmt"/>
        <line num="50" count="2" type="cond" truecount="2" falsecount="0"/>
        <line num="51" count="1" type="stmt"/>
        <line num="52" count="1" type="stmt"/>
        <line num="53" count="1" type="stmt"/>
      </file>
    </package>
    <package name="tabs.insert.symbols">
      <metrics statements="27" coveredstatements="27" conditionals="8" coveredconditionals="8" methods="6" coveredmethods="6"/>
      <file name="SymbolsGroup.tsx" path="C:\Users\Dragus\Documents\Obsidian Vault\.obsidian\plugins\onenote-ribbon\src\tabs\insert\symbols\SymbolsGroup.tsx">
        <metrics statements="27" coveredstatements="27" conditionals="8" coveredconditionals="8" methods="6" coveredmethods="6"/>
        <line num="1" count="3" type="stmt"/>
        <line num="2" count="3" type="stmt"/>
        <line num="3" count="3" type="stmt"/>
        <line num="5" count="3" type="stmt"/>
        <line num="6" count="12" type="stmt"/>
        <line num="7" count="12" type="stmt"/>
        <line num="9" count="12" type="stmt"/>
        <line num="22" count="2" type="stmt"/>
        <line num="23" count="2" type="cond" truecount="2" falsecount="0"/>
        <line num="24" count="1" type="stmt"/>
        <line num="25" count="1" type="stmt"/>
        <line num="26" count="1" type="stmt"/>
        <line num="39" count="2" type="stmt"/>
        <line num="40" count="2" type="cond" truecount="2" falsecount="0"/>
        <line num="41" count="1" type="stmt"/>
        <line num="55" count="2" type="stmt"/>
        <line num="56" count="2" type="cond" truecount="2" falsecount="0"/>
        <line num="57" count="1" type="stmt"/>
        <line num="58" count="1" type="stmt"/>
        <line num="59" count="1" type="stmt"/>
        <line num="60" count="1" type="stmt"/>
        <line num="61" count="1" type="stmt"/>
        <line num="77" count="2" type="stmt"/>
        <line num="78" count="2" type="cond" truecount="2" falsecount="0"/>
        <line num="79" count="1" type="stmt"/>
        <line num="80" count="1" type="stmt"/>
        <line num="81" count="1" type="stmt"/>
      </file>
    </package>
    <package name="tabs.insert.tables">
      <metrics statements="10" coveredstatements="10" conditionals="2" coveredconditionals="2" methods="2" coveredmethods="2"/>
      <file name="TablesGroup.tsx" path="C:\Users\Dragus\Documents\Obsidian Vault\.obsidian\plugins\onenote-ribbon\src\tabs\insert\tables\TablesGroup.tsx">
        <metrics statements="10" coveredstatements="10" conditionals="2" coveredconditionals="2" methods="2" coveredmethods="2"/>
        <line num="1" count="3" type="stmt"/>
        <line num="2" count="3" type="stmt"/>
        <line num="3" count="3" type="stmt"/>
        <line num="5" count="3" type="stmt"/>
        <line num="6" count="7" type="stmt"/>
        <line num="8" count="7" type="stmt"/>
        <line num="22" count="3" type="stmt"/>
        <line num="23" count="3" type="cond" truecount="2" falsecount="0"/>
        <line num="24" count="2" type="stmt"/>
        <line num="25" count="2" type="stmt"/>
      </file>
    </package>
    <package name="tabs.insert.timestamp">
      <metrics statements="18" coveredstatements="18" conditionals="10" coveredconditionals="8" methods="9" coveredmethods="9"/>
      <file name="TimestampGroup.tsx" path="C:\Users\Dragus\Documents\Obsidian Vault\.obsidian\plugins\onenote-ribbon\src\tabs\insert\timestamp\TimestampGroup.tsx">
        <metrics statements="18" coveredstatements="18" conditionals="10" coveredconditionals="8" methods="9" coveredmethods="9"/>
        <line num="1" count="3" type="stmt"/>
        <line num="2" count="3" type="stmt"/>
        <line num="3" count="3" type="stmt"/>
        <line num="6" count="3" type="stmt"/>
        <line num="7" count="3" type="cond" truecount="1" falsecount="1"/>
        <line num="8" count="3" type="stmt"/>
        <line num="9" count="3" type="stmt"/>
        <line num="14" count="2" type="stmt"/>
        <line num="15" count="2" type="cond" truecount="1" falsecount="1"/>
        <line num="16" count="2" type="stmt"/>
        <line num="17" count="2" type="stmt"/>
        <line num="21" count="3" type="stmt"/>
        <line num="22" count="11" type="stmt"/>
        <line num="23" count="11" type="stmt"/>
        <line num="25" count="11" type="stmt"/>
        <line num="40" count="3" type="cond" truecount="2" falsecount="0"/>
        <line num="52" count="2" type="cond" truecount="2" falsecount="0"/>
        <line num="66" count="2" type="cond" truecount="2" falsecount="0"/>
      </file>
    </package>
  </project>
</coverage>
