{"C:\\Users\\Dragus\\Documents\\Obsidian Vault\\.obsidian\\plugins\\onenote-ribbon\\src\\ribbon\\RibbonApp.tsx": {"path":"C:\\Users\\Dragus\\Documents\\Obsidian Vault\\.obsidian\\plugins\\onenote-ribbon\\src\\ribbon\\RibbonApp.tsx","statementMap":{"0":{"start":{"line":11,"column":0},"end":{"line":11,"column":16}},"1":{"start":{"line":1,"column":0},"end":{"line":1,"column":50}},"2":{"start":{"line":2,"column":0},"end":{"line":2,"column":34}},"3":{"start":{"line":3,"column":0},"end":{"line":3,"column":57}},"4":{"start":{"line":4,"column":0},"end":{"line":4,"column":63}},"5":{"start":{"line":5,"column":0},"end":{"line":5,"column":57}},"6":{"start":{"line":6,"column":0},"end":{"line":6,"column":66}},"7":{"start":{"line":7,"column":0},"end":{"line":7,"column":63}},"8":{"start":{"line":8,"column":0},"end":{"line":8,"column":57}},"9":{"start":{"line":9,"column":0},"end":{"line":9,"column":57}},"10":{"start":{"line":12,"column":82},"end":{"line":12,"column":98}},"11":{"start":{"line":14,"column":2},"end":{"line":35,"column":4}},"12":{"start":{"line":21,"column":32},"end":{"line":21,"column":53}},"13":{"start":{"line":21,"column":50},"end":{"line":21,"column":52}}},"fnMap":{"0":{"name":"RibbonApp","decl":{"start":{"line":11,"column":16},"end":{"line":11,"column":25}},"loc":{"start":{"line":11,"column":25},"end":{"line":36,"column":1}}},"1":{"name":"(anonymous_1)","decl":{"start":{"line":21,"column":26},"end":{"line":21,"column":29}},"loc":{"start":{"line":21,"column":32},"end":{"line":21,"column":53}}},"2":{"name":"(anonymous_2)","decl":{"start":{"line":21,"column":45},"end":{"line":21,"column":46}},"loc":{"start":{"line":21,"column":50},"end":{"line":21,"column":52}}}},"branchMap":{"0":{"loc":{"start":{"line":23,"column":7},"end":{"line":32,"column":null}},"type":"binary-expr","locations":[{"start":{"line":23,"column":7},"end":{"line":23,"column":17}},{"start":{"line":24,"column":8},"end":{"line":31,"column":null}}]},"1":{"loc":{"start":{"line":25,"column":11},"end":{"line":25,"column":54}},"type":"binary-expr","locations":[{"start":{"line":25,"column":11},"end":{"line":25,"column":31}},{"start":{"line":25,"column":38},"end":{"line":25,"column":54}}]},"2":{"loc":{"start":{"line":26,"column":11},"end":{"line":26,"column":56}},"type":"binary-expr","locations":[{"start":{"line":26,"column":11},"end":{"line":26,"column":33}},{"start":{"line":26,"column":38},"end":{"line":26,"column":56}}]},"3":{"loc":{"start":{"line":27,"column":11},"end":{"line":27,"column":54}},"type":"binary-expr","locations":[{"start":{"line":27,"column":11},"end":{"line":27,"column":31}},{"start":{"line":27,"column":38},"end":{"line":27,"column":54}}]},"4":{"loc":{"start":{"line":28,"column":11},"end":{"line":28,"column":57}},"type":"binary-expr","locations":[{"start":{"line":28,"column":11},"end":{"line":28,"column":34}},{"start":{"line":28,"column":38},"end":{"line":28,"column":57}}]},"5":{"loc":{"start":{"line":29,"column":11},"end":{"line":29,"column":56}},"type":"binary-expr","locations":[{"start":{"line":29,"column":11},"end":{"line":29,"column":33}},{"start":{"line":29,"column":38},"end":{"line":29,"column":56}}]},"6":{"loc":{"start":{"line":30,"column":11},"end":{"line":30,"column":54}},"type":"binary-expr","locations":[{"start":{"line":30,"column":11},"end":{"line":30,"column":31}},{"start":{"line":30,"column":38},"end":{"line":30,"column":54}}]},"7":{"loc":{"start":{"line":31,"column":11},"end":{"line":31,"column":54}},"type":"binary-expr","locations":[{"start":{"line":31,"column":11},"end":{"line":31,"column":31}},{"start":{"line":31,"column":38},"end":{"line":31,"column":54}}]}},"s":{"0":1,"1":1,"2":1,"3":1,"4":1,"5":1,"6":1,"7":1,"8":1,"9":1,"10":6,"11":6,"12":1,"13":1},"f":{"0":6,"1":1,"2":1},"b":{"0":[6,5],"1":[5,4],"2":[5,1],"3":[5,0],"4":[5,0],"5":[5,0],"6":[5,0],"7":[5,0]}}
,"C:\\Users\\Dragus\\Documents\\Obsidian Vault\\.obsidian\\plugins\\onenote-ribbon\\src\\ribbon\\TabBar.tsx": {"path":"C:\\Users\\Dragus\\Documents\\Obsidian Vault\\.obsidian\\plugins\\onenote-ribbon\\src\\ribbon\\TabBar.tsx","statementMap":{"0":{"start":{"line":11,"column":0},"end":{"line":11,"column":16}},"1":{"start":{"line":1,"column":0},"end":{"line":1,"column":39}},"2":{"start":{"line":18,"column":2},"end":{"line":34,"column":4}},"3":{"start":{"line":21,"column":8},"end":{"line":22,"column":null}},"4":{"start":{"line":24,"column":25},"end":{"line":24,"column":38}}},"fnMap":{"0":{"name":"TabBar","decl":{"start":{"line":11,"column":16},"end":{"line":11,"column":22}},"loc":{"start":{"line":17,"column":8},"end":{"line":35,"column":1}}},"1":{"name":"(anonymous_1)","decl":{"start":{"line":20,"column":16},"end":{"line":20,"column":17}},"loc":{"start":{"line":21,"column":8},"end":{"line":22,"column":null}}},"2":{"name":"(anonymous_2)","decl":{"start":{"line":24,"column":19},"end":{"line":24,"column":22}},"loc":{"start":{"line":24,"column":25},"end":{"line":24,"column":38}}}},"branchMap":{"0":{"loc":{"start":{"line":23,"column":31},"end":{"line":23,"column":63}},"type":"cond-expr","locations":[{"start":{"line":23,"column":49},"end":{"line":23,"column":58}},{"start":{"line":23,"column":61},"end":{"line":23,"column":63}}]},"1":{"loc":{"start":{"line":31,"column":9},"end":{"line":31,"column":27}},"type":"cond-expr","locations":[{"start":{"line":31,"column":18},"end":{"line":31,"column":22}},{"start":{"line":31,"column":25},"end":{"line":31,"column":27}}]},"2":{"loc":{"start":{"line":31,"column":30},"end":{"line":31,"column":67}},"type":"cond-expr","locations":[{"start":{"line":31,"column":42},"end":{"line":31,"column":52}},{"start":{"line":31,"column":55},"end":{"line":31,"column":67}}]}},"s":{"0":1,"1":1,"2":13,"3":91,"4":2},"f":{"0":13,"1":91,"2":2},"b":{"0":[13,78],"1":[11,2],"2":[2,11]}}
,"C:\\Users\\Dragus\\Documents\\Obsidian Vault\\.obsidian\\plugins\\onenote-ribbon\\src\\ribbon\\tabs.ts": {"path":"C:\\Users\\Dragus\\Documents\\Obsidian Vault\\.obsidian\\plugins\\onenote-ribbon\\src\\ribbon\\tabs.ts","statementMap":{"0":{"start":{"line":1,"column":13},"end":{"line":9,"column":11}}},"fnMap":{},"branchMap":{},"s":{"0":1},"f":{},"b":{}}
,"C:\\Users\\Dragus\\Documents\\Obsidian Vault\\.obsidian\\plugins\\onenote-ribbon\\src\\ribbon\\useRibbonState.ts": {"path":"C:\\Users\\Dragus\\Documents\\Obsidian Vault\\.obsidian\\plugins\\onenote-ribbon\\src\\ribbon\\useRibbonState.ts","statementMap":{"0":{"start":{"line":4,"column":0},"end":{"line":4,"column":16}},"1":{"start":{"line":1,"column":0},"end":{"line":1,"column":33}},"2":{"start":{"line":5,"column":36},"end":{"line":5,"column":61}},"3":{"start":{"line":6,"column":36},"end":{"line":6,"column":51}},"4":{"start":{"line":7,"column":30},"end":{"line":7,"column":44}},"5":{"start":{"line":8,"column":2},"end":{"line":15,"column":4}}},"fnMap":{"0":{"name":"useRibbonState","decl":{"start":{"line":4,"column":16},"end":{"line":4,"column":30}},"loc":{"start":{"line":4,"column":30},"end":{"line":16,"column":1}}}},"branchMap":{},"s":{"0":1,"1":1,"2":15,"3":15,"4":15,"5":15},"f":{"0":15},"b":{}}
,"C:\\Users\\Dragus\\Documents\\Obsidian Vault\\.obsidian\\plugins\\onenote-ribbon\\src\\shared\\toggleInline.ts": {"path":"C:\\Users\\Dragus\\Documents\\Obsidian Vault\\.obsidian\\plugins\\onenote-ribbon\\src\\shared\\toggleInline.ts","statementMap":{"0":{"start":{"line":1,"column":0},"end":{"line":1,"column":16}},"1":{"start":{"line":2,"column":13},"end":{"line":2,"column":26}},"2":{"start":{"line":3,"column":14},"end":{"line":3,"column":35}},"3":{"start":{"line":4,"column":2},"end":{"line":26,"column":3}},"4":{"start":{"line":10,"column":6},"end":{"line":16,"column":15}},"5":{"start":{"line":17,"column":4},"end":{"line":21,"column":5}},"6":{"start":{"line":18,"column":6},"end":{"line":18,"column":78}},"7":{"start":{"line":20,"column":6},"end":{"line":20,"column":52}},"8":{"start":{"line":23,"column":19},"end":{"line":23,"column":37}},"9":{"start":{"line":24,"column":4},"end":{"line":24,"column":48}},"10":{"start":{"line":25,"column":4},"end":{"line":25,"column":73}}},"fnMap":{"0":{"name":"toggleInline","decl":{"start":{"line":1,"column":16},"end":{"line":1,"column":28}},"loc":{"start":{"line":1,"column":70},"end":{"line":27,"column":1}}}},"branchMap":{"0":{"loc":{"start":{"line":2,"column":13},"end":{"line":2,"column":26}},"type":"binary-expr","locations":[{"start":{"line":2,"column":13},"end":{"line":2,"column":18}},{"start":{"line":2,"column":22},"end":{"line":2,"column":26}}]},"1":{"loc":{"start":{"line":4,"column":2},"end":{"line":26,"column":3}},"type":"if","locations":[{"start":{"line":4,"column":2},"end":{"line":26,"column":3}},{"start":{"line":22,"column":9},"end":{"line":26,"column":3}}]},"2":{"loc":{"start":{"line":10,"column":6},"end":{"line":16,"column":15}},"type":"binary-expr","locations":[{"start":{"line":10,"column":6},"end":{"line":10,"column":26}},{"start":{"line":11,"column":6},"end":{"line":11,"column":22}},{"start":{"line":12,"column":6},"end":{"line":12,"column":42}},{"start":{"line":13,"column":7},"end":{"line":16,"column":14}}]},"3":{"loc":{"start":{"line":13,"column":7},"end":{"line":16,"column":14}},"type":"cond-expr","locations":[{"start":{"line":14,"column":10},"end":{"line":15,"column":51}},{"start":{"line":16,"column":10},"end":{"line":16,"column":14}}]},"4":{"loc":{"start":{"line":14,"column":10},"end":{"line":15,"column":51}},"type":"binary-expr","locations":[{"start":{"line":14,"column":10},"end":{"line":14,"column":52}},{"start":{"line":15,"column":10},"end":{"line":15,"column":51}}]},"5":{"loc":{"start":{"line":17,"column":4},"end":{"line":21,"column":5}},"type":"if","locations":[{"start":{"line":17,"column":4},"end":{"line":21,"column":5}},{"start":{"line":19,"column":11},"end":{"line":21,"column":5}}]}},"s":{"0":5,"1":53,"2":53,"3":53,"4":41,"5":41,"6":12,"7":29,"8":12,"9":12,"10":12},"f":{"0":53},"b":{"0":[53,45],"1":[41,12],"2":[41,16,16,16],"3":[14,2],"4":[14,10],"5":[12,29]}}
,"C:\\Users\\Dragus\\Documents\\Obsidian Vault\\.obsidian\\plugins\\onenote-ribbon\\src\\shared\\toggleLinePrefix.ts": {"path":"C:\\Users\\Dragus\\Documents\\Obsidian Vault\\.obsidian\\plugins\\onenote-ribbon\\src\\shared\\toggleLinePrefix.ts","statementMap":{"0":{"start":{"line":1,"column":0},"end":{"line":1,"column":16}},"1":{"start":{"line":2,"column":17},"end":{"line":2,"column":35}},"2":{"start":{"line":3,"column":15},"end":{"line":3,"column":42}},"3":{"start":{"line":6,"column":18},"end":{"line":6,"column":41}},"4":{"start":{"line":7,"column":27},"end":{"line":7,"column":40}},"5":{"start":{"line":10,"column":2},"end":{"line":17,"column":3}},"6":{"start":{"line":11,"column":4},"end":{"line":16,"column":5}},"7":{"start":{"line":12,"column":6},"end":{"line":15,"column":7}},"8":{"start":{"line":13,"column":8},"end":{"line":13,"column":38}},"9":{"start":{"line":14,"column":8},"end":{"line":14,"column":14}},"10":{"start":{"line":19,"column":2},"end":{"line":28,"column":3}},"11":{"start":{"line":20,"column":17},"end":{"line":20,"column":46}},"12":{"start":{"line":21,"column":4},"end":{"line":27,"column":5}},"13":{"start":{"line":22,"column":6},"end":{"line":26,"column":7}},"14":{"start":{"line":23,"column":8},"end":{"line":23,"column":25}},"15":{"start":{"line":24,"column":8},"end":{"line":24,"column":47}},"16":{"start":{"line":25,"column":8},"end":{"line":25,"column":14}},"17":{"start":{"line":30,"column":2},"end":{"line":38,"column":3}},"18":{"start":{"line":31,"column":4},"end":{"line":31,"column":64}},"19":{"start":{"line":33,"column":21},"end":{"line":35,"column":null}},"20":{"start":{"line":37,"column":4},"end":{"line":37,"column":51}}},"fnMap":{"0":{"name":"toggleLinePrefix","decl":{"start":{"line":1,"column":16},"end":{"line":1,"column":32}},"loc":{"start":{"line":1,"column":60},"end":{"line":39,"column":1}}}},"branchMap":{"0":{"loc":{"start":{"line":10,"column":2},"end":{"line":17,"column":3}},"type":"if","locations":[{"start":{"line":10,"column":2},"end":{"line":17,"column":3}},{"start":{},"end":{}}]},"1":{"loc":{"start":{"line":10,"column":6},"end":{"line":10,"column":34}},"type":"binary-expr","locations":[{"start":{"line":10,"column":6},"end":{"line":10,"column":15}},{"start":{"line":10,"column":19},"end":{"line":10,"column":34}}]},"2":{"loc":{"start":{"line":12,"column":6},"end":{"line":15,"column":7}},"type":"if","locations":[{"start":{"line":12,"column":6},"end":{"line":15,"column":7}},{"start":{},"end":{}}]},"3":{"loc":{"start":{"line":19,"column":2},"end":{"line":28,"column":3}},"type":"if","locations":[{"start":{"line":19,"column":2},"end":{"line":28,"column":3}},{"start":{},"end":{}}]},"4":{"loc":{"start":{"line":19,"column":6},"end":{"line":19,"column":47}},"type":"binary-expr","locations":[{"start":{"line":19,"column":6},"end":{"line":19,"column":16}},{"start":{"line":19,"column":20},"end":{"line":19,"column":47}}]},"5":{"loc":{"start":{"line":22,"column":6},"end":{"line":26,"column":7}},"type":"if","locations":[{"start":{"line":22,"column":6},"end":{"line":26,"column":7}},{"start":{},"end":{}}]},"6":{"loc":{"start":{"line":30,"column":2},"end":{"line":38,"column":3}},"type":"if","locations":[{"start":{"line":30,"column":2},"end":{"line":38,"column":3}},{"start":{"line":32,"column":9},"end":{"line":38,"column":3}}]}},"s":{"0":5,"1":57,"2":57,"3":57,"4":57,"5":57,"6":9,"7":24,"8":6,"9":6,"10":57,"11":23,"12":23,"13":57,"14":9,"15":9,"16":9,"17":57,"18":24,"19":33,"20":33},"f":{"0":57},"b":{"0":[9,48],"1":[57,15],"2":[6,18],"3":[23,34],"4":[57,42],"5":[9,48],"6":[24,33]}}
,"C:\\Users\\Dragus\\Documents\\Obsidian Vault\\.obsidian\\plugins\\onenote-ribbon\\src\\shared\\toggleSubSup.ts": {"path":"C:\\Users\\Dragus\\Documents\\Obsidian Vault\\.obsidian\\plugins\\onenote-ribbon\\src\\shared\\toggleSubSup.ts","statementMap":{"0":{"start":{"line":1,"column":0},"end":{"line":1,"column":16}},"1":{"start":{"line":2,"column":15},"end":{"line":2,"column":25}},"2":{"start":{"line":3,"column":16},"end":{"line":3,"column":27}},"3":{"start":{"line":4,"column":19},"end":{"line":4,"column":48}},"4":{"start":{"line":5,"column":20},"end":{"line":5,"column":35}},"5":{"start":{"line":6,"column":21},"end":{"line":6,"column":37}},"6":{"start":{"line":8,"column":17},"end":{"line":8,"column":35}},"7":{"start":{"line":9,"column":15},"end":{"line":9,"column":42}},"8":{"start":{"line":10,"column":13},"end":{"line":10,"column":22}},"9":{"start":{"line":14,"column":19},"end":{"line":29,"column":3}},"10":{"start":{"line":15,"column":17},"end":{"line":15,"column":26}},"11":{"start":{"line":16,"column":17},"end":{"line":16,"column":26}},"12":{"start":{"line":17,"column":12},"end":{"line":17,"column":13}},"13":{"start":{"line":18,"column":4},"end":{"line":27,"column":5}},"14":{"start":{"line":19,"column":16},"end":{"line":19,"column":35}},"15":{"start":{"line":20,"column":6},"end":{"line":20,"column":23}},"16":{"start":{"line":20,"column":17},"end":{"line":20,"column":23}},"17":{"start":{"line":21,"column":17},"end":{"line":21,"column":43}},"18":{"start":{"line":22,"column":6},"end":{"line":22,"column":24}},"19":{"start":{"line":22,"column":18},"end":{"line":22,"column":24}},"20":{"start":{"line":23,"column":6},"end":{"line":25,"column":7}},"21":{"start":{"line":24,"column":8},"end":{"line":24,"column":79}},"22":{"start":{"line":26,"column":6},"end":{"line":26,"column":20}},"23":{"start":{"line":28,"column":4},"end":{"line":28,"column":16}},"24":{"start":{"line":31,"column":19},"end":{"line":31,"column":40}},"25":{"start":{"line":32,"column":20},"end":{"line":32,"column":51}},"26":{"start":{"line":34,"column":2},"end":{"line":61,"column":3}},"27":{"start":{"line":36,"column":18},"end":{"line":36,"column":67}},"28":{"start":{"line":37,"column":4},"end":{"line":40,"column":6}},"29":{"start":{"line":41,"column":9},"end":{"line":61,"column":3}},"30":{"start":{"line":43,"column":18},"end":{"line":43,"column":69}},"31":{"start":{"line":44,"column":4},"end":{"line":51,"column":6}},"32":{"start":{"line":54,"column":16},"end":{"line":54,"column":37}},"33":{"start":{"line":55,"column":4},"end":{"line":60,"column":5}},"34":{"start":{"line":56,"column":6},"end":{"line":56,"column":55}},"35":{"start":{"line":58,"column":6},"end":{"line":58,"column":53}},"36":{"start":{"line":59,"column":6},"end":{"line":59,"column":75}}},"fnMap":{"0":{"name":"toggleSubSup","decl":{"start":{"line":1,"column":16},"end":{"line":1,"column":28}},"loc":{"start":{"line":1,"column":60},"end":{"line":62,"column":1}}},"1":{"name":"(anonymous_1)","decl":{"start":{"line":14,"column":19},"end":{"line":14,"column":20}},"loc":{"start":{"line":14,"column":46},"end":{"line":29,"column":3}}}},"branchMap":{"0":{"loc":{"start":{"line":4,"column":19},"end":{"line":4,"column":48}},"type":"cond-expr","locations":[{"start":{"line":4,"column":35},"end":{"line":4,"column":40}},{"start":{"line":4,"column":43},"end":{"line":4,"column":48}}]},"1":{"loc":{"start":{"line":20,"column":6},"end":{"line":20,"column":23}},"type":"if","locations":[{"start":{"line":20,"column":6},"end":{"line":20,"column":23}},{"start":{},"end":{}}]},"2":{"loc":{"start":{"line":22,"column":6},"end":{"line":22,"column":24}},"type":"if","locations":[{"start":{"line":22,"column":6},"end":{"line":22,"column":24}},{"start":{},"end":{}}]},"3":{"loc":{"start":{"line":23,"column":6},"end":{"line":25,"column":7}},"type":"if","locations":[{"start":{"line":23,"column":6},"end":{"line":25,"column":7}},{"start":{},"end":{}}]},"4":{"loc":{"start":{"line":23,"column":10},"end":{"line":23,"column":45}},"type":"binary-expr","locations":[{"start":{"line":23,"column":10},"end":{"line":23,"column":27}},{"start":{"line":23,"column":31},"end":{"line":23,"column":45}}]},"5":{"loc":{"start":{"line":34,"column":2},"end":{"line":61,"column":3}},"type":"if","locations":[{"start":{"line":34,"column":2},"end":{"line":61,"column":3}},{"start":{"line":41,"column":9},"end":{"line":61,"column":3}}]},"6":{"loc":{"start":{"line":41,"column":9},"end":{"line":61,"column":3}},"type":"if","locations":[{"start":{"line":41,"column":9},"end":{"line":61,"column":3}},{"start":{"line":52,"column":9},"end":{"line":61,"column":3}}]},"7":{"loc":{"start":{"line":55,"column":4},"end":{"line":60,"column":5}},"type":"if","locations":[{"start":{"line":55,"column":4},"end":{"line":60,"column":5}},{"start":{"line":57,"column":11},"end":{"line":60,"column":5}}]}},"s":{"0":3,"1":22,"2":22,"3":22,"4":22,"5":22,"6":22,"7":22,"8":22,"9":22,"10":44,"11":44,"12":44,"13":44,"14":46,"15":46,"16":32,"17":14,"18":14,"19":0,"20":14,"21":9,"22":5,"23":35,"24":22,"25":22,"26":22,"27":4,"28":4,"29":18,"30":5,"31":5,"32":13,"33":13,"34":4,"35":9,"36":9},"f":{"0":22,"1":44},"b":{"0":[11,11],"1":[32,14],"2":[0,14],"3":[9,5],"4":[14,11],"5":[4,18],"6":[5,13],"7":[4,9]}}
,"C:\\Users\\Dragus\\Documents\\Obsidian Vault\\.obsidian\\plugins\\onenote-ribbon\\src\\shared\\components\\Dropdown.tsx": {"path":"C:\\Users\\Dragus\\Documents\\Obsidian Vault\\.obsidian\\plugins\\onenote-ribbon\\src\\shared\\components\\Dropdown.tsx","statementMap":{"0":{"start":{"line":12,"column":0},"end":{"line":12,"column":16}},"1":{"start":{"line":1,"column":0},"end":{"line":1,"column":41}},"2":{"start":{"line":2,"column":0},"end":{"line":2,"column":52}},"3":{"start":{"line":13,"column":18},"end":{"line":13,"column":46}},"4":{"start":{"line":14,"column":24},"end":{"line":14,"column":53}},"5":{"start":{"line":16,"column":2},"end":{"line":25,"column":15}},"6":{"start":{"line":17,"column":4},"end":{"line":17,"column":24}},"7":{"start":{"line":17,"column":17},"end":{"line":17,"column":24}},"8":{"start":{"line":18,"column":17},"end":{"line":18,"column":47}},"9":{"start":{"line":19,"column":14},"end":{"line":19,"column":29}},"10":{"start":{"line":20,"column":15},"end":{"line":20,"column":24}},"11":{"start":{"line":21,"column":15},"end":{"line":21,"column":44}},"12":{"start":{"line":22,"column":4},"end":{"line":22,"column":63}},"13":{"start":{"line":22,"column":39},"end":{"line":22,"column":63}},"14":{"start":{"line":23,"column":4},"end":{"line":23,"column":71}},"15":{"start":{"line":23,"column":40},"end":{"line":23,"column":71}},"16":{"start":{"line":24,"column":4},"end":{"line":24,"column":26}},"17":{"start":{"line":27,"column":2},"end":{"line":38,"column":16}},"18":{"start":{"line":28,"column":18},"end":{"line":32,"column":5}},"19":{"start":{"line":29,"column":6},"end":{"line":31,"column":7}},"20":{"start":{"line":30,"column":8},"end":{"line":30,"column":18}},"21":{"start":{"line":33,"column":15},"end":{"line":33,"column":83}},"22":{"start":{"line":33,"column":32},"end":{"line":33,"column":79}},"23":{"start":{"line":34,"column":4},"end":{"line":37,"column":6}},"24":{"start":{"line":35,"column":6},"end":{"line":35,"column":23}},"25":{"start":{"line":36,"column":6},"end":{"line":36,"column":57}},"26":{"start":{"line":40,"column":13},"end":{"line":40,"column":31}},"27":{"start":{"line":41,"column":18},"end":{"line":41,"column":44}},"28":{"start":{"line":42,"column":16},"end":{"line":42,"column":40}},"29":{"start":{"line":43,"column":22},"end":{"line":43,"column":39}},"30":{"start":{"line":45,"column":2},"end":{"line":75,"column":4}},"31":{"start":{"line":67,"column":8},"end":{"line":70,"column":null}},"32":{"start":{"line":81,"column":28},"end":{"line":81,"column":43}},"33":{"start":{"line":82,"column":2},"end":{"line":113,"column":4}},"34":{"start":{"line":96,"column":26},"end":{"line":96,"column":40}},"35":{"start":{"line":97,"column":26},"end":{"line":97,"column":41}},"36":{"start":{"line":98,"column":24},"end":{"line":98,"column":42}},"37":{"start":{"line":100,"column":8},"end":{"line":100,"column":34}},"38":{"start":{"line":100,"column":27},"end":{"line":100,"column":34}},"39":{"start":{"line":101,"column":8},"end":{"line":101,"column":28}},"40":{"start":{"line":102,"column":8},"end":{"line":102,"column":18}},"41":{"start":{"line":103,"column":8},"end":{"line":103,"column":22}},"42":{"start":{"line":117,"column":41},"end":{"line":117,"column":43}},"43":{"start":{"line":118,"column":2},"end":{"line":121,"column":5}},"44":{"start":{"line":119,"column":19},"end":{"line":119,"column":34}},"45":{"start":{"line":120,"column":4},"end":{"line":120,"column":92}},"46":{"start":{"line":120,"column":16},"end":{"line":120,"column":92}},"47":{"start":{"line":120,"column":63},"end":{"line":120,"column":78}},"48":{"start":{"line":122,"column":2},"end":{"line":122,"column":39}}},"fnMap":{"0":{"name":"Dropdown","decl":{"start":{"line":12,"column":16},"end":{"line":12,"column":24}},"loc":{"start":{"line":12,"column":64},"end":{"line":76,"column":1}}},"1":{"name":"(anonymous_1)","decl":{"start":{"line":16,"column":12},"end":{"line":16,"column":15}},"loc":{"start":{"line":16,"column":17},"end":{"line":25,"column":3}}},"2":{"name":"(anonymous_2)","decl":{"start":{"line":27,"column":12},"end":{"line":27,"column":15}},"loc":{"start":{"line":27,"column":17},"end":{"line":38,"column":3}}},"3":{"name":"(anonymous_3)","decl":{"start":{"line":28,"column":18},"end":{"line":28,"column":19}},"loc":{"start":{"line":28,"column":36},"end":{"line":32,"column":5}}},"4":{"name":"(anonymous_4)","decl":{"start":{"line":33,"column":26},"end":{"line":33,"column":29}},"loc":{"start":{"line":33,"column":32},"end":{"line":33,"column":79}}},"5":{"name":"(anonymous_5)","decl":{"start":{"line":34,"column":11},"end":{"line":34,"column":14}},"loc":{"start":{"line":34,"column":16},"end":{"line":37,"column":5}}},"6":{"name":"(anonymous_6)","decl":{"start":{"line":66,"column":17},"end":{"line":66,"column":18}},"loc":{"start":{"line":67,"column":8},"end":{"line":70,"column":null}}},"7":{"name":"DropdownRow","decl":{"start":{"line":78,"column":9},"end":{"line":78,"column":20}},"loc":{"start":{"line":80,"column":1},"end":{"line":114,"column":1}}},"8":{"name":"(anonymous_8)","decl":{"start":{"line":96,"column":20},"end":{"line":96,"column":23}},"loc":{"start":{"line":96,"column":26},"end":{"line":96,"column":40}}},"9":{"name":"(anonymous_9)","decl":{"start":{"line":97,"column":20},"end":{"line":97,"column":23}},"loc":{"start":{"line":97,"column":26},"end":{"line":97,"column":41}}},"10":{"name":"(anonymous_10)","decl":{"start":{"line":98,"column":19},"end":{"line":98,"column":20}},"loc":{"start":{"line":98,"column":24},"end":{"line":98,"column":42}}},"11":{"name":"(anonymous_11)","decl":{"start":{"line":99,"column":15},"end":{"line":99,"column":16}},"loc":{"start":{"line":99,"column":19},"end":{"line":104,"column":7}}},"12":{"name":"parseCssString","decl":{"start":{"line":116,"column":9},"end":{"line":116,"column":23}},"loc":{"start":{"line":116,"column":35},"end":{"line":123,"column":1}}},"13":{"name":"(anonymous_13)","decl":{"start":{"line":118,"column":25},"end":{"line":118,"column":29}},"loc":{"start":{"line":118,"column":32},"end":{"line":121,"column":3}}},"14":{"name":"(anonymous_14)","decl":{"start":{"line":120,"column":53},"end":{"line":120,"column":54}},"loc":{"start":{"line":120,"column":63},"end":{"line":120,"column":78}}}},"branchMap":{"0":{"loc":{"start":{"line":17,"column":4},"end":{"line":17,"column":24}},"type":"if","locations":[{"start":{"line":17,"column":4},"end":{"line":17,"column":24}},{"start":{},"end":{}}]},"1":{"loc":{"start":{"line":21,"column":15},"end":{"line":21,"column":44}},"type":"cond-expr","locations":[{"start":{"line":21,"column":35},"end":{"line":21,"column":38}},{"start":{"line":21,"column":41},"end":{"line":21,"column":44}}]},"2":{"loc":{"start":{"line":22,"column":4},"end":{"line":22,"column":63}},"type":"if","locations":[{"start":{"line":22,"column":4},"end":{"line":22,"column":63}},{"start":{},"end":{}}]},"3":{"loc":{"start":{"line":23,"column":4},"end":{"line":23,"column":71}},"type":"if","locations":[{"start":{"line":23,"column":4},"end":{"line":23,"column":71}},{"start":{},"end":{}}]},"4":{"loc":{"start":{"line":29,"column":6},"end":{"line":31,"column":7}},"type":"if","locations":[{"start":{"line":29,"column":6},"end":{"line":31,"column":7}},{"start":{},"end":{}}]},"5":{"loc":{"start":{"line":29,"column":10},"end":{"line":29,"column":72}},"type":"binary-expr","locations":[{"start":{"line":29,"column":10},"end":{"line":29,"column":25}},{"start":{"line":29,"column":29},"end":{"line":29,"column":72}}]},"6":{"loc":{"start":{"line":40,"column":13},"end":{"line":40,"column":31}},"type":"binary-expr","locations":[{"start":{"line":40,"column":13},"end":{"line":40,"column":21}},{"start":{"line":40,"column":25},"end":{"line":40,"column":31}}]},"7":{"loc":{"start":{"line":41,"column":18},"end":{"line":41,"column":44}},"type":"binary-expr","locations":[{"start":{"line":41,"column":18},"end":{"line":41,"column":31}},{"start":{"line":41,"column":35},"end":{"line":41,"column":44}}]},"8":{"loc":{"start":{"line":42,"column":16},"end":{"line":42,"column":40}},"type":"binary-expr","locations":[{"start":{"line":42,"column":16},"end":{"line":42,"column":27}},{"start":{"line":42,"column":31},"end":{"line":42,"column":40}}]},"9":{"loc":{"start":{"line":63,"column":12},"end":{"line":63,"column":68}},"type":"cond-expr","locations":[{"start":{"line":63,"column":26},"end":{"line":63,"column":63}},{"start":{"line":63,"column":66},"end":{"line":63,"column":68}}]},"10":{"loc":{"start":{"line":67,"column":8},"end":{"line":70,"column":null}},"type":"cond-expr","locations":[{"start":{"line":68,"column":10},"end":{"line":68,"column":23}},{"start":{"line":70,"column":10},"end":{"line":70,"column":31}}]},"11":{"loc":{"start":{"line":87,"column":16},"end":{"line":87,"column":53}},"type":"cond-expr","locations":[{"start":{"line":87,"column":32},"end":{"line":87,"column":41}},{"start":{"line":87,"column":44},"end":{"line":87,"column":53}}]},"12":{"loc":{"start":{"line":88,"column":15},"end":{"line":88,"column":48}},"type":"cond-expr","locations":[{"start":{"line":88,"column":31},"end":{"line":88,"column":40}},{"start":{"line":88,"column":43},"end":{"line":88,"column":48}}]},"13":{"loc":{"start":{"line":89,"column":20},"end":{"line":89,"column":58}},"type":"cond-expr","locations":[{"start":{"line":89,"column":46},"end":{"line":89,"column":53}},{"start":{"line":89,"column":56},"end":{"line":89,"column":58}}]},"14":{"loc":{"start":{"line":89,"column":20},"end":{"line":89,"column":43}},"type":"binary-expr","locations":[{"start":{"line":89,"column":20},"end":{"line":89,"column":25}},{"start":{"line":89,"column":29},"end":{"line":89,"column":43}}]},"15":{"loc":{"start":{"line":94,"column":12},"end":{"line":94,"column":56}},"type":"cond-expr","locations":[{"start":{"line":94,"column":25},"end":{"line":94,"column":51}},{"start":{"line":94,"column":54},"end":{"line":94,"column":56}}]},"16":{"loc":{"start":{"line":100,"column":8},"end":{"line":100,"column":34}},"type":"if","locations":[{"start":{"line":100,"column":8},"end":{"line":100,"column":34}},{"start":{},"end":{}}]},"17":{"loc":{"start":{"line":107,"column":7},"end":{"line":110,"column":null}},"type":"binary-expr","locations":[{"start":{"line":107,"column":7},"end":{"line":107,"column":20}},{"start":{"line":108,"column":8},"end":{"line":109,"column":null}}]},"18":{"loc":{"start":{"line":120,"column":4},"end":{"line":120,"column":92}},"type":"if","locations":[{"start":{"line":120,"column":4},"end":{"line":120,"column":92}},{"start":{},"end":{}}]},"19":{"loc":{"start":{"line":120,"column":8},"end":{"line":120,"column":14}},"type":"binary-expr","locations":[{"start":{"line":120,"column":8},"end":{"line":120,"column":9}},{"start":{"line":120,"column":13},"end":{"line":120,"column":14}}]}},"s":{"0":7,"1":7,"2":7,"3":62,"4":62,"5":62,"6":31,"7":0,"8":31,"9":31,"10":31,"11":31,"12":31,"13":0,"14":31,"15":0,"16":31,"17":62,"18":31,"19":1,"20":0,"21":31,"22":1,"23":31,"24":31,"25":31,"26":62,"27":62,"28":62,"29":62,"30":62,"31":626,"32":618,"33":618,"34":0,"35":0,"36":0,"37":21,"38":1,"39":20,"40":20,"41":20,"42":276,"43":276,"44":698,"45":698,"46":698,"47":432,"48":276},"f":{"0":62,"1":31,"2":31,"3":1,"4":1,"5":31,"6":626,"7":618,"8":0,"9":0,"10":0,"11":21,"12":276,"13":698,"14":432},"b":{"0":[0,31],"1":[5,26],"2":[0,31],"3":[0,31],"4":[0,1],"5":[1,1],"6":[62,54],"7":[62,54],"8":[62,54],"9":[10,52],"10":[8,618],"11":[10,608],"12":[10,608],"13":[0,618],"14":[618,0],"15":[276,342],"16":[1,20],"17":[618,76],"18":[698,0],"19":[698,698]}}
,"C:\\Users\\Dragus\\Documents\\Obsidian Vault\\.obsidian\\plugins\\onenote-ribbon\\src\\shared\\components\\GroupShell.tsx": {"path":"C:\\Users\\Dragus\\Documents\\Obsidian Vault\\.obsidian\\plugins\\onenote-ribbon\\src\\shared\\components\\GroupShell.tsx","statementMap":{"0":{"start":{"line":10,"column":0},"end":{"line":10,"column":16}},"1":{"start":{"line":11,"column":2},"end":{"line":16,"column":4}}},"fnMap":{"0":{"name":"GroupShell","decl":{"start":{"line":10,"column":16},"end":{"line":10,"column":26}},"loc":{"start":{"line":10,"column":70},"end":{"line":17,"column":1}}}},"branchMap":{},"s":{"0":16,"1":333},"f":{"0":333},"b":{}}
,"C:\\Users\\Dragus\\Documents\\Obsidian Vault\\.obsidian\\plugins\\onenote-ribbon\\src\\shared\\components\\RibbonButton.tsx": {"path":"C:\\Users\\Dragus\\Documents\\Obsidian Vault\\.obsidian\\plugins\\onenote-ribbon\\src\\shared\\components\\RibbonButton.tsx","statementMap":{"0":{"start":{"line":16,"column":0},"end":{"line":16,"column":16}},"1":{"start":{"line":21,"column":26},"end":{"line":25,"column":3}},"2":{"start":{"line":22,"column":4},"end":{"line":22,"column":23}},"3":{"start":{"line":23,"column":4},"end":{"line":23,"column":24}},"4":{"start":{"line":24,"column":4},"end":{"line":24,"column":21}},"5":{"start":{"line":27,"column":2},"end":{"line":39,"column":4}}},"fnMap":{"0":{"name":"RibbonButton","decl":{"start":{"line":16,"column":16},"end":{"line":16,"column":28}},"loc":{"start":{"line":20,"column":8},"end":{"line":40,"column":1}}},"1":{"name":"(anonymous_1)","decl":{"start":{"line":21,"column":26},"end":{"line":21,"column":27}},"loc":{"start":{"line":21,"column":50},"end":{"line":25,"column":3}}}},"branchMap":{"0":{"loc":{"start":{"line":18,"column":2},"end":{"line":18,"column":26}},"type":"default-arg","locations":[{"start":{"line":18,"column":14},"end":{"line":18,"column":26}}]},"1":{"loc":{"start":{"line":29,"column":32},"end":{"line":29,"column":59}},"type":"cond-expr","locations":[{"start":{"line":29,"column":41},"end":{"line":29,"column":54}},{"start":{"line":29,"column":57},"end":{"line":29,"column":59}}]},"2":{"loc":{"start":{"line":29,"column":62},"end":{"line":29,"column":93}},"type":"cond-expr","locations":[{"start":{"line":29,"column":73},"end":{"line":29,"column":88}},{"start":{"line":29,"column":91},"end":{"line":29,"column":93}}]},"3":{"loc":{"start":{"line":34,"column":11},"end":{"line":34,"column":67}},"type":"cond-expr","locations":[{"start":{"line":34,"column":30},"end":{"line":34,"column":62}},{"start":{"line":34,"column":65},"end":{"line":34,"column":67}}]},"4":{"loc":{"start":{"line":37,"column":7},"end":{"line":37,"column":65}},"type":"binary-expr","locations":[{"start":{"line":37,"column":7},"end":{"line":37,"column":12}},{"start":{"line":37,"column":16},"end":{"line":37,"column":65}}]}},"s":{"0":17,"1":3040,"2":1,"3":1,"4":1,"5":3040},"f":{"0":3040,"1":1},"b":{"0":[2762],"1":[19,3021],"2":[1,3039],"3":[2988,52],"4":[3040,3040]}}
,"C:\\Users\\Dragus\\Documents\\Obsidian Vault\\.obsidian\\plugins\\onenote-ribbon\\src\\shared\\context\\AppContext.ts": {"path":"C:\\Users\\Dragus\\Documents\\Obsidian Vault\\.obsidian\\plugins\\onenote-ribbon\\src\\shared\\context\\AppContext.ts","statementMap":{"0":{"start":{"line":1,"column":0},"end":{"line":1,"column":50}},"1":{"start":{"line":4,"column":13},"end":{"line":4,"column":52}},"2":{"start":{"line":5,"column":22},"end":{"line":5,"column":50}},"3":{"start":{"line":5,"column":28},"end":{"line":5,"column":50}},"4":{"start":{"line":5,"column":13},"end":{"line":5,"column":22}}},"fnMap":{"0":{"name":"(anonymous_0)","decl":{"start":{"line":5,"column":22},"end":{"line":5,"column":25}},"loc":{"start":{"line":5,"column":28},"end":{"line":5,"column":50}}}},"branchMap":{},"s":{"0":16,"1":16,"2":16,"3":339,"4":16},"f":{"0":339},"b":{}}
,"C:\\Users\\Dragus\\Documents\\Obsidian Vault\\.obsidian\\plugins\\onenote-ribbon\\src\\shared\\context\\FormatPainterContext.ts": {"path":"C:\\Users\\Dragus\\Documents\\Obsidian Vault\\.obsidian\\plugins\\onenote-ribbon\\src\\shared\\context\\FormatPainterContext.ts","statementMap":{"0":{"start":{"line":1,"column":0},"end":{"line":1,"column":50}},"1":{"start":{"line":11,"column":13},"end":{"line":11,"column":73}},"2":{"start":{"line":12,"column":21},"end":{"line":12,"column":59}},"3":{"start":{"line":12,"column":27},"end":{"line":12,"column":59}},"4":{"start":{"line":12,"column":13},"end":{"line":12,"column":21}}},"fnMap":{"0":{"name":"(anonymous_0)","decl":{"start":{"line":12,"column":21},"end":{"line":12,"column":24}},"loc":{"start":{"line":12,"column":27},"end":{"line":12,"column":59}}}},"branchMap":{},"s":{"0":15,"1":15,"2":15,"3":46,"4":15},"f":{"0":46},"b":{}}
,"C:\\Users\\Dragus\\Documents\\Obsidian Vault\\.obsidian\\plugins\\onenote-ribbon\\src\\shared\\hooks\\useEditorState.ts": {"path":"C:\\Users\\Dragus\\Documents\\Obsidian Vault\\.obsidian\\plugins\\onenote-ribbon\\src\\shared\\hooks\\useEditorState.ts","statementMap":{"0":{"start":{"line":27,"column":0},"end":{"line":27,"column":16}},"1":{"start":{"line":1,"column":0},"end":{"line":1,"column":44}},"2":{"start":{"line":19,"column":29},"end":{"line":25,"column":2}},"3":{"start":{"line":28,"column":28},"end":{"line":28,"column":58}},"4":{"start":{"line":30,"column":2},"end":{"line":89,"column":12}},"5":{"start":{"line":31,"column":17},"end":{"line":69,"column":5}},"6":{"start":{"line":32,"column":21},"end":{"line":32,"column":55}},"7":{"start":{"line":33,"column":6},"end":{"line":33,"column":49}},"8":{"start":{"line":33,"column":21},"end":{"line":33,"column":39}},"9":{"start":{"line":33,"column":40},"end":{"line":33,"column":47}},"10":{"start":{"line":35,"column":21},"end":{"line":35,"column":39}},"11":{"start":{"line":36,"column":19},"end":{"line":36,"column":46}},"12":{"start":{"line":37,"column":17},"end":{"line":37,"column":45}},"13":{"start":{"line":38,"column":17},"end":{"line":38,"column":26}},"14":{"start":{"line":40,"column":24},"end":{"line":40,"column":49}},"15":{"start":{"line":42,"column":20},"end":{"line":53,"column":7}},"16":{"start":{"line":43,"column":16},"end":{"line":43,"column":17}},"17":{"start":{"line":44,"column":8},"end":{"line":51,"column":9}},"18":{"start":{"line":45,"column":20},"end":{"line":45,"column":41}},"19":{"start":{"line":46,"column":10},"end":{"line":46,"column":27}},"20":{"start":{"line":46,"column":21},"end":{"line":46,"column":27}},"21":{"start":{"line":47,"column":20},"end":{"line":47,"column":42}},"22":{"start":{"line":48,"column":10},"end":{"line":48,"column":27}},"23":{"start":{"line":48,"column":21},"end":{"line":48,"column":27}},"24":{"start":{"line":49,"column":10},"end":{"line":49,"column":77}},"25":{"start":{"line":49,"column":65},"end":{"line":49,"column":77}},"26":{"start":{"line":50,"column":10},"end":{"line":50,"column":31}},"27":{"start":{"line":52,"column":8},"end":{"line":52,"column":21}},"28":{"start":{"line":55,"column":6},"end":{"line":68,"column":9}},"29":{"start":{"line":71,"column":23},"end":{"line":71,"column":56}},"30":{"start":{"line":71,"column":29},"end":{"line":71,"column":56}},"31":{"start":{"line":72,"column":15},"end":{"line":72,"column":68}},"32":{"start":{"line":73,"column":4},"end":{"line":73,"column":51}},"33":{"start":{"line":74,"column":4},"end":{"line":74,"column":51}},"34":{"start":{"line":76,"column":25},"end":{"line":76,"column":52}},"35":{"start":{"line":76,"column":31},"end":{"line":76,"column":52}},"36":{"start":{"line":77,"column":27},"end":{"line":77,"column":60}},"37":{"start":{"line":77,"column":33},"end":{"line":77,"column":60}},"38":{"start":{"line":78,"column":17},"end":{"line":78,"column":69}},"39":{"start":{"line":79,"column":17},"end":{"line":79,"column":66}},"40":{"start":{"line":81,"column":4},"end":{"line":81,"column":26}},"41":{"start":{"line":83,"column":4},"end":{"line":88,"column":6}},"42":{"start":{"line":84,"column":6},"end":{"line":84,"column":56}},"43":{"start":{"line":85,"column":6},"end":{"line":85,"column":56}},"44":{"start":{"line":86,"column":6},"end":{"line":86,"column":33}},"45":{"start":{"line":87,"column":6},"end":{"line":87,"column":33}},"46":{"start":{"line":91,"column":2},"end":{"line":91,"column":15}}},"fnMap":{"0":{"name":"useEditorState","decl":{"start":{"line":27,"column":16},"end":{"line":27,"column":30}},"loc":{"start":{"line":27,"column":39},"end":{"line":92,"column":1}}},"1":{"name":"(anonymous_1)","decl":{"start":{"line":30,"column":12},"end":{"line":30,"column":15}},"loc":{"start":{"line":30,"column":17},"end":{"line":89,"column":3}}},"2":{"name":"(anonymous_2)","decl":{"start":{"line":31,"column":17},"end":{"line":31,"column":20}},"loc":{"start":{"line":31,"column":22},"end":{"line":69,"column":5}}},"3":{"name":"(anonymous_3)","decl":{"start":{"line":42,"column":20},"end":{"line":42,"column":21}},"loc":{"start":{"line":42,"column":52},"end":{"line":53,"column":7}}},"4":{"name":"(anonymous_4)","decl":{"start":{"line":71,"column":23},"end":{"line":71,"column":26}},"loc":{"start":{"line":71,"column":29},"end":{"line":71,"column":56}}},"5":{"name":"(anonymous_5)","decl":{"start":{"line":76,"column":25},"end":{"line":76,"column":28}},"loc":{"start":{"line":76,"column":31},"end":{"line":76,"column":52}}},"6":{"name":"(anonymous_6)","decl":{"start":{"line":77,"column":27},"end":{"line":77,"column":30}},"loc":{"start":{"line":77,"column":33},"end":{"line":77,"column":60}}},"7":{"name":"(anonymous_7)","decl":{"start":{"line":83,"column":11},"end":{"line":83,"column":14}},"loc":{"start":{"line":83,"column":16},"end":{"line":88,"column":5}}}},"branchMap":{"0":{"loc":{"start":{"line":33,"column":6},"end":{"line":33,"column":49}},"type":"if","locations":[{"start":{"line":33,"column":6},"end":{"line":33,"column":49}},{"start":{},"end":{}}]},"1":{"loc":{"start":{"line":46,"column":10},"end":{"line":46,"column":27}},"type":"if","locations":[{"start":{"line":46,"column":10},"end":{"line":46,"column":27}},{"start":{},"end":{}}]},"2":{"loc":{"start":{"line":48,"column":10},"end":{"line":48,"column":27}},"type":"if","locations":[{"start":{"line":48,"column":10},"end":{"line":48,"column":27}},{"start":{},"end":{}}]},"3":{"loc":{"start":{"line":49,"column":10},"end":{"line":49,"column":77}},"type":"if","locations":[{"start":{"line":49,"column":10},"end":{"line":49,"column":77}},{"start":{},"end":{}}]},"4":{"loc":{"start":{"line":49,"column":14},"end":{"line":49,"column":63}},"type":"binary-expr","locations":[{"start":{"line":49,"column":14},"end":{"line":49,"column":38}},{"start":{"line":49,"column":42},"end":{"line":49,"column":63}}]},"5":{"loc":{"start":{"line":57,"column":23},"end":{"line":57,"column":94}},"type":"binary-expr","locations":[{"start":{"line":57,"column":23},"end":{"line":57,"column":62}},{"start":{"line":57,"column":66},"end":{"line":57,"column":94}}]},"6":{"loc":{"start":{"line":65,"column":23},"end":{"line":65,"column":58}},"type":"cond-expr","locations":[{"start":{"line":65,"column":35},"end":{"line":65,"column":54}},{"start":{"line":65,"column":57},"end":{"line":65,"column":58}}]},"7":{"loc":{"start":{"line":66,"column":24},"end":{"line":66,"column":71}},"type":"binary-expr","locations":[{"start":{"line":66,"column":24},"end":{"line":66,"column":65}},{"start":{"line":66,"column":69},"end":{"line":66,"column":71}}]},"8":{"loc":{"start":{"line":67,"column":31},"end":{"line":67,"column":82}},"type":"binary-expr","locations":[{"start":{"line":67,"column":31},"end":{"line":67,"column":76}},{"start":{"line":67,"column":80},"end":{"line":67,"column":82}}]},"9":{"loc":{"start":{"line":72,"column":15},"end":{"line":72,"column":68}},"type":"binary-expr","locations":[{"start":{"line":72,"column":15},"end":{"line":72,"column":51}},{"start":{"line":72,"column":55},"end":{"line":72,"column":68}}]}},"s":{"0":2,"1":2,"2":2,"3":215,"4":215,"5":110,"6":106,"7":106,"8":1,"9":1,"10":105,"11":105,"12":105,"13":105,"14":105,"15":105,"16":210,"17":210,"18":211,"19":211,"20":194,"21":17,"22":17,"23":0,"24":17,"25":7,"26":10,"27":203,"28":105,"29":110,"30":2,"31":110,"32":110,"33":110,"34":110,"35":0,"36":110,"37":0,"38":110,"39":110,"40":110,"41":110,"42":110,"43":110,"44":110,"45":110,"46":215},"f":{"0":215,"1":110,"2":106,"3":210,"4":2,"5":0,"6":0,"7":110},"b":{"0":[1,105],"1":[194,17],"2":[0,17],"3":[7,10],"4":[17,10],"5":[105,91],"6":[11,94],"7":[105,105],"8":[105,105],"9":[110,110]}}
,"C:\\Users\\Dragus\\Documents\\Obsidian Vault\\.obsidian\\plugins\\onenote-ribbon\\src\\shared\\hooks\\useFormatPainter.ts": {"path":"C:\\Users\\Dragus\\Documents\\Obsidian Vault\\.obsidian\\plugins\\onenote-ribbon\\src\\shared\\hooks\\useFormatPainter.ts","statementMap":{"0":{"start":{"line":10,"column":0},"end":{"line":10,"column":16}},"1":{"start":{"line":1,"column":0},"end":{"line":1,"column":33}},"2":{"start":{"line":11,"column":30},"end":{"line":11,"column":45}},"3":{"start":{"line":12,"column":30},"end":{"line":12,"column":61}},"4":{"start":{"line":14,"column":18},"end":{"line":14,"column":73}},"5":{"start":{"line":14,"column":39},"end":{"line":14,"column":54}},"6":{"start":{"line":14,"column":55},"end":{"line":14,"column":71}},"7":{"start":{"line":15,"column":18},"end":{"line":15,"column":62}},"8":{"start":{"line":15,"column":26},"end":{"line":15,"column":42}},"9":{"start":{"line":15,"column":43},"end":{"line":15,"column":60}},"10":{"start":{"line":17,"column":2},"end":{"line":17,"column":44}}},"fnMap":{"0":{"name":"useFormatPainter","decl":{"start":{"line":10,"column":16},"end":{"line":10,"column":32}},"loc":{"start":{"line":10,"column":32},"end":{"line":18,"column":1}}},"1":{"name":"(anonymous_1)","decl":{"start":{"line":14,"column":18},"end":{"line":14,"column":19}},"loc":{"start":{"line":14,"column":36},"end":{"line":14,"column":73}}},"2":{"name":"(anonymous_2)","decl":{"start":{"line":15,"column":18},"end":{"line":15,"column":21}},"loc":{"start":{"line":15,"column":23},"end":{"line":15,"column":62}}}},"branchMap":{},"s":{"0":2,"1":2,"2":10,"3":10,"4":10,"5":2,"6":2,"7":10,"8":1,"9":1,"10":10},"f":{"0":10,"1":2,"2":1},"b":{}}
,"C:\\Users\\Dragus\\Documents\\Obsidian Vault\\.obsidian\\plugins\\onenote-ribbon\\src\\tabs\\home\\HomeTabPanel.tsx": {"path":"C:\\Users\\Dragus\\Documents\\Obsidian Vault\\.obsidian\\plugins\\onenote-ribbon\\src\\tabs\\home\\HomeTabPanel.tsx","statementMap":{"0":{"start":{"line":15,"column":0},"end":{"line":15,"column":16}},"1":{"start":{"line":1,"column":0},"end":{"line":1,"column":44}},"2":{"start":{"line":2,"column":0},"end":{"line":2,"column":57}},"3":{"start":{"line":3,"column":0},"end":{"line":3,"column":67}},"4":{"start":{"line":4,"column":0},"end":{"line":4,"column":71}},"5":{"start":{"line":5,"column":0},"end":{"line":5,"column":81}},"6":{"start":{"line":6,"column":0},"end":{"line":6,"column":51}},"7":{"start":{"line":7,"column":0},"end":{"line":7,"column":60}},"8":{"start":{"line":8,"column":0},"end":{"line":8,"column":61}},"9":{"start":{"line":9,"column":0},"end":{"line":9,"column":51}},"10":{"start":{"line":10,"column":0},"end":{"line":10,"column":45}},"11":{"start":{"line":11,"column":0},"end":{"line":11,"column":48}},"12":{"start":{"line":12,"column":0},"end":{"line":12,"column":57}},"13":{"start":{"line":13,"column":0},"end":{"line":13,"column":83}},"14":{"start":{"line":16,"column":14},"end":{"line":16,"column":22}},"15":{"start":{"line":17,"column":22},"end":{"line":17,"column":41}},"16":{"start":{"line":18,"column":13},"end":{"line":18,"column":31}},"17":{"start":{"line":19,"column":42},"end":{"line":19,"column":53}},"18":{"start":{"line":21,"column":2},"end":{"line":27,"column":30}},"19":{"start":{"line":22,"column":26},"end":{"line":22,"column":37}},"20":{"start":{"line":23,"column":4},"end":{"line":26,"column":5}},"21":{"start":{"line":24,"column":22},"end":{"line":24,"column":82}},"22":{"start":{"line":25,"column":6},"end":{"line":25,"column":31}},"23":{"start":{"line":29,"column":2},"end":{"line":44,"column":16}},"24":{"start":{"line":30,"column":22},"end":{"line":40,"column":5}},"25":{"start":{"line":31,"column":6},"end":{"line":31,"column":29}},"26":{"start":{"line":31,"column":22},"end":{"line":31,"column":29}},"27":{"start":{"line":32,"column":6},"end":{"line":32,"column":63}},"28":{"start":{"line":32,"column":56},"end":{"line":32,"column":63}},"29":{"start":{"line":33,"column":6},"end":{"line":39,"column":9}},"30":{"start":{"line":34,"column":23},"end":{"line":34,"column":57}},"31":{"start":{"line":35,"column":20},"end":{"line":35,"column":42}},"32":{"start":{"line":36,"column":8},"end":{"line":36,"column":19}},"33":{"start":{"line":37,"column":8},"end":{"line":37,"column":50}},"34":{"start":{"line":37,"column":43},"end":{"line":37,"column":50}},"35":{"start":{"line":38,"column":8},"end":{"line":38,"column":51}},"36":{"start":{"line":41,"column":15},"end":{"line":41,"column":68}},"37":{"start":{"line":42,"column":4},"end":{"line":42,"column":52}},"38":{"start":{"line":43,"column":4},"end":{"line":43,"column":68}},"39":{"start":{"line":43,"column":17},"end":{"line":43,"column":67}},"40":{"start":{"line":46,"column":2},"end":{"line":61,"column":4}}},"fnMap":{"0":{"name":"HomeTabPanel","decl":{"start":{"line":15,"column":16},"end":{"line":15,"column":28}},"loc":{"start":{"line":15,"column":28},"end":{"line":62,"column":1}}},"1":{"name":"(anonymous_1)","decl":{"start":{"line":21,"column":12},"end":{"line":21,"column":15}},"loc":{"start":{"line":21,"column":17},"end":{"line":27,"column":3}}},"2":{"name":"(anonymous_2)","decl":{"start":{"line":29,"column":12},"end":{"line":29,"column":15}},"loc":{"start":{"line":29,"column":17},"end":{"line":44,"column":3}}},"3":{"name":"(anonymous_3)","decl":{"start":{"line":30,"column":22},"end":{"line":30,"column":23}},"loc":{"start":{"line":30,"column":40},"end":{"line":40,"column":5}}},"4":{"name":"(anonymous_4)","decl":{"start":{"line":33,"column":28},"end":{"line":33,"column":31}},"loc":{"start":{"line":33,"column":33},"end":{"line":39,"column":7}}},"5":{"name":"(anonymous_5)","decl":{"start":{"line":43,"column":11},"end":{"line":43,"column":14}},"loc":{"start":{"line":43,"column":17},"end":{"line":43,"column":67}}}},"branchMap":{"0":{"loc":{"start":{"line":23,"column":4},"end":{"line":26,"column":5}},"type":"if","locations":[{"start":{"line":23,"column":4},"end":{"line":26,"column":5}},{"start":{},"end":{}}]},"1":{"loc":{"start":{"line":23,"column":8},"end":{"line":23,"column":40}},"type":"binary-expr","locations":[{"start":{"line":23,"column":8},"end":{"line":23,"column":22}},{"start":{"line":23,"column":26},"end":{"line":23,"column":40}}]},"2":{"loc":{"start":{"line":31,"column":6},"end":{"line":31,"column":29}},"type":"if","locations":[{"start":{"line":31,"column":6},"end":{"line":31,"column":29}},{"start":{},"end":{}}]},"3":{"loc":{"start":{"line":32,"column":6},"end":{"line":32,"column":63}},"type":"if","locations":[{"start":{"line":32,"column":6},"end":{"line":32,"column":63}},{"start":{},"end":{}}]},"4":{"loc":{"start":{"line":37,"column":8},"end":{"line":37,"column":50}},"type":"if","locations":[{"start":{"line":37,"column":8},"end":{"line":37,"column":50}},{"start":{},"end":{}}]},"5":{"loc":{"start":{"line":37,"column":12},"end":{"line":37,"column":41}},"type":"binary-expr","locations":[{"start":{"line":37,"column":12},"end":{"line":37,"column":22}},{"start":{"line":37,"column":26},"end":{"line":37,"column":33}},{"start":{"line":37,"column":37},"end":{"line":37,"column":41}}]},"6":{"loc":{"start":{"line":41,"column":15},"end":{"line":41,"column":68}},"type":"binary-expr","locations":[{"start":{"line":41,"column":15},"end":{"line":41,"column":51}},{"start":{"line":41,"column":55},"end":{"line":41,"column":68}}]}},"s":{"0":1,"1":1,"2":1,"3":1,"4":1,"5":1,"6":1,"7":1,"8":1,"9":1,"10":1,"11":1,"12":1,"13":1,"14":4,"15":4,"16":4,"17":4,"18":4,"19":4,"20":4,"21":0,"22":0,"23":4,"24":4,"25":0,"26":0,"27":0,"28":0,"29":0,"30":0,"31":0,"32":0,"33":0,"34":0,"35":0,"36":4,"37":4,"38":4,"39":4,"40":4},"f":{"0":4,"1":4,"2":4,"3":0,"4":0,"5":4},"b":{"0":[0,4],"1":[4,0],"2":[0,0],"3":[0,0],"4":[0,0],"5":[0,0,0],"6":[4,4]}}
,"C:\\Users\\Dragus\\Documents\\Obsidian Vault\\.obsidian\\plugins\\onenote-ribbon\\src\\tabs\\home\\basic-text\\BasicTextGroup.tsx": {"path":"C:\\Users\\Dragus\\Documents\\Obsidian Vault\\.obsidian\\plugins\\onenote-ribbon\\src\\tabs\\home\\basic-text\\BasicTextGroup.tsx","statementMap":{"0":{"start":{"line":17,"column":0},"end":{"line":17,"column":16}},"1":{"start":{"line":1,"column":0},"end":{"line":1,"column":60}},"2":{"start":{"line":2,"column":0},"end":{"line":2,"column":67}},"3":{"start":{"line":3,"column":0},"end":{"line":3,"column":71}},"4":{"start":{"line":4,"column":0},"end":{"line":4,"column":63}},"5":{"start":{"line":6,"column":0},"end":{"line":6,"column":60}},"6":{"start":{"line":7,"column":0},"end":{"line":7,"column":60}},"7":{"start":{"line":8,"column":0},"end":{"line":8,"column":68}},"8":{"start":{"line":9,"column":0},"end":{"line":9,"column":52}},"9":{"start":{"line":10,"column":0},"end":{"line":10,"column":34}},"10":{"start":{"line":11,"column":0},"end":{"line":11,"column":41}},"11":{"start":{"line":18,"column":14},"end":{"line":18,"column":22}},"12":{"start":{"line":19,"column":13},"end":{"line":19,"column":53}},"13":{"start":{"line":19,"column":19},"end":{"line":19,"column":53}},"14":{"start":{"line":20,"column":15},"end":{"line":20,"column":66}},"15":{"start":{"line":20,"column":31},"end":{"line":20,"column":66}},"16":{"start":{"line":22,"column":38},"end":{"line":22,"column":72}},"17":{"start":{"line":23,"column":38},"end":{"line":23,"column":72}},"18":{"start":{"line":24,"column":40},"end":{"line":24,"column":74}},"19":{"start":{"line":25,"column":40},"end":{"line":25,"column":74}},"20":{"start":{"line":26,"column":18},"end":{"line":26,"column":46}},"21":{"start":{"line":27,"column":18},"end":{"line":27,"column":46}},"22":{"start":{"line":28,"column":19},"end":{"line":28,"column":47}},"23":{"start":{"line":29,"column":19},"end":{"line":29,"column":47}},"24":{"start":{"line":31,"column":18},"end":{"line":35,"column":3}},"25":{"start":{"line":32,"column":14},"end":{"line":32,"column":18}},"26":{"start":{"line":33,"column":4},"end":{"line":33,"column":19}},"27":{"start":{"line":33,"column":12},"end":{"line":33,"column":19}},"28":{"start":{"line":34,"column":4},"end":{"line":34,"column":31}},"29":{"start":{"line":37,"column":16},"end":{"line":50,"column":4}},"30":{"start":{"line":51,"column":16},"end":{"line":51,"column":78}},"31":{"start":{"line":52,"column":17},"end":{"line":63,"column":4}},"32":{"start":{"line":65,"column":2},"end":{"line":333,"column":4}},"33":{"start":{"line":82,"column":29},"end":{"line":82,"column":59}},"34":{"start":{"line":90,"column":29},"end":{"line":90,"column":59}},"35":{"start":{"line":98,"column":24},"end":{"line":98,"column":28}},"36":{"start":{"line":99,"column":14},"end":{"line":99,"column":47}},"37":{"start":{"line":99,"column":21},"end":{"line":99,"column":47}},"38":{"start":{"line":107,"column":24},"end":{"line":107,"column":28}},"39":{"start":{"line":108,"column":14},"end":{"line":108,"column":48}},"40":{"start":{"line":108,"column":21},"end":{"line":108,"column":48}},"41":{"start":{"line":114,"column":27},"end":{"line":114,"column":55}},"42":{"start":{"line":119,"column":27},"end":{"line":119,"column":53}},"43":{"start":{"line":124,"column":27},"end":{"line":124,"column":41}},"44":{"start":{"line":138,"column":24},"end":{"line":138,"column":28}},"45":{"start":{"line":139,"column":14},"end":{"line":139,"column":43}},"46":{"start":{"line":139,"column":21},"end":{"line":139,"column":43}},"47":{"start":{"line":148,"column":24},"end":{"line":148,"column":28}},"48":{"start":{"line":149,"column":14},"end":{"line":149,"column":42}},"49":{"start":{"line":149,"column":21},"end":{"line":149,"column":42}},"50":{"start":{"line":158,"column":24},"end":{"line":158,"column":28}},"51":{"start":{"line":159,"column":14},"end":{"line":159,"column":52}},"52":{"start":{"line":159,"column":21},"end":{"line":159,"column":52}},"53":{"start":{"line":167,"column":24},"end":{"line":167,"column":28}},"54":{"start":{"line":168,"column":14},"end":{"line":168,"column":43}},"55":{"start":{"line":168,"column":21},"end":{"line":168,"column":43}},"56":{"start":{"line":176,"column":24},"end":{"line":176,"column":28}},"57":{"start":{"line":177,"column":14},"end":{"line":177,"column":44}},"58":{"start":{"line":177,"column":21},"end":{"line":177,"column":44}},"59":{"start":{"line":185,"column":24},"end":{"line":185,"column":28}},"60":{"start":{"line":186,"column":14},"end":{"line":186,"column":44}},"61":{"start":{"line":186,"column":21},"end":{"line":186,"column":44}},"62":{"start":{"line":205,"column":24},"end":{"line":205,"column":28}},"63":{"start":{"line":206,"column":14},"end":{"line":206,"column":43}},"64":{"start":{"line":206,"column":21},"end":{"line":206,"column":43}},"65":{"start":{"line":213,"column":29},"end":{"line":213,"column":61}},"66":{"start":{"line":231,"column":29},"end":{"line":231,"column":61}},"67":{"start":{"line":237,"column":27},"end":{"line":237,"column":40}},"68":{"start":{"line":245,"column":35},"end":{"line":261,"column":12}},"69":{"start":{"line":249,"column":24},"end":{"line":249,"column":28}},"70":{"start":{"line":250,"column":14},"end":{"line":250,"column":29}},"71":{"start":{"line":250,"column":22},"end":{"line":250,"column":29}},"72":{"start":{"line":251,"column":26},"end":{"line":251,"column":42}},"73":{"start":{"line":252,"column":14},"end":{"line":259,"column":15}},"74":{"start":{"line":253,"column":16},"end":{"line":255,"column":18}},"75":{"start":{"line":257,"column":17},"end":{"line":257,"column":60}},"76":{"start":{"line":258,"column":16},"end":{"line":258,"column":52}},"77":{"start":{"line":262,"column":25},"end":{"line":262,"column":44}},"78":{"start":{"line":268,"column":35},"end":{"line":283,"column":12}},"79":{"start":{"line":271,"column":24},"end":{"line":271,"column":28}},"80":{"start":{"line":272,"column":14},"end":{"line":272,"column":29}},"81":{"start":{"line":272,"column":22},"end":{"line":272,"column":29}},"82":{"start":{"line":273,"column":26},"end":{"line":273,"column":42}},"83":{"start":{"line":274,"column":14},"end":{"line":281,"column":15}},"84":{"start":{"line":275,"column":16},"end":{"line":277,"column":18}},"85":{"start":{"line":279,"column":17},"end":{"line":279,"column":64}},"86":{"start":{"line":280,"column":16},"end":{"line":280,"column":52}},"87":{"start":{"line":284,"column":25},"end":{"line":284,"column":44}},"88":{"start":{"line":290,"column":36},"end":{"line":300,"column":12}},"89":{"start":{"line":294,"column":26},"end":{"line":294,"column":46}},"90":{"start":{"line":295,"column":14},"end":{"line":298,"column":18}},"91":{"start":{"line":296,"column":16},"end":{"line":298,"column":18}},"92":{"start":{"line":301,"column":25},"end":{"line":301,"column":45}},"93":{"start":{"line":311,"column":28},"end":{"line":311,"column":52}},"94":{"start":{"line":316,"column":28},"end":{"line":316,"column":54}},"95":{"start":{"line":321,"column":28},"end":{"line":321,"column":53}},"96":{"start":{"line":326,"column":28},"end":{"line":326,"column":55}},"97":{"start":{"line":329,"column":25},"end":{"line":329,"column":45}},"98":{"start":{"line":337,"column":2},"end":{"line":340,"column":3}},"99":{"start":{"line":338,"column":4},"end":{"line":338,"column":35}},"100":{"start":{"line":339,"column":4},"end":{"line":339,"column":11}},"101":{"start":{"line":341,"column":14},"end":{"line":341,"column":35}},"102":{"start":{"line":342,"column":2},"end":{"line":353,"column":3}},"103":{"start":{"line":343,"column":4},"end":{"line":345,"column":6}},"104":{"start":{"line":347,"column":19},"end":{"line":347,"column":37}},"105":{"start":{"line":348,"column":17},"end":{"line":348,"column":44}},"106":{"start":{"line":349,"column":4},"end":{"line":352,"column":6}}},"fnMap":{"0":{"name":"BasicTextGroup","decl":{"start":{"line":17,"column":16},"end":{"line":17,"column":30}},"loc":{"start":{"line":17,"column":53},"end":{"line":334,"column":1}}},"1":{"name":"(anonymous_1)","decl":{"start":{"line":19,"column":13},"end":{"line":19,"column":16}},"loc":{"start":{"line":19,"column":19},"end":{"line":19,"column":53}}},"2":{"name":"(anonymous_2)","decl":{"start":{"line":20,"column":15},"end":{"line":20,"column":16}},"loc":{"start":{"line":20,"column":31},"end":{"line":20,"column":66}}},"3":{"name":"(anonymous_3)","decl":{"start":{"line":31,"column":18},"end":{"line":31,"column":19}},"loc":{"start":{"line":31,"column":37},"end":{"line":35,"column":3}}},"4":{"name":"(anonymous_4)","decl":{"start":{"line":82,"column":23},"end":{"line":82,"column":26}},"loc":{"start":{"line":82,"column":29},"end":{"line":82,"column":59}}},"5":{"name":"(anonymous_5)","decl":{"start":{"line":90,"column":23},"end":{"line":90,"column":26}},"loc":{"start":{"line":90,"column":29},"end":{"line":90,"column":59}}},"6":{"name":"(anonymous_6)","decl":{"start":{"line":97,"column":21},"end":{"line":97,"column":24}},"loc":{"start":{"line":97,"column":26},"end":{"line":100,"column":13}}},"7":{"name":"(anonymous_7)","decl":{"start":{"line":106,"column":21},"end":{"line":106,"column":24}},"loc":{"start":{"line":106,"column":26},"end":{"line":109,"column":13}}},"8":{"name":"(anonymous_8)","decl":{"start":{"line":114,"column":21},"end":{"line":114,"column":24}},"loc":{"start":{"line":114,"column":27},"end":{"line":114,"column":55}}},"9":{"name":"(anonymous_9)","decl":{"start":{"line":119,"column":21},"end":{"line":119,"column":24}},"loc":{"start":{"line":119,"column":27},"end":{"line":119,"column":53}}},"10":{"name":"(anonymous_10)","decl":{"start":{"line":124,"column":21},"end":{"line":124,"column":24}},"loc":{"start":{"line":124,"column":27},"end":{"line":124,"column":41}}},"11":{"name":"(anonymous_11)","decl":{"start":{"line":137,"column":21},"end":{"line":137,"column":24}},"loc":{"start":{"line":137,"column":26},"end":{"line":140,"column":13}}},"12":{"name":"(anonymous_12)","decl":{"start":{"line":147,"column":21},"end":{"line":147,"column":24}},"loc":{"start":{"line":147,"column":26},"end":{"line":150,"column":13}}},"13":{"name":"(anonymous_13)","decl":{"start":{"line":157,"column":21},"end":{"line":157,"column":24}},"loc":{"start":{"line":157,"column":26},"end":{"line":160,"column":13}}},"14":{"name":"(anonymous_14)","decl":{"start":{"line":166,"column":21},"end":{"line":166,"column":24}},"loc":{"start":{"line":166,"column":26},"end":{"line":169,"column":13}}},"15":{"name":"(anonymous_15)","decl":{"start":{"line":175,"column":21},"end":{"line":175,"column":24}},"loc":{"start":{"line":175,"column":26},"end":{"line":178,"column":13}}},"16":{"name":"(anonymous_16)","decl":{"start":{"line":184,"column":21},"end":{"line":184,"column":24}},"loc":{"start":{"line":184,"column":26},"end":{"line":187,"column":13}}},"17":{"name":"(anonymous_17)","decl":{"start":{"line":204,"column":21},"end":{"line":204,"column":24}},"loc":{"start":{"line":204,"column":26},"end":{"line":207,"column":13}}},"18":{"name":"(anonymous_18)","decl":{"start":{"line":213,"column":23},"end":{"line":213,"column":26}},"loc":{"start":{"line":213,"column":29},"end":{"line":213,"column":61}}},"19":{"name":"(anonymous_19)","decl":{"start":{"line":231,"column":23},"end":{"line":231,"column":26}},"loc":{"start":{"line":231,"column":29},"end":{"line":231,"column":61}}},"20":{"name":"(anonymous_20)","decl":{"start":{"line":237,"column":21},"end":{"line":237,"column":24}},"loc":{"start":{"line":237,"column":27},"end":{"line":237,"column":40}}},"21":{"name":"(anonymous_21)","decl":{"start":{"line":245,"column":27},"end":{"line":245,"column":28}},"loc":{"start":{"line":245,"column":35},"end":{"line":261,"column":12}}},"22":{"name":"(anonymous_22)","decl":{"start":{"line":248,"column":20},"end":{"line":248,"column":23}},"loc":{"start":{"line":248,"column":25},"end":{"line":260,"column":13}}},"23":{"name":"(anonymous_23)","decl":{"start":{"line":262,"column":19},"end":{"line":262,"column":22}},"loc":{"start":{"line":262,"column":25},"end":{"line":262,"column":44}}},"24":{"name":"(anonymous_24)","decl":{"start":{"line":268,"column":27},"end":{"line":268,"column":28}},"loc":{"start":{"line":268,"column":35},"end":{"line":283,"column":12}}},"25":{"name":"(anonymous_25)","decl":{"start":{"line":270,"column":20},"end":{"line":270,"column":23}},"loc":{"start":{"line":270,"column":25},"end":{"line":282,"column":13}}},"26":{"name":"(anonymous_26)","decl":{"start":{"line":284,"column":19},"end":{"line":284,"column":22}},"loc":{"start":{"line":284,"column":25},"end":{"line":284,"column":44}}},"27":{"name":"(anonymous_27)","decl":{"start":{"line":290,"column":28},"end":{"line":290,"column":29}},"loc":{"start":{"line":290,"column":36},"end":{"line":300,"column":12}}},"28":{"name":"(anonymous_28)","decl":{"start":{"line":293,"column":20},"end":{"line":293,"column":23}},"loc":{"start":{"line":293,"column":25},"end":{"line":299,"column":13}}},"29":{"name":"(anonymous_29)","decl":{"start":{"line":301,"column":19},"end":{"line":301,"column":22}},"loc":{"start":{"line":301,"column":25},"end":{"line":301,"column":45}}},"30":{"name":"(anonymous_30)","decl":{"start":{"line":311,"column":22},"end":{"line":311,"column":25}},"loc":{"start":{"line":311,"column":28},"end":{"line":311,"column":52}}},"31":{"name":"(anonymous_31)","decl":{"start":{"line":316,"column":22},"end":{"line":316,"column":25}},"loc":{"start":{"line":316,"column":28},"end":{"line":316,"column":54}}},"32":{"name":"(anonymous_32)","decl":{"start":{"line":321,"column":22},"end":{"line":321,"column":25}},"loc":{"start":{"line":321,"column":28},"end":{"line":321,"column":53}}},"33":{"name":"(anonymous_33)","decl":{"start":{"line":326,"column":22},"end":{"line":326,"column":25}},"loc":{"start":{"line":326,"column":28},"end":{"line":326,"column":55}}},"34":{"name":"(anonymous_34)","decl":{"start":{"line":329,"column":19},"end":{"line":329,"column":22}},"loc":{"start":{"line":329,"column":25},"end":{"line":329,"column":45}}},"35":{"name":"applyAlign","decl":{"start":{"line":336,"column":9},"end":{"line":336,"column":19}},"loc":{"start":{"line":336,"column":46},"end":{"line":354,"column":1}}}},"branchMap":{"0":{"loc":{"start":{"line":31,"column":19},"end":{"line":31,"column":33}},"type":"default-arg","locations":[{"start":{"line":31,"column":28},"end":{"line":31,"column":33}}]},"1":{"loc":{"start":{"line":33,"column":4},"end":{"line":33,"column":19}},"type":"if","locations":[{"start":{"line":33,"column":4},"end":{"line":33,"column":19}},{"start":{},"end":{}}]},"2":{"loc":{"start":{"line":79,"column":21},"end":{"line":79,"column":53}},"type":"binary-expr","locations":[{"start":{"line":79,"column":21},"end":{"line":79,"column":43}},{"start":{"line":79,"column":47},"end":{"line":79,"column":53}}]},"3":{"loc":{"start":{"line":87,"column":21},"end":{"line":87,"column":51}},"type":"binary-expr","locations":[{"start":{"line":87,"column":21},"end":{"line":87,"column":41}},{"start":{"line":87,"column":45},"end":{"line":87,"column":51}}]},"4":{"loc":{"start":{"line":99,"column":14},"end":{"line":99,"column":47}},"type":"if","locations":[{"start":{"line":99,"column":14},"end":{"line":99,"column":47}},{"start":{},"end":{}}]},"5":{"loc":{"start":{"line":108,"column":14},"end":{"line":108,"column":48}},"type":"if","locations":[{"start":{"line":108,"column":14},"end":{"line":108,"column":48}},{"start":{},"end":{}}]},"6":{"loc":{"start":{"line":139,"column":14},"end":{"line":139,"column":43}},"type":"if","locations":[{"start":{"line":139,"column":14},"end":{"line":139,"column":43}},{"start":{},"end":{}}]},"7":{"loc":{"start":{"line":149,"column":14},"end":{"line":149,"column":42}},"type":"if","locations":[{"start":{"line":149,"column":14},"end":{"line":149,"column":42}},{"start":{},"end":{}}]},"8":{"loc":{"start":{"line":159,"column":14},"end":{"line":159,"column":52}},"type":"if","locations":[{"start":{"line":159,"column":14},"end":{"line":159,"column":52}},{"start":{},"end":{}}]},"9":{"loc":{"start":{"line":168,"column":14},"end":{"line":168,"column":43}},"type":"if","locations":[{"start":{"line":168,"column":14},"end":{"line":168,"column":43}},{"start":{},"end":{}}]},"10":{"loc":{"start":{"line":177,"column":14},"end":{"line":177,"column":44}},"type":"if","locations":[{"start":{"line":177,"column":14},"end":{"line":177,"column":44}},{"start":{},"end":{}}]},"11":{"loc":{"start":{"line":186,"column":14},"end":{"line":186,"column":44}},"type":"if","locations":[{"start":{"line":186,"column":14},"end":{"line":186,"column":44}},{"start":{},"end":{}}]},"12":{"loc":{"start":{"line":206,"column":14},"end":{"line":206,"column":43}},"type":"if","locations":[{"start":{"line":206,"column":14},"end":{"line":206,"column":43}},{"start":{},"end":{}}]},"13":{"loc":{"start":{"line":242,"column":7},"end":{"line":263,"column":null}},"type":"binary-expr","locations":[{"start":{"line":242,"column":7},"end":{"line":242,"column":17}},{"start":{"line":243,"column":8},"end":{"line":262,"column":null}}]},"14":{"loc":{"start":{"line":250,"column":14},"end":{"line":250,"column":29}},"type":"if","locations":[{"start":{"line":250,"column":14},"end":{"line":250,"column":29}},{"start":{},"end":{}}]},"15":{"loc":{"start":{"line":252,"column":14},"end":{"line":259,"column":15}},"type":"if","locations":[{"start":{"line":252,"column":14},"end":{"line":259,"column":15}},{"start":{"line":256,"column":19},"end":{"line":259,"column":15}}]},"16":{"loc":{"start":{"line":265,"column":7},"end":{"line":285,"column":null}},"type":"binary-expr","locations":[{"start":{"line":265,"column":7},"end":{"line":265,"column":17}},{"start":{"line":266,"column":8},"end":{"line":284,"column":null}}]},"17":{"loc":{"start":{"line":272,"column":14},"end":{"line":272,"column":29}},"type":"if","locations":[{"start":{"line":272,"column":14},"end":{"line":272,"column":29}},{"start":{},"end":{}}]},"18":{"loc":{"start":{"line":274,"column":14},"end":{"line":281,"column":15}},"type":"if","locations":[{"start":{"line":274,"column":14},"end":{"line":281,"column":15}},{"start":{"line":278,"column":19},"end":{"line":281,"column":15}}]},"19":{"loc":{"start":{"line":287,"column":7},"end":{"line":302,"column":null}},"type":"binary-expr","locations":[{"start":{"line":287,"column":7},"end":{"line":287,"column":18}},{"start":{"line":288,"column":8},"end":{"line":301,"column":null}}]},"20":{"loc":{"start":{"line":292,"column":36},"end":{"line":292,"column":81}},"type":"cond-expr","locations":[{"start":{"line":292,"column":58},"end":{"line":292,"column":76}},{"start":{"line":292,"column":79},"end":{"line":292,"column":81}}]},"21":{"loc":{"start":{"line":295,"column":14},"end":{"line":298,"column":18}},"type":"if","locations":[{"start":{"line":295,"column":14},"end":{"line":298,"column":18}},{"start":{},"end":{}}]},"22":{"loc":{"start":{"line":304,"column":7},"end":{"line":330,"column":null}},"type":"binary-expr","locations":[{"start":{"line":304,"column":7},"end":{"line":304,"column":18}},{"start":{"line":305,"column":8},"end":{"line":329,"column":null}}]},"23":{"loc":{"start":{"line":337,"column":2},"end":{"line":340,"column":3}},"type":"if","locations":[{"start":{"line":337,"column":2},"end":{"line":340,"column":3}},{"start":{},"end":{}}]},"24":{"loc":{"start":{"line":342,"column":2},"end":{"line":353,"column":3}},"type":"if","locations":[{"start":{"line":342,"column":2},"end":{"line":353,"column":3}},{"start":{"line":346,"column":7},"end":{"line":353,"column":3}}]}},"s":{"0":2,"1":2,"2":2,"3":2,"4":2,"5":2,"6":2,"7":2,"8":2,"9":2,"10":2,"11":142,"12":142,"13":93,"14":142,"15":4,"16":142,"17":142,"18":142,"19":142,"20":142,"21":142,"22":142,"23":142,"24":142,"25":19,"26":19,"27":2,"28":17,"29":142,"30":142,"31":142,"32":142,"33":5,"34":3,"35":9,"36":9,"37":8,"38":7,"39":7,"40":6,"41":2,"42":2,"43":13,"44":10,"45":10,"46":9,"47":6,"48":6,"49":5,"50":5,"51":5,"52":4,"53":5,"54":5,"55":4,"56":6,"57":6,"58":5,"59":7,"60":7,"61":6,"62":5,"63":5,"64":4,"65":3,"66":7,"67":6,"68":60,"69":3,"70":3,"71":0,"72":3,"73":3,"74":1,"75":2,"76":2,"77":3,"78":48,"79":2,"80":2,"81":0,"82":2,"83":2,"84":1,"85":1,"86":1,"87":2,"88":30,"89":2,"90":2,"91":1,"92":2,"93":3,"94":1,"95":1,"96":1,"97":6,"98":6,"99":0,"100":0,"101":6,"102":6,"103":4,"104":2,"105":2,"106":2},"f":{"0":142,"1":93,"2":4,"3":19,"4":5,"5":3,"6":9,"7":7,"8":2,"9":2,"10":13,"11":10,"12":6,"13":5,"14":5,"15":6,"16":7,"17":5,"18":3,"19":7,"20":6,"21":60,"22":3,"23":3,"24":48,"25":2,"26":2,"27":30,"28":2,"29":2,"30":3,"31":1,"32":1,"33":1,"34":6,"35":6},"b":{"0":[0],"1":[2,17],"2":[142,141],"3":[142,141],"4":[8,1],"5":[6,1],"6":[9,1],"7":[5,1],"8":[4,1],"9":[4,1],"10":[5,1],"11":[6,1],"12":[4,1],"13":[142,5],"14":[0,3],"15":[1,2],"16":[142,3],"17":[0,2],"18":[1,1],"19":[142,3],"20":[3,27],"21":[1,1],"22":[142,7],"23":[0,6],"24":[4,2]}}
,"C:\\Users\\Dragus\\Documents\\Obsidian Vault\\.obsidian\\plugins\\onenote-ribbon\\src\\tabs\\home\\basic-text\\clearFormatting.ts": {"path":"C:\\Users\\Dragus\\Documents\\Obsidian Vault\\.obsidian\\plugins\\onenote-ribbon\\src\\tabs\\home\\basic-text\\clearFormatting.ts","statementMap":{"0":{"start":{"line":6,"column":0},"end":{"line":6,"column":16}},"1":{"start":{"line":20,"column":0},"end":{"line":20,"column":16}},"2":{"start":{"line":7,"column":16},"end":{"line":14,"column":35}},"3":{"start":{"line":15,"column":2},"end":{"line":15,"column":61}},"4":{"start":{"line":15,"column":15},"end":{"line":15,"column":61}},"5":{"start":{"line":16,"column":2},"end":{"line":16,"column":17}},"6":{"start":{"line":21,"column":17},"end":{"line":21,"column":40}},"7":{"start":{"line":22,"column":14},"end":{"line":24,"column":45}},"8":{"start":{"line":25,"column":18},"end":{"line":25,"column":46}},"9":{"start":{"line":26,"column":2},"end":{"line":27,"column":56}},"10":{"start":{"line":26,"column":14},"end":{"line":26,"column":47}},"11":{"start":{"line":27,"column":7},"end":{"line":27,"column":56}}},"fnMap":{"0":{"name":"stripFormatting","decl":{"start":{"line":6,"column":16},"end":{"line":6,"column":31}},"loc":{"start":{"line":6,"column":60},"end":{"line":17,"column":1}}},"1":{"name":"clearFormatting","decl":{"start":{"line":20,"column":16},"end":{"line":20,"column":31}},"loc":{"start":{"line":20,"column":60},"end":{"line":28,"column":1}}}},"branchMap":{"0":{"loc":{"start":{"line":15,"column":2},"end":{"line":15,"column":61}},"type":"if","locations":[{"start":{"line":15,"column":2},"end":{"line":15,"column":61}},{"start":{},"end":{}}]},"1":{"loc":{"start":{"line":22,"column":14},"end":{"line":24,"column":45}},"type":"cond-expr","locations":[{"start":{"line":23,"column":6},"end":{"line":23,"column":27}},{"start":{"line":24,"column":6},"end":{"line":24,"column":45}}]},"2":{"loc":{"start":{"line":26,"column":2},"end":{"line":27,"column":56}},"type":"if","locations":[{"start":{"line":26,"column":2},"end":{"line":27,"column":56}},{"start":{"line":27,"column":7},"end":{"line":27,"column":56}}]}},"s":{"0":3,"1":3,"2":35,"3":35,"4":25,"5":35,"6":21,"7":21,"8":21,"9":21,"10":3,"11":18},"f":{"0":35,"1":21},"b":{"0":[25,10],"1":[3,18],"2":[3,18]}}
,"C:\\Users\\Dragus\\Documents\\Obsidian Vault\\.obsidian\\plugins\\onenote-ribbon\\src\\tabs\\home\\clipboard\\ClipboardGroup.tsx": {"path":"C:\\Users\\Dragus\\Documents\\Obsidian Vault\\.obsidian\\plugins\\onenote-ribbon\\src\\tabs\\home\\clipboard\\ClipboardGroup.tsx","statementMap":{"0":{"start":{"line":10,"column":0},"end":{"line":10,"column":16}},"1":{"start":{"line":1,"column":0},"end":{"line":1,"column":60}},"2":{"start":{"line":2,"column":0},"end":{"line":2,"column":69}},"3":{"start":{"line":3,"column":0},"end":{"line":3,"column":67}},"4":{"start":{"line":4,"column":0},"end":{"line":4,"column":71}},"5":{"start":{"line":5,"column":0},"end":{"line":5,"column":63}},"6":{"start":{"line":6,"column":0},"end":{"line":6,"column":41}},"7":{"start":{"line":7,"column":0},"end":{"line":7,"column":34}},"8":{"start":{"line":8,"column":0},"end":{"line":8,"column":73}},"9":{"start":{"line":11,"column":14},"end":{"line":11,"column":22}},"10":{"start":{"line":12,"column":13},"end":{"line":12,"column":20}},"11":{"start":{"line":13,"column":48},"end":{"line":13,"column":82}},"12":{"start":{"line":14,"column":25},"end":{"line":14,"column":53}},"13":{"start":{"line":16,"column":17},"end":{"line":16,"column":57}},"14":{"start":{"line":16,"column":23},"end":{"line":16,"column":57}},"15":{"start":{"line":18,"column":16},"end":{"line":18,"column":93}},"16":{"start":{"line":18,"column":22},"end":{"line":18,"column":93}},"17":{"start":{"line":18,"column":63},"end":{"line":18,"column":92}},"18":{"start":{"line":19,"column":16},"end":{"line":22,"column":3}},"19":{"start":{"line":20,"column":16},"end":{"line":20,"column":40}},"20":{"start":{"line":21,"column":4},"end":{"line":21,"column":91}},"21":{"start":{"line":21,"column":13},"end":{"line":21,"column":91}},"22":{"start":{"line":21,"column":59},"end":{"line":21,"column":89}},"23":{"start":{"line":23,"column":16},"end":{"line":26,"column":3}},"24":{"start":{"line":24,"column":16},"end":{"line":24,"column":40}},"25":{"start":{"line":25,"column":4},"end":{"line":25,"column":48}},"26":{"start":{"line":25,"column":13},"end":{"line":25,"column":48}},"27":{"start":{"line":28,"column":31},"end":{"line":51,"column":3}},"28":{"start":{"line":29,"column":15},"end":{"line":29,"column":23}},"29":{"start":{"line":30,"column":4},"end":{"line":30,"column":20}},"30":{"start":{"line":30,"column":13},"end":{"line":30,"column":20}},"31":{"start":{"line":31,"column":4},"end":{"line":40,"column":5}},"32":{"start":{"line":32,"column":18},"end":{"line":32,"column":35}},"33":{"start":{"line":33,"column":6},"end":{"line":38,"column":7}},"34":{"start":{"line":34,"column":8},"end":{"line":34,"column":47}},"35":{"start":{"line":35,"column":8},"end":{"line":35,"column":19}},"36":{"start":{"line":36,"column":13},"end":{"line":38,"column":7}},"37":{"start":{"line":37,"column":8},"end":{"line":37,"column":74}},"38":{"start":{"line":39,"column":6},"end":{"line":39,"column":13}},"39":{"start":{"line":41,"column":19},"end":{"line":41,"column":33}},"40":{"start":{"line":42,"column":19},"end":{"line":42,"column":42}},"41":{"start":{"line":43,"column":19},"end":{"line":43,"column":44}},"42":{"start":{"line":44,"column":4},"end":{"line":49,"column":7}},"43":{"start":{"line":50,"column":4},"end":{"line":50,"column":79}},"44":{"start":{"line":53,"column":25},"end":{"line":62,"column":4}},"45":{"start":{"line":57,"column":20},"end":{"line":59,"column":8}},"46":{"start":{"line":58,"column":8},"end":{"line":58,"column":85}},"47":{"start":{"line":64,"column":2},"end":{"line":103,"column":4}},"48":{"start":{"line":76,"column":29},"end":{"line":76,"column":71}},"49":{"start":{"line":99,"column":25},"end":{"line":99,"column":49}},"50":{"start":{"line":107,"column":2},"end":{"line":116,"column":4}}},"fnMap":{"0":{"name":"ClipboardGroup","decl":{"start":{"line":10,"column":16},"end":{"line":10,"column":30}},"loc":{"start":{"line":10,"column":30},"end":{"line":104,"column":1}}},"1":{"name":"(anonymous_1)","decl":{"start":{"line":16,"column":17},"end":{"line":16,"column":20}},"loc":{"start":{"line":16,"column":23},"end":{"line":16,"column":57}}},"2":{"name":"(anonymous_2)","decl":{"start":{"line":18,"column":16},"end":{"line":18,"column":19}},"loc":{"start":{"line":18,"column":22},"end":{"line":18,"column":93}}},"3":{"name":"(anonymous_3)","decl":{"start":{"line":18,"column":58},"end":{"line":18,"column":59}},"loc":{"start":{"line":18,"column":63},"end":{"line":18,"column":92}}},"4":{"name":"(anonymous_4)","decl":{"start":{"line":19,"column":16},"end":{"line":19,"column":19}},"loc":{"start":{"line":19,"column":21},"end":{"line":22,"column":3}}},"5":{"name":"(anonymous_5)","decl":{"start":{"line":21,"column":53},"end":{"line":21,"column":56}},"loc":{"start":{"line":21,"column":59},"end":{"line":21,"column":89}}},"6":{"name":"(anonymous_6)","decl":{"start":{"line":23,"column":16},"end":{"line":23,"column":19}},"loc":{"start":{"line":23,"column":21},"end":{"line":26,"column":3}}},"7":{"name":"(anonymous_7)","decl":{"start":{"line":28,"column":31},"end":{"line":28,"column":34}},"loc":{"start":{"line":28,"column":36},"end":{"line":51,"column":3}}},"8":{"name":"(anonymous_8)","decl":{"start":{"line":57,"column":14},"end":{"line":57,"column":17}},"loc":{"start":{"line":57,"column":20},"end":{"line":59,"column":8}}},"9":{"name":"(anonymous_9)","decl":{"start":{"line":57,"column":56},"end":{"line":57,"column":57}},"loc":{"start":{"line":57,"column":60},"end":{"line":59,"column":7}}},"10":{"name":"(anonymous_10)","decl":{"start":{"line":61,"column":55},"end":{"line":61,"column":58}},"loc":{"start":{"line":61,"column":60},"end":{"line":61,"column":63}}},"11":{"name":"(anonymous_11)","decl":{"start":{"line":76,"column":23},"end":{"line":76,"column":26}},"loc":{"start":{"line":76,"column":29},"end":{"line":76,"column":71}}},"12":{"name":"(anonymous_12)","decl":{"start":{"line":99,"column":19},"end":{"line":99,"column":22}},"loc":{"start":{"line":99,"column":25},"end":{"line":99,"column":49}}},"13":{"name":"FormatPainterIcon","decl":{"start":{"line":106,"column":9},"end":{"line":106,"column":26}},"loc":{"start":{"line":106,"column":26},"end":{"line":117,"column":1}}}},"branchMap":{"0":{"loc":{"start":{"line":21,"column":4},"end":{"line":21,"column":91}},"type":"if","locations":[{"start":{"line":21,"column":4},"end":{"line":21,"column":91}},{"start":{},"end":{}}]},"1":{"loc":{"start":{"line":25,"column":4},"end":{"line":25,"column":48}},"type":"if","locations":[{"start":{"line":25,"column":4},"end":{"line":25,"column":48}},{"start":{},"end":{}}]},"2":{"loc":{"start":{"line":30,"column":4},"end":{"line":30,"column":20}},"type":"if","locations":[{"start":{"line":30,"column":4},"end":{"line":30,"column":20}},{"start":{},"end":{}}]},"3":{"loc":{"start":{"line":31,"column":4},"end":{"line":40,"column":5}},"type":"if","locations":[{"start":{"line":31,"column":4},"end":{"line":40,"column":5}},{"start":{},"end":{}}]},"4":{"loc":{"start":{"line":33,"column":6},"end":{"line":38,"column":7}},"type":"if",
[...]
:1,"column":0},"end":{"line":1,"column":60}},"2":{"start":{"line":2,"column":0},"end":{"line":2,"column":67}},"3":{"start":{"line":3,"column":0},"end":{"line":3,"column":71}},"4":{"start":{"line":6,"column":14},"end":{"line":6,"column":22}},"5":{"start":{"line":8,"column":13},"end":{"line":8,"column":53}},"6":{"start":{"line":8,"column":19},"end":{"line":8,"column":53}},"7":{"start":{"line":10,"column":2},"end":{"line":51,"column":4}},"8":{"start":{"line":23,"column":27},"end":{"line":23,"column":31}},"9":{"start":{"line":24,"column":12},"end":{"line":24,"column":32}},"10":{"start":{"line":24,"column":25},"end":{"line":24,"column":32}},"11":{"start":{"line":25,"column":27},"end":{"line":25,"column":45}},"12":{"start":{"line":26,"column":12},"end":{"line":26,"column":49}},"13":{"start":{"line":27,"column":12},"end":{"line":27,"column":71}},"14":{"start":{"line":42,"column":27},"end":{"line":42,"column":31}},"15":{"start":{"line":43,"column":12},"end":{"line":43,"column":32}},"16":{"start":{"line":43,"column":25},"end":{"line":43,"column":32}},"17":{"start":{"line":44,"column":27},"end":{"line":44,"column":45}},"18":{"start":{"line":45,"column":12},"end":{"line":45,"column":49}},"19":{"start":{"line":46,"column":12},"end":{"line":46,"column":71}}},"fnMap":{"0":{"name":"FilesGroup","decl":{"start":{"line":5,"column":16},"end":{"line":5,"column":26}},"loc":{"start":{"line":5,"column":26},"end":{"line":52,"column":1}}},"1":{"name":"(anonymous_1)","decl":{"start":{"line":8,"column":13},"end":{"line":8,"column":16}},"loc":{"start":{"line":8,"column":19},"end":{"line":8,"column":53}}},"2":{"name":"(anonymous_2)","decl":{"start":{"line":22,"column":19},"end":{"line":22,"column":22}},"loc":{"start":{"line":22,"column":24},"end":{"line":28,"column":11}}},"3":{"name":"(anonymous_3)","decl":{"start":{"line":41,"column":19},"end":{"line":41,"column":22}},"loc":{"start":{"line":41,"column":24},"end":{"line":47,"column":11}}}},"branchMap":{"0":{"loc":{"start":{"line":24,"column":12},"end":{"line":24,"column":32}},"type":"if","locations":[{"start":{"line":24,"column":12},"end":{"line":24,"column":32}},{"start":{},"end":{}}]},"1":{"loc":{"start":{"line":43,"column":12},"end":{"line":43,"column":32}},"type":"if","locations":[{"start":{"line":43,"column":12},"end":{"line":43,"column":32}},{"start":{},"end":{}}]}},"s":{"0":3,"1":3,"2":3,"3":3,"4":9,"5":9,"6":5,"7":9,"8":3,"9":3,"10":1,"11":2,"12":2,"13":2,"14":2,"15":2,"16":1,"17":1,"18":1,"19":1},"f":{"0":9,"1":5,"2":3,"3":2},"b":{"0":[1,2],"1":[1,1]}}
,"C:\\Users\\Dragus\\Documents\\Obsidian Vault\\.obsidian\\plugins\\onenote-ribbon\\src\\tabs\\insert\\images\\ImagesGroup.tsx": {"path":"C:\\Users\\Dragus\\Documents\\Obsidian Vault\\.obsidian\\plugins\\onenote-ribbon\\src\\tabs\\insert\\images\\ImagesGroup.tsx","statementMap":{"0":{"start":{"line":5,"column":0},"end":{"line":5,"column":16}},"1":{"start":{"line":1,"column":0},"end":{"line":1,"column":60}},"2":{"start":{"line":2,"column":0},"end":{"line":2,"column":67}},"3":{"start":{"line":3,"column":0},"end":{"line":3,"column":71}},"4":{"start":{"line":6,"column":14},"end":{"line":6,"column":22}},"5":{"start":{"line":7,"column":13},"end":{"line":7,"column":53}},"6":{"start":{"line":7,"column":19},"end":{"line":7,"column":53}},"7":{"start":{"line":9,"column":2},"end":{"line":51,"column":4}},"8":{"start":{"line":24,"column":27},"end":{"line":24,"column":31}},"9":{"start":{"line":25,"column":12},"end":{"line":25,"column":32}},"10":{"start":{"line":25,"column":25},"end":{"line":25,"column":32}},"11":{"start":{"line":26,"column":27},"end":{"line":26,"column":45}},"12":{"start":{"line":27,"column":12},"end":{"line":27,"column":49}},"13":{"start":{"line":28,"column":12},"end":{"line":28,"column":71}},"14":{"start":{"line":42,"column":27},"end":{"line":42,"column":31}},"15":{"start":{"line":43,"column":12},"end":{"line":43,"column":32}},"16":{"start":{"line":43,"column":25},"end":{"line":43,"column":32}},"17":{"start":{"line":44,"column":24},"end":{"line":44,"column":111}},"18":{"start":{"line":45,"column":27},"end":{"line":45,"column":45}},"19":{"start":{"line":46,"column":12},"end":{"line":46,"column":45}}},"fnMap":{"0":{"name":"ImagesGroup","decl":{"start":{"line":5,"column":16},"end":{"line":5,"column":27}},"loc":{"start":{"line":5,"column":27},"end":{"line":52,"column":1}}},"1":{"name":"(anonymous_1)","decl":{"start":{"line":7,"column":13},"end":{"line":7,"column":16}},"loc":{"start":{"line":7,"column":19},"end":{"line":7,"column":53}}},"2":{"name":"(anonymous_2)","decl":{"start":{"line":23,"column":19},"end":{"line":23,"column":22}},"loc":{"start":{"line":23,"column":24},"end":{"line":29,"column":11}}},"3":{"name":"(anonymous_3)","decl":{"start":{"line":41,"column":19},"end":{"line":41,"column":22}},"loc":{"start":{"line":41,"column":24},"end":{"line":47,"column":11}}}},"branchMap":{"0":{"loc":{"start":{"line":25,"column":12},"end":{"line":25,"column":32}},"type":"if","locations":[{"start":{"line":25,"column":12},"end":{"line":25,"column":32}},{"start":{},"end":{}}]},"1":{"loc":{"start":{"line":43,"column":12},"end":{"line":43,"column":32}},"type":"if","locations":[{"start":{"line":43,"column":12},"end":{"line":43,"column":32}},{"start":{},"end":{}}]}},"s":{"0":3,"1":3,"2":3,"3":3,"4":8,"5":8,"6":4,"7":8,"8":2,"9":2,"10":1,"11":1,"12":1,"13":1,"14":2,"15":2,"16":1,"17":1,"18":1,"19":1},"f":{"0":8,"1":4,"2":2,"3":2},"b":{"0":[1,1],"1":[1,1]}}
,"C:\\Users\\Dragus\\Documents\\Obsidian Vault\\.obsidian\\plugins\\onenote-ribbon\\src\\tabs\\insert\\links\\LinksGroup.tsx": {"path":"C:\\Users\\Dragus\\Documents\\Obsidian Vault\\.obsidian\\plugins\\onenote-ribbon\\src\\tabs\\insert\\links\\LinksGroup.tsx","statementMap":{"0":{"start":{"line":5,"column":0},"end":{"line":5,"column":16}},"1":{"start":{"line":1,"column":0},"end":{"line":1,"column":60}},"2":{"start":{"line":2,"column":0},"end":{"line":2,"column":67}},"3":{"start":{"line":3,"column":0},"end":{"line":3,"column":71}},"4":{"start":{"line":6,"column":14},"end":{"line":6,"column":22}},"5":{"start":{"line":7,"column":13},"end":{"line":7,"column":53}},"6":{"start":{"line":7,"column":19},"end":{"line":7,"column":53}},"7":{"start":{"line":9,"column":2},"end":{"line":58,"column":4}},"8":{"start":{"line":23,"column":27},"end":{"line":23,"column":31}},"9":{"start":{"line":24,"column":12},"end":{"line":24,"column":32}},"10":{"start":{"line":24,"column":25},"end":{"line":24,"column":32}},"11":{"start":{"line":25,"column":24},"end":{"line":25,"column":45}},"12":{"start":{"line":26,"column":27},"end":{"line":26,"column":45}},"13":{"start":{"line":27,"column":12},"end":{"line":34,"column":13}},"14":{"start":{"line":28,"column":14},"end":{"line":28,"column":52}},"15":{"start":{"line":29,"column":32},"end":{"line":29,"column":50}},"16":{"start":{"line":30,"column":14},"end":{"line":30,"column":79}},"17":{"start":{"line":32,"column":14},"end":{"line":32,"column":50}},"18":{"start":{"line":33,"column":14},"end":{"line":33,"column":73}},"19":{"start":{"line":49,"column":27},"end":{"line":49,"column":31}},"20":{"start":{"line":50,"column":12},"end":{"line":50,"column":32}},"21":{"start":{"line":50,"column":25},"end":{"line":50,"column":32}},"22":{"start":{"line":51,"column":27},"end":{"line":51,"column":45}},"23":{"start":{"line":52,"column":12},"end":{"line":52,"column":48}},"24":{"start":{"line":53,"column":12},"end":{"line":53,"column":71}}},"fnMap":{"0":{"name":"LinksGroup","decl":{"start":{"line":5,"column":16},"end":{"line":5,"column":26}},"loc":{"start":{"line":5,"column":26},"end":{"line":59,"column":1}}},"1":{"name":"(anonymous_1)","decl":{"start":{"line":7,"column":13},"end":{"line":7,"column":16}},"loc":{"start":{"line":7,"column":19},"end":{"line":7,"column":53}}},"2":{"name":"(anonymous_2)","decl":{"start":{"line":22,"column":19},"end":{"line":22,"column":22}},"loc":{"start":{"line":22,"column":24},"end":{"line":35,"column":11}}},"3":{"name":"(anonymous_3)","decl":{"start":{"line":48,"column":19},"end":{"line":48,"column":22}},"loc":{"start":{"line":48,"column":24},"end":{"line":54,"column":11}}}},"branchMap":{"0":{"loc":{"start":{"line":24,"column":12},"end":{"line":24,"column":32}},"type":"if","locations":[{"start":{"line":24,"column":12},"end":{"line":24,"column":32}},{"start":{},"end":{}}]},"1":{"loc":{"start":{"line":27,"column":12},"end":{"line":34,"column":13}},"type":"if","locations":[{"start":{"line":27,"column":12},"end":{"line":34,"column":13}},{"start":{"line":31,"column":19},"end":{"line":34,"column":13}}]},"2":{"loc":{"start":{"line":50,"column":12},"end":{"line":50,"column":32}},"type":"if","locations":[{"start":{"line":50,"column":12},"end":{"line":50,"column":32}},{"start":{},"end":{}}]}},"s":{"0":3,"1":3,"2":3,"3":3,"4":9,"5":9,"6":5,"7":9,"8":3,"9":3,"10":1,"11":2,"12":2,"13":2,"14":1,"15":1,"16":1,"17":1,"18":1,"19":2,"20":2,"21":1,"22":1,"23":1,"24":1},"f":{"0":9,"1":5,"2":3,"3":2},"b":{"0":[1,2],"1":[1,1],"2":[1,1]}}
,"C:\\Users\\Dragus\\Documents\\Obsidian Vault\\.obsidian\\plugins\\onenote-ribbon\\src\\tabs\\insert\\symbols\\SymbolsGroup.tsx": {"path":"C:\\Users\\Dragus\\Documents\\Obsidian Vault\\.obsidian\\plugins\\onenote-ribbon\\src\\tabs\\insert\\symbols\\SymbolsGroup.tsx","statementMap":{"0":{"start":{"line":5,"column":0},"end":{"line":5,"column":16}},"1":{"start":{"line":1,"column":0},"end":{"line":1,"column":60}},"2":{"start":{"line":2,"column":0},"end":{"line":2,"column":67}},"3":{"start":{"line":3,"column":0},"end":{"line":3,"column":71}},"4":{"start":{"line":6,"column":14},"end":{"line":6,"column":22}},"5":{"start":{"line":7,"column":13},"end":{"line":7,"column":53}},"6":{"start":{"line":7,"column":19},"end":{"line":7,"column":53}},"7":{"start":{"line":9,"column":2},"end":{"line":86,"column":4}},"8":{"start":{"line":22,"column":27},"end":{"line":22,"column":31}},"9":{"start":{"line":23,"column":12},"end":{"line":23,"column":32}},"10":{"start":{"line":23,"column":25},"end":{"line":23,"column":32}},"11":{"start":{"line":24,"column":27},"end":{"line":24,"column":45}},"12":{"start":{"line":25,"column":12},"end":{"line":25,"column":52}},"13":{"start":{"line":26,"column":12},"end":{"line":26,"column":63}},"14":{"start":{"line":39,"column":27},"end":{"line":39,"column":31}},"15":{"start":{"line":40,"column":12},"end":{"line":40,"column":32}},"16":{"start":{"line":40,"column":25},"end":{"line":40,"column":32}},"17":{"start":{"line":41,"column":12},"end":{"line":41,"column":63}},"18":{"start":{"line":55,"column":27},"end":{"line":55,"column":31}},"19":{"start":{"line":56,"column":12},"end":{"line":56,"column":32}},"20":{"start":{"line":56,"column":25},"end":{"line":56,"column":32}},"21":{"start":{"line":57,"column":27},"end":{"line":57,"column":45}},"22":{"start":{"line":58,"column":12},"end":{"line":58,"column":48}},"23":{"start":{"line":59,"column":29},"end":{"line":59,"column":46}},"24":{"start":{"line":60,"column":27},"end":{"line":60,"column":82}},"25":{"start":{"line":61,"column":12},"end":{"line":61,"column":52}},"26":{"start":{"line":77,"column":27},"end":{"line":77,"column":31}},"27":{"start":{"line":78,"column":12},"end":{"line":78,"column":32}},"28":{"start":{"line":78,"column":25},"end":{"line":78,"column":32}},"29":{"start":{"line":79,"column":27},"end":{"line":79,"column":45}},"30":{"start":{"line":80,"column":12},"end":{"line":80,"column":45}},"31":{"start":{"line":81,"column":12},"end":{"line":81,"column":71}}},"fnMap":{"0":{"name":"SymbolsGroup","decl":{"start":{"line":5,"column":16},"end":{"line":5,"column":28}},"loc":{"start":{"line":5,"column":28},"end":{"line":87,"column":1}}},"1":{"name":"(anonymous_1)","decl":{"start":{"line":7,"column":13},"end":{"line":7,"column":16}},"loc":{"start":{"line":7,"column":19},"end":{"line":7,"column":53}}},"2":{"name":"(anonymous_2)","decl":{"start":{"line":21,"column":19},"end":{"line":21,"column":22}},"loc":{"start":{"line":21,"column":24},"end":{"line":27,"column":11}}},"3":{"name":"(anonymous_3)","decl":{"start":{"line":38,"column":19},"end":{"line":38,"column":22}},"loc":{"start":{"line":38,"column":24},"end":{"line":42,"column":11}}},"4":{"name":"(anonymous_4)","decl":{"start":{"line":54,"column":19},"end":{"line":54,"column":22}},"loc":{"start":{"line":54,"column":24},"end":{"line":62,"column":11}}},"5":{"name":"(anonymous_5)","decl":{"start":{"line":76,"column":19},"end":{"line":76,"column":22}},"loc":{"start":{"line":76,"column":24},"end":{"line":82,"column":11}}}},"branchMap":{"0":{"loc":{"start":{"line":23,"column":12},"end":{"line":23,"column":32}},"type":"if","locations":[{"start":{"line":23,"column":12},"end":{"line":23,"column":32}},{"start":{},"end":{}}]},"1":{"loc":{"start":{"line":40,"column":12},"end":{"line":40,"column":32}},"type":"if","locations":[{"start":{"line":40,"column":12},"end":{"line":40,"column":32}},{"start":{},"end":{}}]},"2":{"loc":{"start":{"line":56,"column":12},"end":{"line":56,"column":32}},"type":"if","locations":[{"start":{"line":56,"column":12},"end":{"line":56,"column":32}},{"start":{},"end":{}}]},"3":{"loc":{"start":{"line":78,"column":12},"end":{"line":78,"column":32}},"type":"if","locations":[{"start":{"line":78,"column":12},"end":{"line":78,"column":32}},{"start":{},"end":{}}]}},"s":{"0":3,"1":3,"2":3,"3":3,"4":12,"5":12,"6":8,"7":12,"8":2,"9":2,"10":1,"11":1,"12":1,"13":1,"14":2,"15":2,"16":1,"17":1,"18":2,"19":2,"20":1,"21":1,"22":1,"23":1,"24":1,"25":1,"26":2,"27":2,"28":1,"29":1,"30":1,"31":1},"f":{"0":12,"1":8,"2":2,"3":2,"4":2,"5":2},"b":{"0":[1,1],"1":[1,1],"2":[1,1],"3":[1,1]}}
,"C:\\Users\\Dragus\\Documents\\Obsidian Vault\\.obsidian\\plugins\\onenote-ribbon\\src\\tabs\\insert\\tables\\TablesGroup.tsx": {"path":"C:\\Users\\Dragus\\Documents\\Obsidian Vault\\.obsidian\\plugins\\onenote-ribbon\\src\\tabs\\insert\\tables\\TablesGroup.tsx","statementMap":{"0":{"start":{"line":5,"column":0},"end":{"line":5,"column":16}},"1":{"start":{"line":1,"column":0},"end":{"line":1,"column":60}},"2":{"start":{"line":2,"column":0},"end":{"line":2,"column":67}},"3":{"start":{"line":3,"column":0},"end":{"line":3,"column":71}},"4":{"start":{"line":6,"column":14},"end":{"line":6,"column":22}},"5":{"start":{"line":8,"column":2},"end":{"line":30,"column":4}},"6":{"start":{"line":22,"column":27},"end":{"line":22,"column":61}},"7":{"start":{"line":23,"column":12},"end":{"line":23,"column":32}},"8":{"start":{"line":23,"column":25},"end":{"line":23,"column":32}},"9":{"start":{"line":24,"column":27},"end":{"line":24,"column":45}},"10":{"start":{"line":25,"column":12},"end":{"line":25,"column":91}}},"fnMap":{"0":{"name":"TablesGroup","decl":{"start":{"line":5,"column":16},"end":{"line":5,"column":27}},"loc":{"start":{"line":5,"column":27},"end":{"line":31,"column":1}}},"1":{"name":"(anonymous_1)","decl":{"start":{"line":21,"column":19},"end":{"line":21,"column":22}},"loc":{"start":{"line":21,"column":24},"end":{"line":26,"column":11}}}},"branchMap":{"0":{"loc":{"start":{"line":23,"column":12},"end":{"line":23,"column":32}},"type":"if","locations":[{"start":{"line":23,"column":12},"end":{"line":23,"column":32}},{"start":{},"end":{}}]}},"s":{"0":3,"1":3,"2":3,"3":3,"4":7,"5":7,"6":3,"7":3,"8":1,"9":2,"10":2},"f":{"0":7,"1":3},"b":{"0":[1,2]}}
,"C:\\Users\\Dragus\\Documents\\Obsidian Vault\\.obsidian\\plugins\\onenote-ribbon\\src\\tabs\\insert\\timestamp\\TimestampGroup.tsx": {"path":"C:\\Users\\Dragus\\Documents\\Obsidian Vault\\.obsidian\\plugins\\onenote-ribbon\\src\\tabs\\insert\\timestamp\\TimestampGroup.tsx","statementMap":{"0":{"start":{"line":21,"column":0},"end":{"line":21,"column":16}},"1":{"start":{"line":1,"column":0},"end":{"line":1,"column":60}},"2":{"start":{"line":2,"column":0},"end":{"line":2,"column":67}},"3":{"start":{"line":3,"column":0},"end":{"line":3,"column":71}},"4":{"start":{"line":6,"column":13},"end":{"line":6,"column":34}},"5":{"start":{"line":7,"column":2},"end":{"line":10,"column":7}},"6":{"start":{"line":8,"column":14},"end":{"line":8,"column":24}},"7":{"start":{"line":9,"column":4},"end":{"line":9,"column":117}},"8":{"start":{"line":14,"column":13},"end":{"line":14,"column":34}},"9":{"start":{"line":15,"column":2},"end":{"line":18,"column":7}},"10":{"start":{"line":16,"column":14},"end":{"line":16,"column":24}},"11":{"start":{"line":17,"column":4},"end":{"line":17,"column":97}},"12":{"start":{"line":22,"column":14},"end":{"line":22,"column":22}},"13":{"start":{"line":23,"column":13},"end":{"line":23,"column":53}},"14":{"start":{"line":23,"column":19},"end":{"line":23,"column":53}},"15":{"start":{"line":25,"column":2},"end":{"line":70,"column":4}},"16":{"start":{"line":40,"column":37},"end":{"line":40,"column":41}},"17":{"start":{"line":40,"column":43},"end":{"line":40,"column":91}},"18":{"start":{"line":40,"column":50},"end":{"line":40,"column":91}},"19":{"start":{"line":52,"column":37},"end":{"line":52,"column":41}},"20":{"start":{"line":52,"column":43},"end":{"line":52,"column":91}},"21":{"start":{"line":52,"column":50},"end":{"line":52,"column":91}},"22":{"start":{"line":66,"column":37},"end":{"line":66,"column":41}},"23":{"start":{"line":66,"column":43},"end":{"line":66,"column":109}},"24":{"start":{"line":66,"column":50},"end":{"line":66,"column":109}}},"fnMap":{"0":{"name":"fmtDate","decl":{"start":{"line":5,"column":9},"end":{"line":5,"column":16}},"loc":{"start":{"line":5,"column":16},"end":{"line":11,"column":1}}},"1":{"name":"(anonymous_1)","decl":{"start":{"line":7,"column":41},"end":{"line":7,"column":44}},"loc":{"start":{"line":7,"column":46},"end":{"line":10,"column":3}}},"2":{"name":"fmtTime","decl":{"start":{"line":13,"column":9},"end":{"line":13,"column":16}},"loc":{"start":{"line":13,"column":16},"end":{"line":19,"column":1}}},"3":{"name":"(anonymous_3)","decl":{"start":{"line":15,"column":36},"end":{"line":15,"column":39}},"loc":{"start":{"line":15,"column":41},"end":{"line":18,"column":3}}},"4":{"name":"TimestampGroup","decl":{"start":{"line":21,"column":16},"end":{"line":21,"column":30}},"loc":{"start":{"line":21,"column":30},"end":{"line":71,"column":1}}},"5":{"name":"(anonymous_5)","decl":{"start":{"line":23,"column":13},"end":{"line":23,"column":16}},"loc":{"start":{"line":23,"column":19},"end":{"line":23,"column":53}}},"6":{"name":"(anonymous_6)","decl":{"start":{"line":40,"column":19},"end":{"line":40,"column":22}},"loc":{"start":{"line":40,"column":24},"end":{"line":40,"column":93}}},"7":{"name":"(anonymous_7)","decl":{"start":{"line":52,"column":19},"end":{"line":52,"column":22}},"loc":{"start":{"line":52,"column":24},"end":{"line":52,"column":93}}},"8":{"name":"(anonymous_8)","decl":{"start":{"line":66,"column":19},"end":{"line":66,"column":22}},"loc":{"start":{"line":66,"column":24},"end":{"line":66,"column":111}}}},"branchMap":{"0":{"loc":{"start":{"line":7,"column":9},"end":{"line":10,"column":6}},"type":"cond-expr","locations":[{"start":{"line":7,"column":13},"end":{"line":7,"column":37}},{"start":{"line":7,"column":40},"end":{"line":10,"column":6}}]},"1":{"loc":{"start":{"line":15,"column":9},"end":{"line":18,"column":6}},"type":"cond-expr","locations":[{"start":{"line":15,"column":13},"end":{"line":15,"column":32}},{"start":{"line":15,"column":35},"end":{"line":18,"column":6}}]},"2":{"loc":{"start":{"line":40,"column":43},"end":{"line":40,"column":91}},"type":"if","locations":[{"start":{"line":40,"column":43},"end":{"line":40,"column":91}},{"start":{},"end":{}}]},"3":{"loc":{"start":{"line":52,"column":43},"end":{"line":52,"column":91}},"type":"if","locations":[{"start":{"line":52,"column":43},"end":{"line":52,"column":91}},{"start":{},"end":{}}]},"4":{"loc":{"start":{"line":66,"column":43},"end":{"line":66,"column":109}},"type":"if","locations":[{"start":{"line":66,"column":43},"end":{"line":66,"column":109}},{"start":{},"end":{}}]}},"s":{"0":3,"1":3,"2":3,"3":3,"4":3,"5":3,"6":3,"7":3,"8":2,"9":2,"10":2,"11":2,"12":11,"13":11,"14":7,"15":11,"16":3,"17":3,"18":2,"19":2,"20":2,"21":1,"22":2,"23":2,"24":1},"f":{"0":3,"1":3,"2":2,"3":2,"4":11,"5":7,"6":3,"7":2,"8":2},"b":{"0":[0,3],"1":[0,2],"2":[2,1],"3":[1,1],"4":[1,1]}}
}
