TN:
SF:src\ribbon\RibbonApp.tsx
FN:11,RibbonApp
FN:21,(anonymous_1)
FN:21,(anonymous_2)
FNF:3
FNH:3
FNDA:6,RibbonApp
FNDA:1,(anonymous_1)
FNDA:1,(anonymous_2)
DA:1,1
DA:2,1
DA:3,1
DA:4,1
DA:5,1
DA:6,1
DA:7,1
DA:8,1
DA:9,1
DA:11,1
DA:12,6
DA:14,6
DA:21,1
LF:13
LH:13
BRDA:23,0,0,6
BRDA:23,0,1,5
BRDA:25,1,0,5
BRDA:25,1,1,4
BRDA:26,2,0,5
BRDA:26,2,1,1
BRDA:27,3,0,5
BRDA:27,3,1,0
BRDA:28,4,0,5
BRDA:28,4,1,0
BRDA:29,5,0,5
BRDA:29,5,1,0
BRDA:30,6,0,5
BRDA:30,6,1,0
BRDA:31,7,0,5
BRDA:31,7,1,0
BRF:16
BRH:11
end_of_record
TN:
SF:src\ribbon\TabBar.tsx
FN:11,TabBar
FN:20,(anonymous_1)
FN:24,(anonymous_2)
FNF:3
FNH:3
FNDA:13,TabBar
FNDA:91,(anonymous_1)
FNDA:2,(anonymous_2)
DA:1,1
DA:11,1
DA:18,13
DA:21,91
DA:24,2
LF:5
LH:5
BRDA:23,0,0,13
BRDA:23,0,1,78
BRDA:31,1,0,11
BRDA:31,1,1,2
BRDA:31,2,0,2
BRDA:31,2,1,11
BRF:6
BRH:6
end_of_record
TN:
SF:src\ribbon\tabs.ts
FNF:0
FNH:0
DA:1,1
LF:1
LH:1
BRF:0
BRH:0
end_of_record
TN:
SF:src\ribbon\useRibbonState.ts
FN:4,useRibbonState
FNF:1
FNH:1
FNDA:15,useRibbonState
DA:1,1
DA:4,1
DA:5,15
DA:6,15
DA:7,15
DA:8,15
LF:6
LH:6
BRF:0
BRH:0
end_of_record
TN:
SF:src\shared\toggleInline.ts
FN:1,toggleInline
FNF:1
FNH:1
FNDA:53,toggleInline
DA:1,5
DA:2,53
DA:3,53
DA:4,53
DA:10,41
DA:17,41
DA:18,12
DA:20,29
DA:23,12
DA:24,12
DA:25,12
LF:11
LH:11
BRDA:2,0,0,53
BRDA:2,0,1,45
BRDA:4,1,0,41
BRDA:4,1,1,12
BRDA:10,2,0,41
BRDA:10,2,1,16
BRDA:10,2,2,16
BRDA:10,2,3,16
BRDA:13,3,0,14
BRDA:13,3,1,2
BRDA:14,4,0,14
BRDA:14,4,1,10
BRDA:17,5,0,12
BRDA:17,5,1,29
BRF:14
BRH:14
end_of_record
TN:
SF:src\shared\toggleLinePrefix.ts
FN:1,toggleLinePrefix
FNF:1
FNH:1
FNDA:57,toggleLinePrefix
DA:1,5
DA:2,57
DA:3,57
DA:6,57
DA:7,57
DA:10,57
DA:11,9
DA:12,24
DA:13,6
DA:14,6
DA:19,57
DA:20,23
DA:21,23
DA:22,57
DA:23,9
DA:24,9
DA:25,9
DA:30,57
DA:31,24
DA:33,33
DA:37,33
LF:21
LH:21
BRDA:10,0,0,9
BRDA:10,0,1,48
BRDA:10,1,0,57
BRDA:10,1,1,15
BRDA:12,2,0,6
BRDA:12,2,1,18
BRDA:19,3,0,23
BRDA:19,3,1,34
BRDA:19,4,0,57
BRDA:19,4,1,42
BRDA:22,5,0,9
BRDA:22,5,1,48
BRDA:30,6,0,24
BRDA:30,6,1,33
BRF:14
BRH:14
end_of_record
TN:
SF:src\shared\toggleSubSup.ts
FN:1,toggleSubSup
FN:14,(anonymous_1)
FNF:2
FNH:2
FNDA:22,toggleSubSup
FNDA:44,(anonymous_1)
DA:1,3
DA:2,22
DA:3,22
DA:4,22
DA:5,22
DA:6,22
DA:8,22
DA:9,22
DA:10,22
DA:14,22
DA:15,44
DA:16,44
DA:17,44
DA:18,44
DA:19,46
DA:20,46
DA:21,14
DA:22,14
DA:23,14
DA:24,9
DA:26,5
DA:28,35
DA:31,22
DA:32,22
DA:34,22
DA:36,4
DA:37,4
DA:41,18
DA:43,5
DA:44,5
DA:54,13
DA:55,13
DA:56,4
DA:58,9
DA:59,9
LF:35
LH:35
BRDA:4,0,0,11
BRDA:4,0,1,11
BRDA:20,1,0,32
BRDA:20,1,1,14
BRDA:22,2,0,0
BRDA:22,2,1,14
BRDA:23,3,0,9
BRDA:23,3,1,5
BRDA:23,4,0,14
BRDA:23,4,1,11
BRDA:34,5,0,4
BRDA:34,5,1,18
BRDA:41,6,0,5
BRDA:41,6,1,13
BRDA:55,7,0,4
BRDA:55,7,1,9
BRF:16
BRH:15
end_of_record
TN:
SF:src\shared\components\Dropdown.tsx
FN:12,Dropdown
FN:16,(anonymous_1)
FN:27,(anonymous_2)
FN:28,(anonymous_3)
FN:33,(anonymous_4)
FN:34,(anonymous_5)
FN:66,(anonymous_6)
FN:78,DropdownRow
FN:96,(anonymous_8)
FN:97,(anonymous_9)
FN:98,(anonymous_10)
FN:99,(anonymous_11)
FN:116,parseCssString
FN:118,(anonymous_13)
FN:120,(anonymous_14)
FNF:15
FNH:12
FNDA:62,Dropdown
FNDA:31,(anonymous_1)
FNDA:31,(anonymous_2)
FNDA:1,(anonymous_3)
FNDA:1,(anonymous_4)
FNDA:31,(anonymous_5)
FNDA:626,(anonymous_6)
FNDA:618,DropdownRow
FNDA:0,(anonymous_8)
FNDA:0,(anonymous_9)
FNDA:0,(anonymous_10)
FNDA:21,(anonymous_11)
FNDA:276,parseCssString
FNDA:698,(anonymous_13)
FNDA:432,(anonymous_14)
DA:1,7
DA:2,7
DA:12,7
DA:13,62
DA:14,62
DA:16,62
DA:17,31
DA:18,31
DA:19,31
DA:20,31
DA:21,31
DA:22,31
DA:23,31
DA:24,31
DA:27,62
DA:28,31
DA:29,1
DA:30,0
DA:33,31
DA:34,31
DA:35,31
DA:36,31
DA:40,62
DA:41,62
DA:42,62
DA:43,62
DA:45,62
DA:67,626
DA:81,618
DA:82,618
DA:96,0
DA:97,0
DA:98,0
DA:100,21
DA:101,20
DA:102,20
DA:103,20
DA:117,276
DA:118,276
DA:119,698
DA:120,698
DA:122,276
LF:42
LH:38
BRDA:17,0,0,0
BRDA:17,0,1,31
BRDA:21,1,0,5
BRDA:21,1,1,26
BRDA:22,2,0,0
BRDA:22,2,1,31
BRDA:23,3,0,0
BRDA:23,3,1,31
BRDA:29,4,0,0
BRDA:29,4,1,1
BRDA:29,5,0,1
BRDA:29,5,1,1
BRDA:40,6,0,62
BRDA:40,6,1,54
BRDA:41,7,0,62
BRDA:41,7,1,54
BRDA:42,8,0,62
BRDA:42,8,1,54
BRDA:63,9,0,10
BRDA:63,9,1,52
BRDA:67,10,0,8
BRDA:67,10,1,618
BRDA:87,11,0,10
BRDA:87,11,1,608
BRDA:88,12,0,10
BRDA:88,12,1,608
BRDA:89,13,0,0
BRDA:89,13,1,618
BRDA:89,14,0,618
BRDA:89,14,1,0
BRDA:94,15,0,276
BRDA:94,15,1,342
BRDA:100,16,0,1
BRDA:100,16,1,20
BRDA:107,17,0,618
BRDA:107,17,1,76
BRDA:120,18,0,698
BRDA:120,18,1,0
BRDA:120,19,0,698
BRDA:120,19,1,698
BRF:40
BRH:33
end_of_record
TN:
SF:src\shared\components\GroupShell.tsx
FN:10,GroupShell
FNF:1
FNH:1
FNDA:333,GroupShell
DA:10,16
DA:11,333
LF:2
LH:2
BRF:0
BRH:0
end_of_record
TN:
SF:src\shared\components\RibbonButton.tsx
FN:16,RibbonButton
FN:21,(anonymous_1)
FNF:2
FNH:2
FNDA:3040,RibbonButton
FNDA:1,(anonymous_1)
DA:16,17
DA:21,3040
DA:22,1
DA:23,1
DA:24,1
DA:27,3040
LF:6
LH:6
BRDA:18,0,0,2762
BRDA:29,1,0,19
BRDA:29,1,1,3021
BRDA:29,2,0,1
BRDA:29,2,1,3039
BRDA:34,3,0,2988
BRDA:34,3,1,52
BRDA:37,4,0,3040
BRDA:37,4,1,3040
BRF:9
BRH:9
end_of_record
TN:
SF:src\shared\context\AppContext.ts
FN:5,(anonymous_0)
FNF:1
FNH:1
FNDA:339,(anonymous_0)
DA:1,16
DA:4,16
DA:5,339
LF:3
LH:3
BRF:0
BRH:0
end_of_record
TN:
SF:src\shared\context\FormatPainterContext.ts
FN:12,(anonymous_0)
FNF:1
FNH:1
FNDA:46,(anonymous_0)
DA:1,15
DA:11,15
DA:12,46
LF:3
LH:3
BRF:0
BRH:0
end_of_record
TN:
SF:src\shared\hooks\useEditorState.ts
FN:27,useEditorState
FN:30,(anonymous_1)
FN:31,(anonymous_2)
FN:42,(anonymous_3)
FN:71,(anonymous_4)
FN:76,(anonymous_5)
FN:77,(anonymous_6)
FN:83,(anonymous_7)
FNF:8
FNH:6
FNDA:215,useEditorState
FNDA:110,(anonymous_1)
FNDA:106,(anonymous_2)
FNDA:210,(anonymous_3)
FNDA:2,(anonymous_4)
FNDA:0,(anonymous_5)
FNDA:0,(anonymous_6)
FNDA:110,(anonymous_7)
DA:1,2
DA:19,2
DA:27,2
DA:28,215
DA:30,215
DA:31,110
DA:32,106
DA:33,106
DA:35,105
DA:36,105
DA:37,105
DA:38,105
DA:40,105
DA:42,105
DA:43,210
DA:44,210
DA:45,211
DA:46,211
DA:47,17
DA:48,17
DA:49,17
DA:50,10
DA:52,203
DA:55,105
DA:71,110
DA:72,110
DA:73,110
DA:74,110
DA:76,110
DA:77,110
DA:78,110
DA:79,110
DA:81,110
DA:83,110
DA:84,110
DA:85,110
DA:86,110
DA:87,110
DA:91,215
LF:39
LH:39
BRDA:33,0,0,1
BRDA:33,0,1,105
BRDA:46,1,0,194
BRDA:46,1,1,17
BRDA:48,2,0,0
BRDA:48,2,1,17
BRDA:49,3,0,7
BRDA:49,3,1,10
BRDA:49,4,0,17
BRDA:49,4,1,10
BRDA:57,5,0,105
BRDA:57,5,1,91
BRDA:65,6,0,11
BRDA:65,6,1,94
BRDA:66,7,0,105
BRDA:66,7,1,105
BRDA:67,8,0,105
BRDA:67,8,1,105
BRDA:72,9,0,110
BRDA:72,9,1,110
BRF:20
BRH:19
end_of_record
TN:
SF:src\shared\hooks\useFormatPainter.ts
FN:10,useFormatPainter
FN:14,(anonymous_1)
FN:15,(anonymous_2)
FNF:3
FNH:3
FNDA:10,useFormatPainter
FNDA:2,(anonymous_1)
FNDA:1,(anonymous_2)
DA:1,2
DA:10,2
DA:11,10
DA:12,10
DA:14,10
DA:15,10
DA:17,10
LF:7
LH:7
BRF:0
BRH:0
end_of_record
TN:
SF:src\tabs\home\HomeTabPanel.tsx
FN:15,HomeTabPanel
FN:21,(anonymous_1)
FN:29,(anonymous_2)
FN:30,(anonymous_3)
FN:33,(anonymous_4)
FN:43,(anonymous_5)
FNF:6
FNH:4
FNDA:4,HomeTabPanel
FNDA:4,(anonymous_1)
FNDA:4,(anonymous_2)
FNDA:0,(anonymous_3)
FNDA:0,(anonymous_4)
FNDA:4,(anonymous_5)
DA:1,1
DA:2,1
DA:3,1
DA:4,1
DA:5,1
DA:6,1
DA:7,1
DA:8,1
DA:9,1
DA:10,1
DA:11,1
DA:12,1
DA:13,1
DA:15,1
DA:16,4
DA:17,4
DA:18,4
DA:19,4
DA:21,4
DA:22,4
DA:23,4
DA:24,0
DA:25,0
DA:29,4
DA:30,4
DA:31,0
DA:32,0
DA:33,0
DA:34,0
DA:35,0
DA:36,0
DA:37,0
DA:38,0
DA:41,4
DA:42,4
DA:43,4
DA:46,4
LF:37
LH:27
BRDA:23,0,0,0
BRDA:23,0,1,4
BRDA:23,1,0,4
BRDA:23,1,1,0
BRDA:31,2,0,0
BRDA:31,2,1,0
BRDA:32,3,0,0
BRDA:32,3,1,0
BRDA:37,4,0,0
BRDA:37,4,1,0
BRDA:37,5,0,0
BRDA:37,5,1,0
BRDA:37,5,2,0
BRDA:41,6,0,4
BRDA:41,6,1,4
BRF:15
BRH:4
end_of_record
TN:
SF:src\tabs\home\basic-text\BasicTextGroup.tsx
FN:17,BasicTextGroup
FN:19,(anonymous_1)
FN:20,(anonymous_2)
FN:31,(anonymous_3)
FN:82,(anonymous_4)
FN:90,(anonymous_5)
FN:97,(anonymous_6)
FN:106,(anonymous_7)
FN:114,(anonymous_8)
FN:119,(anonymous_9)
FN:124,(anonymous_10)
FN:137,(anonymous_11)
FN:147,(anonymous_12)
FN:157,(anonymous_13)
FN:166,(anonymous_14)
FN:175,(anonymous_15)
FN:184,(anonymous_16)
FN:204,(anonymous_17)
FN:213,(anonymous_18)
FN:231,(anonymous_19)
FN:237,(anonymous_20)
FN:245,(anonymous_21)
FN:248,(anonymous_22)
FN:262,(anonymous_23)
FN:268,(anonymous_24)
FN:270,(anonymous_25)
FN:284,(anonymous_26)
FN:290,(anonymous_27)
FN:293,(anonymous_28)
FN:301,(anonymous_29)
FN:311,(anonymous_30)
FN:316,(anonymous_31)
FN:321,(anonymous_32)
FN:326,(anonymous_33)
FN:329,(anonymous_34)
FN:336,applyAlign
FNF:36
FNH:36
FNDA:142,BasicTextGroup
FNDA:93,(anonymous_1)
FNDA:4,(anonymous_2)
FNDA:19,(anonymous_3)
FNDA:5,(anonymous_4)
FNDA:3,(anonymous_5)
FNDA:9,(anonymous_6)
FNDA:7,(anonymous_7)
FNDA:2,(anonymous_8)
FNDA:2,(anonymous_9)
FNDA:13,(anonymous_10)
FNDA:10,(anonymous_11)
FNDA:6,(anonymous_12)
FNDA:5,(anonymous_13)
FNDA:5,(anonymous_14)
FNDA:6,(anonymous_15)
FNDA:7,(anonymous_16)
FNDA:5,(anonymous_17)
FNDA:3,(anonymous_18)
FNDA:7,(anonymous_19)
FNDA:6,(anonymous_20)
FNDA:60,(anonymous_21)
FNDA:3,(anonymous_22)
FNDA:3,(anonymous_23)
FNDA:48,(anonymous_24)
FNDA:2,(anonymous_25)
FNDA:2,(anonymous_26)
FNDA:30,(anonymous_27)
FNDA:2,(anonymous_28)
FNDA:2,(anonymous_29)
FNDA:3,(anonymous_30)
FNDA:1,(anonymous_31)
FNDA:1,(anonymous_32)
FNDA:1,(anonymous_33)
FNDA:6,(anonymous_34)
FNDA:6,applyAlign
DA:1,2
DA:2,2
DA:3,2
DA:4,2
DA:6,2
DA:7,2
DA:8,2
DA:9,2
DA:10,2
DA:11,2
DA:17,2
DA:18,142
DA:19,142
DA:20,142
DA:22,142
DA:23,142
DA:24,142
DA:25,142
DA:26,142
DA:27,142
DA:28,142
DA:29,142
DA:31,142
DA:32,19
DA:33,19
DA:34,17
DA:37,142
DA:51,142
DA:52,142
DA:65,142
DA:82,5
DA:90,3
DA:98,9
DA:99,9
DA:107,7
DA:108,7
DA:114,2
DA:119,2
DA:124,13
DA:138,10
DA:139,10
DA:148,6
DA:149,6
DA:158,5
DA:159,5
DA:167,5
DA:168,5
DA:176,6
DA:177,6
DA:185,7
DA:186,7
DA:205,5
DA:206,5
DA:213,3
DA:231,7
DA:237,6
DA:245,60
DA:249,3
DA:250,3
DA:251,3
DA:252,3
DA:253,1
DA:257,2
DA:258,2
DA:262,3
DA:268,48
DA:271,2
DA:272,2
DA:273,2
DA:274,2
DA:275,1
DA:279,1
DA:280,1
DA:284,2
DA:290,30
DA:294,2
DA:295,2
DA:296,1
DA:301,2
DA:311,3
DA:316,1
DA:321,1
DA:326,1
DA:329,6
DA:337,6
DA:338,0
DA:339,0
DA:341,6
DA:342,6
DA:343,4
DA:347,2
DA:348,2
DA:349,2
LF:93
LH:91
BRDA:31,0,0,0
BRDA:33,1,0,2
BRDA:33,1,1,17
BRDA:79,2,0,142
BRDA:79,2,1,141
BRDA:87,3,0,142
BRDA:87,3,1,141
BRDA:99,4,0,8
BRDA:99,4,1,1
BRDA:108,5,0,6
BRDA:108,5,1,1
BRDA:139,6,0,9
BRDA:139,6,1,1
BRDA:149,7,0,5
BRDA:149,7,1,1
BRDA:159,8,0,4
BRDA:159,8,1,1
BRDA:168,9,0,4
BRDA:168,9,1,1
BRDA:177,10,0,5
BRDA:177,10,1,1
BRDA:186,11,0,6
BRDA:186,11,1,1
BRDA:206,12,0,4
BRDA:206,12,1,1
BRDA:242,13,0,142
BRDA:242,13,1,5
BRDA:250,14,0,0
BRDA:250,14,1,3
BRDA:252,15,0,1
BRDA:252,15,1,2
BRDA:265,16,0,142
BRDA:265,16,1,3
BRDA:272,17,0,0
BRDA:272,17,1,2
BRDA:274,18,0,1
BRDA:274,18,1,1
BRDA:287,19,0,142
BRDA:287,19,1,3
BRDA:292,20,0,3
BRDA:292,20,1,27
BRDA:295,21,0,1
BRDA:295,21,1,1
BRDA:304,22,0,142
BRDA:304,22,1,7
BRDA:337,23,0,0
BRDA:337,23,1,6
BRDA:342,24,0,4
BRDA:342,24,1,2
BRF:49
BRH:45
end_of_record
TN:
SF:src\tabs\home\basic-text\clearFormatting.ts
FN:6,stripFormatting
FN:20,clearFormatting
FNF:2
FNH:2
FNDA:35,stripFormatting
FNDA:21,clearFormatting
DA:6,3
DA:7,35
DA:15,35
DA:16,35
DA:20,3
DA:21,21
DA:22,21
DA:25,21
DA:26,21
DA:27,18
LF:10
LH:10
BRDA:15,0,0,25
BRDA:15,0,1,10
BRDA:22,1,0,3
BRDA:22,1,1,18
BRDA:26,2,0,3
BRDA:26,2,1,18
BRF:6
BRH:6
end_of_record
TN:
SF:src\tabs\home\clipboard\ClipboardGroup.tsx
FN:10,ClipboardGroup
FN:16,(anonymous_1)
FN:18,(anonymous_2)
FN:18,(anonymous_3)
FN:19,(anonymous_4)
FN:21,(anonymous_5)
FN:23,(anonymous_6)
FN:28,(anonymous_7)
FN:57,(anonymous_8)
FN:57,(anonymous_9)
FN:61,(anonymous_10)
FN:76,(anonymous_11)
FN:99,(anonymous_12)
FN:106,FormatPainterIcon
FNF:14
FNH:13
FNDA:46,ClipboardGroup
FNDA:27,(anonymous_1)
FNDA:3,(anonymous_2)
FNDA:3,(anonymous_3)
FNDA:3,(anonymous_4)
FNDA:1,(anonymous_5)
FNDA:3,(anonymous_6)
FNDA:14,(anonymous_7)
FNDA:3,(anonymous_8)
FNDA:3,(anonymous_9)
FNDA:0,(anonymous_10)
FNDA:5,(anonymous_11)
FNDA:3,(anonymous_12)
FNDA:46,FormatPainterIcon
DA:1,2
DA:2,2
DA:3,2
DA:4,2
DA:5,2
DA:6,2
DA:7,2
DA:8,2
DA:10,2
DA:11,46
DA:12,46
DA:13,46
DA:14,46
DA:16,46
DA:18,46
DA:19,46
DA:20,3
DA:21,3
DA:23,46
DA:24,3
DA:25,3
DA:28,46
DA:29,14
DA:30,14
DA:31,13
DA:32,6
DA:33,6
DA:34,5
DA:35,5
DA:36,1
DA:37,1
DA:39,6
DA:41,7
DA:42,7
DA:43,7
DA:44,7
DA:50,7
DA:53,46
DA:57,3
DA:58,3
DA:64,46
DA:76,5
DA:99,3
DA:107,46
LF:44
LH:44
BRDA:21,0,0,1
BRDA:21,0,1,2
BRDA:25,1,0,1
BRDA:25,1,1,2
BRDA:30,2,0,1
BRDA:30,2,1,13
BRDA:31,3,0,6
BRDA:31,3,1,7
BRDA:33,4,0,5
BRDA:33,4,1,1
BRDA:33,5,0,6
BRDA:33,5,1,6
BRDA:36,6,0,1
BRDA:36,6,1,0
BRDA:36,7,0,1
BRDA:36,7,1,1
BRDA:43,8,0,7
BRDA:43,8,1,7
BRDA:45,9,0,7
BRDA:45,9,1,6
BRDA:95,10,0,46
BRDA:95,10,1,5
BRF:22
BRH:21
end_of_record
TN:
SF:src\tabs\home\clipboard\format-painter\applyFormatPainter.ts
FN:4,applyFormatPainter
FNF:1
FNH:1
FNDA:14,applyFormatPainter
DA:4,3
DA:5,14
DA:6,14
DA:7,14
DA:8,14
DA:9,14
DA:10,14
DA:11,5
DA:12,5
DA:13,5
DA:14,3
LF:11
LH:11
BRDA:6,0,0,3
BRDA:6,0,1,11
BRDA:7,1,0,4
BRDA:7,1,1,10
BRDA:8,2,0,7
BRDA:8,2,1,7
BRDA:10,3,0,5
BRDA:10,3,1,9
BRDA:13,4,0,3
BRDA:13,4,1,2
BRF:10
BRH:10
end_of_record
TN:
SF:src\tabs\home\email\EmailGroup.tsx
FN:6,EmailGroup
FN:8,(anonymous_1)
FN:10,(anonymous_2)
FN:13,(anonymous_3)
FN:16,(anonymous_4)
FNF:5
FNH:5
FNDA:10,EmailGroup
FNDA:6,(anonymous_1)
FNDA:3,(anonymous_2)
FNDA:3,(anonymous_3)
FNDA:3,(anonymous_4)
DA:1,2
DA:2,2
DA:3,2
DA:4,2
DA:6,2
DA:7,10
DA:8,10
DA:10,10
DA:11,3
DA:12,3
DA:13,3
DA:16,10
DA:17,3
DA:18,2
DA:19,2
DA:20,2
DA:23,10
LF:17
LH:17
BRDA:11,0,0,3
BRDA:11,0,1,1
BRDA:17,1,0,1
BRDA:17,1,1,2
BRF:4
BRH:4
end_of_record
TN:
SF:src\tabs\home\navigate\NavigateGroup.tsx
FN:5,NavigateGroup
FN:7,(anonymous_1)
FN:11,(anonymous_2)
FN:12,(anonymous_3)
FN:13,(anonymous_4)
FNF:5
FNH:5
FNDA:8,NavigateGroup
FNDA:4,(anonymous_1)
FNDA:2,(anonymous_2)
FNDA:1,(anonymous_3)
FNDA:1,(anonymous_4)
DA:1,2
DA:2,2
DA:3,2
DA:5,2
DA:6,8
DA:7,8
DA:9,8
DA:11,2
DA:12,1
DA:13,1
LF:10
LH:10
BRF:0
BRH:0
end_of_record
TN:
SF:src\tabs\home\styles\StylesGroup.tsx
FN:16,StylesGroup
FN:18,(anonymous_1)
FN:22,(anonymous_2)
FN:36,(anonymous_3)
FN:44,(anonymous_4)
FN:46,(anonymous_5)
FN:48,(anonymous_6)
FN:51,(anonymous_7)
FN:70,(anonymous_8)
FN:77,(anonymous_9)
FN:78,(anonymous_10)
FN:89,(anonymous_11)
FN:94,(anonymous_12)
FN:99,(anonymous_13)
FN:107,(anonymous_14)
FN:114,parseCssString
FN:116,(anonymous_16)
FN:118,(anonymous_17)
FNF:18
FNH:16
FNDA:31,StylesGroup
FNDA:8,(anonymous_1)
FNDA:7,(anonymous_2)
FNDA:62,(anonymous_3)
FNDA:341,(anonymous_4)
FNDA:1,(anonymous_5)
FNDA:0,(anonymous_6)
FNDA:1,(anonymous_7)
FNDA:62,(anonymous_8)
FNDA:0,(anonymous_9)
FNDA:6,(anonymous_10)
FNDA:2,(anonymous_11)
FNDA:4,(anonymous_12)
FNDA:2,(anonymous_13)
FNDA:2,(anonymous_14)
FNDA:62,parseCssString
FNDA:215,(anonymous_16)
FNDA:145,(anonymous_17)
DA:1,2
DA:2,2
DA:3,2
DA:4,2
DA:6,2
DA:7,2
DA:16,2
DA:17,31
DA:18,31
DA:19,31
DA:20,31
DA:22,31
DA:23,7
DA:24,6
DA:25,6
DA:26,6
DA:27,6
DA:28,6
DA:29,5
DA:30,4
DA:32,1
DA:36,31
DA:37,62
DA:38,62
DA:39,62
DA:43,31
DA:44,341
DA:46,1
DA:52,1
DA:53,1
DA:54,1
DA:55,1
DA:60,1
DA:61,1
DA:66,31
DA:71,62
DA:72,62
DA:77,0
DA:78,6
DA:89,2
DA:94,4
DA:99,2
DA:107,2
DA:115,62
DA:116,62
DA:117,215
DA:118,215
DA:120,62
LF:48
LH:47
BRDA:23,0,0,1
BRDA:23,0,1,6
BRDA:24,1,0,0
BRDA:24,1,1,6
BRDA:28,2,0,5
BRDA:28,2,1,1
BRDA:29,3,0,1
BRDA:29,3,1,4
BRDA:37,4,0,0
BRDA:37,4,1,62
BRDA:39,5,0,62
BRDA:39,5,1,6
BRDA:39,5,2,60
BRDA:39,5,3,56
BRDA:52,6,0,0
BRDA:52,6,1,1
BRDA:54,7,0,0
BRDA:54,7,1,1
BRDA:60,8,0,0
BRDA:60,8,1,1
BRDA:72,9,0,62
BRDA:72,9,1,0
BRDA:74,10,0,6
BRDA:74,10,1,56
BRDA:104,11,0,31
BRDA:104,11,1,4
BRDA:118,12,0,215
BRDA:118,12,1,0
BRDA:118,13,0,215
BRDA:118,13,1,215
BRF:30
BRH:23
end_of_record
TN:
SF:src\tabs\home\styles\styles-data.ts
FNF:0
FNH:0
DA:8,2
LF:1
LH:1
BRF:0
BRH:0
end_of_record
TN:
SF:src\tabs\home\tags\TagsGroup.tsx
FN:13,TagsGroup
FN:15,(anonymous_1)
FN:21,(anonymous_2)
FN:28,(anonymous_3)
FN:30,(anonymous_4)
FN:37,(anonymous_5)
FN:42,(anonymous_6)
FN:43,(anonymous_7)
FN:67,(anonymous_8)
FN:73,(anonymous_9)
FN:76,(anonymous_10)
FN:78,(anonymous_11)
FN:87,(anonymous_12)
FNF:13
FNH:11
FNDA:22,TagsGroup
FNDA:78,(anonymous_1)
FNDA:66,(anonymous_2)
FNDA:616,(anonymous_3)
FNDA:1,(anonymous_4)
FNDA:66,(anonymous_5)
FNDA:0,(anonymous_6)
FNDA:8,(anonymous_7)
FNDA:2,(anonymous_8)
FNDA:3,(anonymous_9)
FNDA:1,(anonymous_10)
FNDA:0,(anonymous_11)
FNDA:1,(anonymous_12)
DA:1,2
DA:2,2
DA:3,2
DA:4,2
DA:6,2
DA:7,2
DA:8,2
DA:9,2
DA:13,2
DA:14,22
DA:15,78
DA:16,22
DA:17,22
DA:19,22
DA:21,22
DA:22,66
DA:23,51
DA:24,51
DA:25,51
DA:28,616
DA:30,1
DA:33,22
DA:38,66
DA:39,66
DA:42,0
DA:43,8
DA:67,2
DA:73,3
DA:77,1
DA:78,1
DA:79,0
DA:80,0
DA:87,1
LF:33
LH:30
BRDA:22,0,0,15
BRDA:22,0,1,51
BRDA:25,1,0,51
BRDA:25,1,1,51
BRDA:30,2,0,1
BRDA:30,2,1,0
BRDA:43,3,0,7
BRDA:43,3,1,1
BRDA:48,4,0,4
BRDA:48,4,1,62
BRDA:51,5,0,66
BRDA:51,5,1,4
BRDA:73,6,0,2
BRDA:73,6,1,1
BRDA:80,7,0,0
BRDA:80,7,1,0
BRDA:86,8,0,22
BRDA:86,8,1,2
BRF:18
BRH:15
end_of_record
TN:
SF:src\tabs\home\tags\tags-data.ts
FN:183,tagNotation
FNF:1
FNH:1
FNDA:75,tagNotation
DA:8,3
DA:179,3
DA:180,84
DA:183,3
DA:184,75
DA:214,75
LF:6
LH:6
BRDA:214,0,0,75
BRDA:214,0,1,1
BRF:2
BRH:2
end_of_record
TN:
SF:src\tabs\home\tags\tag-apply\applyTag.ts
FN:6,applyTag
FNF:1
FNH:1
FNDA:24,applyTag
DA:1,3
DA:2,3
DA:3,3
DA:6,3
DA:7,24
DA:8,24
DA:10,23
DA:11,4
DA:12,4
DA:15,19
DA:16,19
DA:17,19
DA:19,19
DA:21,4
DA:22,4
DA:24,2
DA:29,2
DA:30,2
DA:31,2
DA:32,2
DA:33,2
DA:37,2
DA:39,15
DA:44,11
DA:46,4
LF:25
LH:25
BRDA:8,0,0,1
BRDA:8,0,1,23
BRDA:10,1,0,4
BRDA:10,1,1,19
BRDA:19,2,0,4
BRDA:19,2,1,15
BRDA:22,3,0,2
BRDA:22,3,1,2
BRDA:30,4,0,2
BRDA:30,4,1,0
BRDA:32,5,0,2
BRDA:32,5,1,0
BRDA:32,6,0,2
BRDA:32,6,1,2
BRDA:39,7,0,11
BRDA:39,7,1,4
BRDA:40,8,0,15
BRDA:40,8,1,7
BRDA:40,8,2,5
BRF:19
BRH:17
end_of_record
TN:
SF:src\tabs\insert\InsertTabPanel.tsx
FN:11,InsertTabPanel
FNF:1
FNH:1
FNDA:3,InsertTabPanel
DA:1,2
DA:2,2
DA:3,2
DA:4,2
DA:5,2
DA:6,2
DA:7,2
DA:8,2
DA:9,2
DA:11,2
DA:12,3
LF:11
LH:11
BRF:0
BRH:0
end_of_record
TN:
SF:src\tabs\insert\blank-line\BlankLineButton.tsx
FN:4,BlankLineButton
FN:7,(anonymous_1)
FNF:2
FNH:2
FNDA:7,BlankLineButton
FNDA:4,(anonymous_1)
DA:1,3
DA:2,3
DA:4,3
DA:5,7
DA:7,7
DA:8,4
DA:9,4
DA:10,3
DA:11,3
DA:14,7
LF:10
LH:10
BRDA:9,0,0,1
BRDA:9,0,1,3
BRF:2
BRH:2
end_of_record
TN:
SF:src\tabs\insert\blocks\BlocksGroup.tsx
FN:10,BlocksGroup
FN:12,(anonymous_1)
FN:16,(anonymous_2)
FN:18,(anonymous_3)
FN:40,(anonymous_4)
FN:55,(anonymous_5)
FN:68,(anonymous_6)
FN:79,(anonymous_7)
FNF:8
FNH:8
FNDA:13,BlocksGroup
FNDA:3,(anonymous_1)
FNDA:156,(anonymous_2)
FNDA:1,(anonymous_3)
FNDA:2,(anonymous_4)
FNDA:2,(anonymous_5)
FNDA:2,(anonymous_6)
FNDA:1,(anonymous_7)
DA:1,3
DA:2,3
DA:3,3
DA:4,3
DA:5,3
DA:6,3
DA:8,3
DA:10,3
DA:11,13
DA:12,13
DA:13,13
DA:14,13
DA:16,156
DA:19,1
DA:20,1
DA:21,1
DA:22,1
DA:26,13
DA:41,2
DA:42,2
DA:55,2
DA:69,2
DA:70,2
DA:71,1
DA:72,1
DA:73,1
DA:79,1
LF:27
LH:27
BRDA:20,0,0,0
BRDA:20,0,1,1
BRDA:42,1,0,2
BRDA:42,1,1,0
BRDA:70,2,0,1
BRDA:70,2,1,1
BRDA:78,3,0,13
BRDA:78,3,1,2
BRF:8
BRH:6
end_of_record
TN:
SF:src\tabs\insert\files\FilesGroup.tsx
FN:5,FilesGroup
FN:8,(anonymous_1)
FN:22,(anonymous_2)
FN:41,(anonymous_3)
FNF:4
FNH:4
FNDA:9,FilesGroup
FNDA:5,(anonymous_1)
FNDA:3,(anonymous_2)
FNDA:2,(anonymous_3)
DA:1,3
DA:2,3
DA:3,3
DA:5,3
DA:6,9
DA:8,9
DA:10,9
DA:23,3
DA:24,3
DA:25,2
DA:26,2
DA:27,2
DA:42,2
DA:43,2
DA:44,1
DA:45,1
DA:46,1
LF:17
LH:17
BRDA:24,0,0,1
BRDA:24,0,1,2
BRDA:43,1,0,1
BRDA:43,1,1,1
BRF:4
BRH:4
end_of_record
TN:
SF:src\tabs\insert\images\ImagesGroup.tsx
FN:5,ImagesGroup
FN:7,(anonymous_1)
FN:23,(anonymous_2)
FN:41,(anonymous_3)
FNF:4
FNH:4
FNDA:8,ImagesGroup
FNDA:4,(anonymous_1)
FNDA:2,(anonymous_2)
FNDA:2,(anonymous_3)
DA:1,3
DA:2,3
DA:3,3
DA:5,3
DA:6,8
DA:7,8
DA:9,8
DA:24,2
DA:25,2
DA:26,1
DA:27,1
DA:28,1
DA:42,2
DA:43,2
DA:44,1
DA:45,1
DA:46,1
LF:17
LH:17
BRDA:25,0,0,1
BRDA:25,0,1,1
BRDA:43,1,0,1
BRDA:43,1,1,1
BRF:4
BRH:4
end_of_record
TN:
SF:src\tabs\insert\links\LinksGroup.tsx
FN:5,LinksGroup
FN:7,(anonymous_1)
FN:22,(anonymous_2)
FN:48,(anonymous_3)
FNF:4
FNH:4
FNDA:9,LinksGroup
FNDA:5,(anonymous_1)
FNDA:3,(anonymous_2)
FNDA:2,(anonymous_3)
DA:1,3
DA:2,3
DA:3,3
DA:5,3
DA:6,9
DA:7,9
DA:9,9
DA:23,3
DA:24,3
DA:25,2
DA:26,2
DA:27,2
DA:28,1
DA:29,1
DA:30,1
DA:32,1
DA:33,1
DA:49,2
DA:50,2
DA:51,1
DA:52,1
DA:53,1
LF:22
LH:22
BRDA:24,0,0,1
BRDA:24,0,1,2
BRDA:27,1,0,1
BRDA:27,1,1,1
BRDA:50,2,0,1
BRDA:50,2,1,1
BRF:6
BRH:6
end_of_record
TN:
SF:src\tabs\insert\symbols\SymbolsGroup.tsx
FN:5,SymbolsGroup
FN:7,(anonymous_1)
FN:21,(anonymous_2)
FN:38,(anonymous_3)
FN:54,(anonymous_4)
FN:76,(anonymous_5)
FNF:6
FNH:6
FNDA:12,SymbolsGroup
FNDA:8,(anonymous_1)
FNDA:2,(anonymous_2)
FNDA:2,(anonymous_3)
FNDA:2,(anonymous_4)
FNDA:2,(anonymous_5)
DA:1,3
DA:2,3
DA:3,3
DA:5,3
DA:6,12
DA:7,12
DA:9,12
DA:22,2
DA:23,2
DA:24,1
DA:25,1
DA:26,1
DA:39,2
DA:40,2
DA:41,1
DA:55,2
DA:56,2
DA:57,1
DA:58,1
DA:59,1
DA:60,1
DA:61,1
DA:77,2
DA:78,2
DA:79,1
DA:80,1
DA:81,1
LF:27
LH:27
BRDA:23,0,0,1
BRDA:23,0,1,1
BRDA:40,1,0,1
BRDA:40,1,1,1
BRDA:56,2,0,1
BRDA:56,2,1,1
BRDA:78,3,0,1
BRDA:78,3,1,1
BRF:8
BRH:8
end_of_record
TN:
SF:src\tabs\insert\tables\TablesGroup.tsx
FN:5,TablesGroup
FN:21,(anonymous_1)
FNF:2
FNH:2
FNDA:7,TablesGroup
FNDA:3,(anonymous_1)
DA:1,3
DA:2,3
DA:3,3
DA:5,3
DA:6,7
DA:8,7
DA:22,3
DA:23,3
DA:24,2
DA:25,2
LF:10
LH:10
BRDA:23,0,0,1
BRDA:23,0,1,2
BRF:2
BRH:2
end_of_record
TN:
SF:src\tabs\insert\timestamp\TimestampGroup.tsx
FN:5,fmtDate
FN:7,(anonymous_1)
FN:13,fmtTime
FN:15,(anonymous_3)
FN:21,TimestampGroup
FN:23,(anonymous_5)
FN:40,(anonymous_6)
FN:52,(anonymous_7)
FN:66,(anonymous_8)
FNF:9
FNH:9
FNDA:3,fmtDate
FNDA:3,(anonymous_1)
FNDA:2,fmtTime
FNDA:2,(anonymous_3)
FNDA:11,TimestampGroup
FNDA:7,(anonymous_5)
FNDA:3,(anonymous_6)
FNDA:2,(anonymous_7)
FNDA:2,(anonymous_8)
DA:1,3
DA:2,3
DA:3,3
DA:6,3
DA:7,3
DA:8,3
DA:9,3
DA:14,2
DA:15,2
DA:16,2
DA:17,2
DA:21,3
DA:22,11
DA:23,11
DA:25,11
DA:40,3
DA:52,2
DA:66,2
LF:18
LH:18
BRDA:7,0,0,0
BRDA:7,0,1,3
BRDA:15,1,0,0
BRDA:15,1,1,2
BRDA:40,2,0,2
BRDA:40,2,1,1
BRDA:52,3,0,1
BRDA:52,3,1,1
BRDA:66,4,0,1
BRDA:66,4,1,1
BRF:10
BRH:8
end_of_record
